
SQL*Loader: Release 11.2.0.1.0 - Production on Wed May 14 17:05:50 2014

Copyright (c) 1982, 2009, Oracle and/or its affiliates.  All rights reserved.

Control File:   load_kontaktne_udaje.ctl
Data File:      kontaktne_udaje.unl
  Bad File:     kontaktne_udaje.bad
  Discard File:  none specified
 
 (Allow all discards)

Number to load: ALL
Number to skip: 0
Errors allowed: 50
Bind array:     64 rows, maximum of 256000 bytes
Continuation:    none specified
Path used:      Conventional

Table KONTAKTNE_UDAJE, loaded from every logical record.
Insert option in effect for this table: INSERT

   Column Name                  Position   Len  Term Encl Datatype
------------------------------ ---------- ----- ---- ---- ---------------------
ROD_CISLO                           FIRST     *   |       CHARACTER            
TEL_C                                NEXT     *   |       CHARACTER            
EMAIL                                NEXT     *   |       CHARACTER            

Record 2: Rejected - Error on table KONTAKTNE_UDAJE, column EMAIL.
ORA-12899: value too large for column "KEREKES1"."KONTAKTNE_UDAJE"."EMAIL" (actual: 31, maximum: 30)


Table KONTAKTNE_UDAJE:
  39 Rows successfully loaded.
  1 Row not loaded due to data errors.
  0 Rows not loaded because all WHEN clauses were failed.
  0 Rows not loaded because all fields were null.


Space allocated for bind array:                  49536 bytes(64 rows)
Read   buffer bytes: 1048576

Total logical records skipped:          0
Total logical records read:            40
Total logical records rejected:         1
Total logical records discarded:        0

Run began on Wed May 14 17:05:50 2014
Run ended on Wed May 14 17:05:54 2014

Elapsed time was:     00:00:04.16
CPU time was:         00:00:00.01
