
SQL*Loader: Release 11.2.0.1.0 - Production on Wed May 14 16:47:06 2014

Copyright (c) 1982, 2009, Oracle and/or its affiliates.  All rights reserved.

Control File:   load_typ_bankomatu.ctl
Data File:      typ_bankomatu.unl
  Bad File:     typ_bankomatu.bad
  Discard File:  none specified
 
 (Allow all discards)

Number to load: ALL
Number to skip: 0
Errors allowed: 50
Bind array:     64 rows, maximum of 256000 bytes
Continuation:    none specified
Path used:      Conventional

Table TYP_BANKOMATU, loaded from every logical record.
Insert option in effect for this table: INSERT

   Column Name                  Position   Len  Term Encl Datatype
------------------------------ ---------- ----- ---- ---- ---------------------
TYP_BANKOMATU                       FIRST     *   |       CHARACTER            
VYROBCA                              NEXT     *   |       CHARACTER            
MODEL                                NEXT     *   |       CHARACTER            
POPIS                                NEXT     *   |       CHARACTER            

Record 7: Rejected - Error on table TYP_BANKOMATU, column VYROBCA.
Column not found before end of logical record (use TRAILING NULLCOLS)

Table TYP_BANKOMATU:
  6 Rows successfully loaded.
  1 Row not loaded due to data errors.
  0 Rows not loaded because all WHEN clauses were failed.
  0 Rows not loaded because all fields were null.


Space allocated for bind array:                  66048 bytes(64 rows)
Read   buffer bytes: 1048576

Total logical records skipped:          0
Total logical records read:             7
Total logical records rejected:         1
Total logical records discarded:        0

Run began on Wed May 14 16:47:06 2014
Run ended on Wed May 14 16:47:10 2014

Elapsed time was:     00:00:03.24
CPU time was:         00:00:00.01
