
                             MOR/LP

Date:  2/28/04                                   Time: 10:54:33
                                

                        MODEL DESCRIPTION
      ****************************************************


min z = 2x1 + x2 + 3x3
st      6x1 + x2 +  x3 = 4
         x1 - x2 + 3x3 < 6
         x1 - x2 +  x3 >1
      ****************************************************


Simplex Method



Initial Tableau

  BASIS     Z        X1       X2       X3     Artif1   Slack2   Surpl3  
          Artif3    SOL.   
========================================================================
   Z         1.00 41998.00    -1.00 11997.00     0.00     0.00 -6000.00
             0.00 30000.00
------------------------------------------------------------------------
 Artif1      0.00     6.00     1.00     1.00     1.00     0.00     0.00
             0.00     4.00
 Slack2      0.00     1.00    -1.00     3.00     0.00     1.00     0.00
             0.00     6.00
 Artif3      0.00     1.00    -1.00     1.00     0.00     0.00    -1.00
             1.00     1.00
------------------------------------------------------------------------



Tableau:   2

  BASIS     Z        X1       X2       X3     Artif1   Slack2   Surpl3  
          Artif3    SOL.   
========================================================================
   Z         1.00     0.00    -4.40     0.00 -6000.20     0.00    -3.20
         -5996.80     2.40
------------------------------------------------------------------------
   X1        0.00     1.00     0.40     0.00     0.20     0.00     0.20
            -0.20     0.60
 Slack2      0.00     0.00     2.80     0.00     0.40     1.00     3.40
            -3.40     4.20
   X3        0.00     0.00    -1.40     1.00    -0.20     0.00    -1.20
             1.20     0.40
------------------------------------------------------------------------



                            ^^^ Optimal Solution ^^^

Z               =      2.4000
X1              =      0.6000
X2              =      0.0000
X3              =      0.4000
 Slack2         =      4.2000


Compile time:     0.00 (Secs.)
Run time    :     0.00 (Secs.)
