Build started 1/11/2015 3:01:17 PM.
     1>Project "F:\Dokumenty\FRI\3.semester\inf3\cvika\9.cvicenie - hra\Hra\Hra\Hra.vcxproj" on node 2 (Build target(s)).
     1>ClCompile:
         C:\Programme\Microsoft Visual Studio 12.0\VC\bin\CL.exe /c /I"..\SDL-1.2.15\include" /ZI /nologo /W3 /WX- /Od /Oy- /D WIN32 /D _DEBUG /D _CONSOLE /D _LIB /D _UNICODE /D UNICODE /Gm /EHsc /RTC1 /MDd /GS /fp:precise /Zc:wchar_t /Zc:forScope /Fo"Debug\\" /Fd"Debug\vc120.pdb" /Gd /TP /analyze- /errorReport:prompt Hra.cpp HraciaPlocha.cpp main.cpp Predmet.cpp Vykreslovac.cpp
         Vykreslovac.cpp
         Predmet.cpp
     1>f:\dokumenty\fri\3.semester\inf3\cvika\9.cvicenie - hra\hra\hra\predmet.cpp(17): warning C4244: 'argument' : conversion from 'time_t' to 'unsigned int', possible loss of data
         main.cpp
         HraciaPlocha.cpp
         Hra.cpp
     1>f:\dokumenty\fri\3.semester\inf3\cvika\9.cvicenie - hra\hra\hra\hra.cpp(70): warning C4551: function call missing argument list
         Generating Code...
       Link:
         C:\Programme\Microsoft Visual Studio 12.0\VC\bin\link.exe /ERRORREPORT:PROMPT /OUT:"F:\Dokumenty\FRI\3.semester\inf3\cvika\9.cvicenie - hra\Hra\Debug\Hra.exe" /INCREMENTAL /NOLOGO /LIBPATH:"..\..\Hra\SDL-1.2.15\lib\x86" sdl.lib sdlmain.lib kernel32.lib user32.lib gdi32.lib winspool.lib comdlg32.lib advapi32.lib shell32.lib ole32.lib oleaut32.lib uuid.lib odbc32.lib odbccp32.lib /MANIFEST /MANIFESTUAC:"level='asInvoker' uiAccess='false'" /manifest:embed /DEBUG /PDB:"F:\Dokumenty\FRI\3.semester\inf3\cvika\9.cvicenie - hra\Hra\Debug\Hra.pdb" /SUBSYSTEM:CONSOLE /TLBID:1 /DYNAMICBASE /NXCOMPAT /IMPLIB:"F:\Dokumenty\FRI\3.semester\inf3\cvika\9.cvicenie - hra\Hra\Debug\Hra.lib" /MACHINE:X86 Debug\Hra.obj
         Debug\HraciaPlocha.obj
         Debug\main.obj
         Debug\Predmet.obj
         Debug\Vykreslovac.obj
     1>MSVCRTD.lib(cinitexe.obj) : warning LNK4098: defaultlib 'msvcrt.lib' conflicts with use of other libs; use /NODEFAULTLIB:library
         Hra.vcxproj -> F:\Dokumenty\FRI\3.semester\inf3\cvika\9.cvicenie - hra\Hra\Debug\Hra.exe
     1>Done Building Project "F:\Dokumenty\FRI\3.semester\inf3\cvika\9.cvicenie - hra\Hra\Hra\Hra.vcxproj" (Build target(s)).

Build succeeded.

Time Elapsed 00:00:12.37
