This is pdfTeX, Version 3.14159265-2.6-1.40.15 (TeX Live 2015/dev/Debian) (preloaded format=pdflatex 2017.2.18)  24 MAY 2017 12:02
entering extended mode
 restricted \write18 enabled.
 %&-line parsing enabled.
**dokumentacia_bgp_isis_vachalik_sisila.tex
(./dokumentacia_bgp_isis_vachalik_sisila.tex
LaTeX2e <2014/05/01>
Babel <3.9l> and hyphenation patterns for 79 languages loaded.
(/usr/share/texlive/texmf-dist/tex/latex/base/report.cls
Document Class: report 2014/09/29 v1.4h Standard LaTeX document class
(/usr/share/texlive/texmf-dist/tex/latex/base/size12.clo
File: size12.clo 2014/09/29 v1.4h Standard LaTeX file (size option)
)
\c@part=\count79
\c@chapter=\count80
\c@section=\count81
\c@subsection=\count82
\c@subsubsection=\count83
\c@paragraph=\count84
\c@subparagraph=\count85
\c@figure=\count86
\c@table=\count87
\abovecaptionskip=\skip41
\belowcaptionskip=\skip42
\bibindent=\dimen102
)
(/usr/share/texlive/texmf-dist/tex/latex/geometry/geometry.sty
Package: geometry 2010/09/12 v5.6 Page Geometry

(/usr/share/texlive/texmf-dist/tex/latex/graphics/keyval.sty
Package: keyval 2014/05/08 v1.15 key=value parser (DPC)
\KV@toks@=\toks14
)
(/usr/share/texlive/texmf-dist/tex/generic/oberdiek/ifpdf.sty
Package: ifpdf 2011/01/30 v2.3 Provides the ifpdf switch (HO)
Package ifpdf Info: pdfTeX in PDF mode is detected.
)
(/usr/share/texlive/texmf-dist/tex/generic/oberdiek/ifvtex.sty
Package: ifvtex 2010/03/01 v1.5 Detect VTeX and its facilities (HO)
Package ifvtex Info: VTeX not detected.
)
(/usr/share/texlive/texmf-dist/tex/generic/ifxetex/ifxetex.sty
Package: ifxetex 2010/09/12 v0.6 Provides ifxetex conditional
)
\Gm@cnth=\count88
\Gm@cntv=\count89
\c@Gm@tempcnt=\count90
\Gm@bindingoffset=\dimen103
\Gm@wd@mp=\dimen104
\Gm@odd@mp=\dimen105
\Gm@even@mp=\dimen106
\Gm@layoutwidth=\dimen107
\Gm@layoutheight=\dimen108
\Gm@layouthoffset=\dimen109
\Gm@layoutvoffset=\dimen110
\Gm@dimlist=\toks15
)
(/usr/share/texlive/texmf-dist/tex/latex/base/inputenc.sty
Package: inputenc 2014/04/30 v1.2b Input encoding file
\inpenc@prehook=\toks16
\inpenc@posthook=\toks17

(/usr/share/texlive/texmf-dist/tex/latex/ucs/utf8x.def
File: utf8x.def 2004/10/17 UCS: Input encoding UTF-8
))
(/usr/share/texlive/texmf-dist/tex/latex/ucs/ucs.sty
Package: ucs 2013/05/11 v2.2 UCS: Unicode input support

(/usr/share/texlive/texmf-dist/tex/latex/ucs/data/uni-global.def
File: uni-global.def 2013/05/13 UCS: Unicode global data
)
\uc@secondtry=\count91
\uc@combtoks=\toks18
\uc@combtoksb=\toks19
\uc@temptokena=\toks20
)
(/usr/share/texlive/texmf-dist/tex/generic/babel/babel.sty
Package: babel 2014/09/25 3.9l The Babel package

(/usr/share/texlive/texmf-dist/tex/generic/babel-slovak/slovak.ldf
Language: slovak 2008/07/06 v3.1a Slovak support from the babel system

(/usr/share/texlive/texmf-dist/tex/generic/babel/babel.def
File: babel.def 2014/09/25 3.9l Babel common definitions
\babel@savecnt=\count92
\U@D=\dimen111
)
Package babel Info: Making ^ an active character on input line 123.
Package babel Info: Making " an active character on input line 126.
Package babel Info: Making ' an active character on input line 129.
\cs@wordlen=\count93
Package babel Info: Making - an active character on input line 294.
))
(/usr/share/texlive/texmf-dist/tex/latex/psnfss/palatino.sty
Package: palatino 2005/04/12 PSNFSS-v9.2a (SPQR) 
)
(/usr/share/texlive/texmf-dist/tex/latex/tools/verbatim.sty
Package: verbatim 2014/10/28 v1.5q LaTeX2e package for verbatim enhancements
\every@verbatim=\toks21
\verbatim@line=\toks22
\verbatim@in@stream=\read1
)
(/usr/share/texlive/texmf-dist/tex/latex/dirtytalk/dirtytalk.sty
Package: dirtytalk 2010/11/21 A package making "quoting" easier

(/usr/share/texlive/texmf-dist/tex/latex/oberdiek/kvoptions.sty
Package: kvoptions 2011/06/30 v3.11 Key value format for package options (HO)

(/usr/share/texlive/texmf-dist/tex/generic/oberdiek/ltxcmds.sty
Package: ltxcmds 2011/11/09 v1.22 LaTeX kernel commands for general use (HO)
)
(/usr/share/texlive/texmf-dist/tex/generic/oberdiek/kvsetkeys.sty
Package: kvsetkeys 2012/04/25 v1.16 Key value parser (HO)

(/usr/share/texlive/texmf-dist/tex/generic/oberdiek/infwarerr.sty
Package: infwarerr 2010/04/08 v1.3 Providing info/warning/error messages (HO)
)
(/usr/share/texlive/texmf-dist/tex/generic/oberdiek/etexcmds.sty
Package: etexcmds 2011/02/16 v1.5 Avoid name clashes with e-TeX commands (HO)

(/usr/share/texlive/texmf-dist/tex/generic/oberdiek/ifluatex.sty
Package: ifluatex 2010/03/01 v1.3 Provides the ifluatex switch (HO)
Package ifluatex Info: LuaTeX not detected.
)
Package etexcmds Info: Could not find \expanded.
(etexcmds)             That can mean that you are not using pdfTeX 1.50 or
(etexcmds)             that some package has redefined \expanded.
(etexcmds)             In the latter case, load this package earlier.
)))
(/usr/share/texlive/texmf-dist/tex/latex/base/ifthen.sty
Package: ifthen 2014/09/29 v1.1c Standard LaTeX ifthen package (DPC)
)
\c@dirtytalk@qdepth=\count94
)
(/usr/share/texlive/texmf-dist/tex/latex/base/alltt.sty
Package: alltt 1997/06/16 v2.0g defines alltt environment
)
(/usr/share/texlive/texmf-dist/tex/latex/graphics/graphicx.sty
Package: graphicx 2014/04/25 v1.0g Enhanced LaTeX Graphics (DPC,SPQR)

(/usr/share/texlive/texmf-dist/tex/latex/graphics/graphics.sty
Package: graphics 2009/02/05 v1.0o Standard LaTeX Graphics (DPC,SPQR)

(/usr/share/texlive/texmf-dist/tex/latex/graphics/trig.sty
Package: trig 1999/03/16 v1.09 sin cos tan (DPC)
)
(/usr/share/texlive/texmf-dist/tex/latex/latexconfig/graphics.cfg
File: graphics.cfg 2010/04/23 v1.9 graphics configuration of TeX Live
)
Package graphics Info: Driver file: pdftex.def on input line 91.

(/usr/share/texlive/texmf-dist/tex/latex/pdftex-def/pdftex.def
File: pdftex.def 2011/05/27 v0.06d Graphics/color for pdfTeX
\Gread@gobject=\count95
))
\Gin@req@height=\dimen112
\Gin@req@width=\dimen113
)
(/usr/share/texlive/texmf-dist/tex/latex/chngcntr/chngcntr.sty
Package: chngcntr 2009/09/02 v1.0a change counter resetting
)
(/usr/share/texlive/texmf-dist/tex/latex/hyperref/nameref.sty
Package: nameref 2012/10/27 v2.43 Cross-referencing by name of section

(/usr/share/texlive/texmf-dist/tex/latex/oberdiek/refcount.sty
Package: refcount 2011/10/16 v3.4 Data extraction from label references (HO)
)
(/usr/share/texlive/texmf-dist/tex/generic/oberdiek/gettitlestring.sty
Package: gettitlestring 2010/12/03 v1.4 Cleanup title references (HO)
)
\c@section@level=\count96
LaTeX Info: Redefining \ref on input line 353.
LaTeX Info: Redefining \pageref on input line 353.
)
(/usr/share/texlive/texmf-dist/tex/latex/booktabs/booktabs.sty
Package: booktabs 2005/04/14 v1.61803 publication quality tables
\heavyrulewidth=\dimen114
\lightrulewidth=\dimen115
\cmidrulewidth=\dimen116
\belowrulesep=\dimen117
\belowbottomsep=\dimen118
\aboverulesep=\dimen119
\abovetopsep=\dimen120
\cmidrulesep=\dimen121
\cmidrulekern=\dimen122
\defaultaddspace=\dimen123
\@cmidla=\count97
\@cmidlb=\count98
\@aboverulesep=\dimen124
\@belowrulesep=\dimen125
\@thisruleclass=\count99
\@lastruleclass=\count100
\@thisrulewidth=\dimen126
)
(/usr/share/texlive/texmf-dist/tex/latex/multirow/multirow.sty
\bigstrutjot=\dimen127
)
(/usr/share/texlive/texmf-dist/tex/latex/etoolbox/etoolbox.sty
Package: etoolbox 2011/01/03 v2.1 e-TeX tools for LaTeX

(/usr/share/texlive/texmf-dist/tex/latex/etex-pkg/etex.sty
Package: etex 1998/03/26 v2.0 eTeX basic definition package (PEB)
\et@xins=\count101
)
\etb@tempcnta=\count102
)
(./dokumentacia_bgp_isis_vachalik_sisila.aux

LaTeX Warning: Label `fig:bgp_isis_topo' multiply defined.

)
\openout1 = `dokumentacia_bgp_isis_vachalik_sisila.aux'.

LaTeX Font Info:    Checking defaults for OML/cmm/m/it on input line 41.
LaTeX Font Info:    ... okay on input line 41.
LaTeX Font Info:    Checking defaults for T1/cmr/m/n on input line 41.
LaTeX Font Info:    ... okay on input line 41.
LaTeX Font Info:    Checking defaults for OT1/cmr/m/n on input line 41.
LaTeX Font Info:    ... okay on input line 41.
LaTeX Font Info:    Checking defaults for OMS/cmsy/m/n on input line 41.
LaTeX Font Info:    ... okay on input line 41.
LaTeX Font Info:    Checking defaults for OMX/cmex/m/n on input line 41.
LaTeX Font Info:    ... okay on input line 41.
LaTeX Font Info:    Checking defaults for U/cmr/m/n on input line 41.
LaTeX Font Info:    ... okay on input line 41.
LaTeX Font Info:    Try loading font information for OT1+ppl on input line 41.
 (/usr/share/texlive/texmf-dist/tex/latex/psnfss/ot1ppl.fd
File: ot1ppl.fd 2001/06/04 font definitions for OT1/ppl.
)
*geometry* driver: auto-detecting
*geometry* detected driver: pdftex
*geometry* verbose mode - [ preamble ] result:
* driver: pdftex
* paper: a4paper
* layout: <same size as paper>
* layoutoffset:(h,v)=(0.0pt,0.0pt)
* bindingoffset: 17.07164pt
* modes: twoside 
* h-part:(L,W,R)=(61.45795pt, 426.79134pt, 92.18695pt)
* v-part:(T,H,B)=(71.13188pt, 702.78308pt, 71.13188pt)
* \paperwidth=597.50787pt
* \paperheight=845.04684pt
* \textwidth=426.79134pt
* \textheight=702.78308pt
* \oddsidemargin=6.2596pt
* \evensidemargin=19.91696pt
* \topmargin=-38.1381pt
* \headheight=12.0pt
* \headsep=25.0pt
* \topskip=12.0pt
* \footskip=30.0pt
* \marginparwidth=85.0pt
* \marginparsep=10.0pt
* \columnsep=10.0pt
* \skip\footins=10.8pt plus 4.0pt minus 2.0pt
* \hoffset=0.0pt
* \voffset=0.0pt
* \mag=1000
* \@twocolumnfalse
* \@twosidetrue
* \@mparswitchtrue
* \@reversemarginfalse
* (1in=72.27pt=25.4mm, 1cm=28.453pt)

(/usr/share/texlive/texmf-dist/tex/latex/ucs/ucsencs.def
File: ucsencs.def 2011/01/21 Fixes to fontencodings LGR, T3
)
(/usr/share/texlive/texmf-dist/tex/context/base/supp-pdf.mkii
[Loading MPS to PDF converter (version 2006.09.02).]
\scratchcounter=\count103
\scratchdimen=\dimen128
\scratchbox=\box26
\nofMPsegments=\count104
\nofMParguments=\count105
\everyMPshowfont=\toks23
\MPscratchCnt=\count106
\MPscratchDim=\dimen129
\MPnumerator=\count107
\makeMPintoPDFobject=\count108
\everyMPtoPDFconversion=\toks24
) (/usr/share/texlive/texmf-dist/tex/generic/oberdiek/pdftexcmds.sty
Package: pdftexcmds 2011/11/29 v0.20 Utility functions of pdfTeX for LuaTeX (HO
)
Package pdftexcmds Info: LuaTeX not detected.
Package pdftexcmds Info: \pdf@primitive is available.
Package pdftexcmds Info: \pdf@ifprimitive is available.
Package pdftexcmds Info: \pdfdraftmode found.
)
(/usr/share/texlive/texmf-dist/tex/latex/oberdiek/epstopdf-base.sty
Package: epstopdf-base 2010/02/09 v2.5 Base part for package epstopdf

(/usr/share/texlive/texmf-dist/tex/latex/oberdiek/grfext.sty
Package: grfext 2010/08/19 v1.1 Manage graphics extensions (HO)

(/usr/share/texlive/texmf-dist/tex/generic/oberdiek/kvdefinekeys.sty
Package: kvdefinekeys 2011/04/07 v1.3 Define keys (HO)
))
Package grfext Info: Graphics extension search list:
(grfext)             [.png,.pdf,.jpg,.mps,.jpeg,.jbig2,.jb2,.PNG,.PDF,.JPG,.JPE
G,.JBIG2,.JB2,.eps]
(grfext)             \AppendGraphicsExtensions on input line 452.

(/usr/share/texlive/texmf-dist/tex/latex/latexconfig/epstopdf-sys.cfg
File: epstopdf-sys.cfg 2010/07/13 v1.3 Configuration of (r)epstopdf for TeX Liv
e
))
LaTeX Font Info:    Font shape `OT1/ppl/bx/n' in size <24.88> not available
(Font)              Font shape `OT1/ppl/b/n' tried instead on input line 45.
LaTeX Font Info:    Font shape `OT1/ppl/bx/n' in size <12> not available
(Font)              Font shape `OT1/ppl/b/n' tried instead on input line 47.

(/usr/share/texlive/texmf-dist/tex/latex/ucs/data/uni-1.def
File: uni-1.def 2013/05/13 UCS: Unicode data U+0100..U+01FF
)
(/usr/share/texlive/texmf-dist/tex/latex/ucs/data/uni-0.def
File: uni-0.def 2013/05/13 UCS: Unicode data U+0000..U+00FF
) [1


{/var/lib/texmf/fonts/map/pdftex/updmap/pdftex.map}]
(./dokumentacia_bgp_isis_vachalik_sisila.toc
LaTeX Font Info:    External font `cmex10' loaded for size
(Font)              <12> on input line 3.
LaTeX Font Info:    External font `cmex10' loaded for size
(Font)              <8> on input line 3.
LaTeX Font Info:    External font `cmex10' loaded for size
(Font)              <6> on input line 3.

Overfull \hbox (4.13707pt too wide) in paragraph at lines 24--24
 [][] []\OT1/ppl/m/n/12 Distrib[]ucia in-ter-ne-tov[]ych sta-tick[]ych sme-ro-v
ac[]^^Pch z[]aznamov 
 []


Overfull \hbox (1.95355pt too wide) in paragraph at lines 74--74
 [][] []\OT1/ppl/m/n/12 Distribuovat[] iba de-fault, AS5005 a pe-e-ring pre-fix
y do AS65001 []  
 []


Overfull \hbox (1.84485pt too wide) in paragraph at lines 96--96
 [][] []\OT1/ppl/m/n/12 Overit[] funk[]cnost[] na-sta-ve-nia po-li-tiky vhodn[]
ymi v[]ypadkami 
 []

)
\tf@toc=\write3
\openout3 = `dokumentacia_bgp_isis_vachalik_sisila.toc'.

 [2

]
LaTeX Font Info:    Font shape `OT1/ppl/bx/n' in size <17.28> not available
(Font)              Font shape `OT1/ppl/b/n' tried instead on input line 52.
 (/usr/share/texlive/texmf-dist/tex/latex/ucs/data/uni-32.def
File: uni-32.def 2013/05/13 UCS: Unicode data U+2000..U+20FF
)
<obr/bgp_isis_topo.png, id=12, 586.5915pt x 408.3255pt>
File: obr/bgp_isis_topo.png Graphic file (type png)

<use obr/bgp_isis_topo.png>
Package pdftex.def Info: obr/bgp_isis_topo.png used on input line 58.
(pdftex.def)             Requested size: 398.33858pt x 277.29005pt.


LaTeX Warning: Float too large for page by 33.56674pt on input line 121.

[3 <./obr/bgp_isis_topo.png>] [4]
LaTeX Font Info:    Font shape `OT1/ppl/bx/n' in size <14.4> not available
(Font)              Font shape `OT1/ppl/b/n' tried instead on input line 128.

(/usr/share/texlive/texmf-dist/tex/latex/ucs/data/uni-34.def
File: uni-34.def 2013/05/13 UCS: Unicode data U+2200..U+22FF
)
LaTeX Font Info:    External font `cmex10' loaded for size
(Font)              <14.4> on input line 128.
LaTeX Font Info:    External font `cmex10' loaded for size
(Font)              <7> on input line 128.
LaTeX Font Info:    Try loading font information for OT1+qcr on input line 139.


(/usr/share/texmf/tex/latex/tex-gyre/ot1qcr.fd
File: ot1qcr.fd 2009/09/25 v1.2 font definition file for OT1/qcr
)
LaTeX Font Info:    Try loading font information for OT1+pcr on input line 141.


(/usr/share/texlive/texmf-dist/tex/latex/psnfss/ot1pcr.fd
File: ot1pcr.fd 2001/06/04 font definitions for OT1/pcr.
) [5] [6]
Overfull \hbox (7.27892pt too wide) in paragraph at lines 271--271
[]\OT1/ppl/b/n/14.4 Distrib^^Sucia in-ter-ne-tov[]ych sta-tick[]ych sme-ro-vac^
^S^^Pch z^^Saznamov
 []


Underfull \vbox (badness 2173) has occurred while \output is active []

 [7]
[8]
Overfull \hbox (92.23804pt too wide) in paragraph at lines 337--337
[]\OT1/pcr/m/n/10.95 Status codes: s suppressed, d damped, h history, * valid, 
> best, i - internal,[] 
 []


Overfull \hbox (0.25815pt too wide) in paragraph at lines 341--341
[]   \OT1/pcr/m/n/10.95 Network          Next Hop            Metric LocPrf Weig
ht Path[] 
 []


Overfull \hbox (39.6781pt too wide) in paragraph at lines 343--343
[]\OT1/pcr/m/n/10.95 *  10.255.255.2/32  64.34.255.254                         
 0 4502 110 i[] 
 []


Overfull \hbox (6.82814pt too wide) in paragraph at lines 344--344
[]\OT1/pcr/m/n/10.95 *>                  200.110.255.250          0            
 0 110 i[] 
 []


Overfull \hbox (39.6781pt too wide) in paragraph at lines 345--345
[]\OT1/pcr/m/n/10.95 *  10.255.255.3/32  64.34.255.254                         
 0 4502 110 i[] 
 []


Overfull \hbox (6.82814pt too wide) in paragraph at lines 346--346
[]\OT1/pcr/m/n/10.95 *>                  200.110.255.250                       
 0 110 i[] 
 []


Overfull \hbox (39.6781pt too wide) in paragraph at lines 347--347
[]\OT1/pcr/m/n/10.95 *  10.255.255.4/32  64.34.255.254                         
 0 4502 110 i[] 
 []


Overfull \hbox (6.82814pt too wide) in paragraph at lines 348--348
[]\OT1/pcr/m/n/10.95 *>                  200.110.255.250                       
 0 110 i[] 
 []


Overfull \hbox (39.6781pt too wide) in paragraph at lines 349--349
[]\OT1/pcr/m/n/10.95 *  10.255.255.5/32  200.110.255.250                       
 0 110 4502 i[] 
 []


Overfull \hbox (39.6781pt too wide) in paragraph at lines 350--350
[]\OT1/pcr/m/n/10.95 *                   200.33.255.254                        
 0 330 4502 i[] 
 []


Overfull \hbox (13.39813pt too wide) in paragraph at lines 351--351
[]\OT1/pcr/m/n/10.95 *>                  64.34.255.254            0            
 0 4502 i[] 
 []


Overfull \hbox (65.95807pt too wide) in paragraph at lines 352--352
[]\OT1/pcr/m/n/10.95 *  10.255.255.6/32  200.110.255.250                       
 0 110 4502 330 i[] 
 []


Overfull \hbox (39.6781pt too wide) in paragraph at lines 353--353
[]\OT1/pcr/m/n/10.95 *                   64.34.255.254                         
 0 4502 330 i[] 
 []


Overfull \hbox (6.82814pt too wide) in paragraph at lines 354--354
[]\OT1/pcr/m/n/10.95 *>                  200.33.255.254           0            
 0 330 i[] 
 []


Overfull \hbox (65.95807pt too wide) in paragraph at lines 355--355
[]\OT1/pcr/m/n/10.95 *  10.255.255.7/32  200.110.255.250                       
 0 110 4502 330 i[] 
 []


Overfull \hbox (39.6781pt too wide) in paragraph at lines 356--356
[]\OT1/pcr/m/n/10.95 *                   64.34.255.254                         
 0 4502 330 i[] 
 []


Overfull \hbox (6.82814pt too wide) in paragraph at lines 357--357
[]\OT1/pcr/m/n/10.95 *>                  200.33.255.254                        
 0 330 i[] 
 []


Overfull \hbox (79.09805pt too wide) in paragraph at lines 358--358
[]\OT1/pcr/m/n/10.95 *  10.255.255.8/32  64.34.255.254                         
 0 4502 110 65001 i[] 
 []


Overfull \hbox (0.25815pt too wide) in paragraph at lines 359--359
[]   \OT1/pcr/m/n/10.95 Network          Next Hop            Metric LocPrf Weig
ht Path[] 
 []


Overfull \hbox (105.37802pt too wide) in paragraph at lines 360--360
[]\OT1/pcr/m/n/10.95 *                   200.33.255.254                        
 0 330 4502 110 65001 i[] 
 []


Overfull \hbox (46.2481pt too wide) in paragraph at lines 361--361
[]\OT1/pcr/m/n/10.95 *>                  200.110.255.250                       
 0 110 65001 i[] 
 []


Overfull \hbox (79.09805pt too wide) in paragraph at lines 362--362
[]\OT1/pcr/m/n/10.95 *  10.255.255.9/32  64.34.255.254                         
 0 4502 110 65001 i[] 
 []


Overfull \hbox (105.37802pt too wide) in paragraph at lines 363--363
[]\OT1/pcr/m/n/10.95 *                   200.33.255.254                        
 0 330 4502 110 65001 i[] 
 []


Overfull \hbox (46.2481pt too wide) in paragraph at lines 364--364
[]\OT1/pcr/m/n/10.95 *>                  200.110.255.250                       
 0 110 65001 i[] 
 []


Overfull \hbox (72.52806pt too wide) in paragraph at lines 365--365
[]\OT1/pcr/m/n/10.95 *  10.255.255.10/32 64.34.255.254                         
 0 4502 110 5005 i[] 
 []


Overfull \hbox (39.6781pt too wide) in paragraph at lines 366--366
[]\OT1/pcr/m/n/10.95 *                   200.110.255.250                       
 0 110 5005 i[] 
 []


Overfull \hbox (39.6781pt too wide) in paragraph at lines 367--367
[]\OT1/pcr/m/n/10.95 *>                  200.33.255.254                        
 0 330 5005 i[] 
 []


Overfull \hbox (39.6781pt too wide) in paragraph at lines 369--369
[]\OT1/pcr/m/n/10.95 *  128.45.5.0/25    200.110.255.250                       
 0 110 4502 i[] 
 []


Overfull \hbox (39.6781pt too wide) in paragraph at lines 370--370
[]\OT1/pcr/m/n/10.95 *                   200.33.255.254                        
 0 330 4502 i[] 
 []


Overfull \hbox (13.39813pt too wide) in paragraph at lines 371--371
[]\OT1/pcr/m/n/10.95 *>                  64.34.255.254            0            
 0 4502 i[] 
 []


Overfull \hbox (39.6781pt too wide) in paragraph at lines 372--372
[]\OT1/pcr/m/n/10.95 *  200.33.6.0/25    64.34.255.254                         
 0 4502 330 i[] 
 []


Overfull \hbox (6.82814pt too wide) in paragraph at lines 373--373
[]\OT1/pcr/m/n/10.95 *>                  200.33.255.254           0            
 0 330 i[] 
 []


Overfull \hbox (39.6781pt too wide) in paragraph at lines 374--374
[]\OT1/pcr/m/n/10.95 *  200.33.7.0/25    64.34.255.254                         
 0 4502 330 i[] 
 []


Overfull \hbox (6.82814pt too wide) in paragraph at lines 375--375
[]\OT1/pcr/m/n/10.95 *>                  200.33.255.254                        
 0 330 i[] 
 []


Overfull \hbox (65.95807pt too wide) in paragraph at lines 376--376
[]\OT1/pcr/m/n/10.95 *  200.110.0.0/25   200.33.255.254                        
 0 330 4502 110 i[] 
 []


Overfull \hbox (39.6781pt too wide) in paragraph at lines 377--377
[]\OT1/pcr/m/n/10.95 *                   64.34.255.254                         
 0 4502 110 i[] 
 []


Overfull \hbox (6.82814pt too wide) in paragraph at lines 378--378
[]\OT1/pcr/m/n/10.95 *>                  200.110.255.250          0            
 0 110 i[] 
 []


Overfull \hbox (79.09805pt too wide) in paragraph at lines 379--379
[]\OT1/pcr/m/n/10.95 *  200.110.0.128/25   200.33.255.254                      
   0 330 4502 110 i[] 
 []


Overfull \hbox (0.25815pt too wide) in paragraph at lines 380--380
[]   \OT1/pcr/m/n/10.95 Network          Next Hop            Metric LocPrf Weig
ht Path[] 
 []


Overfull \hbox (39.6781pt too wide) in paragraph at lines 381--381
[]\OT1/pcr/m/n/10.95 *                   64.34.255.254                         
 0 4502 110 i[] 
 []


Overfull \hbox (6.82814pt too wide) in paragraph at lines 382--382
[]\OT1/pcr/m/n/10.95 *>                  200.110.255.250                       
 0 110 i[] 
 []


Overfull \hbox (6.82814pt too wide) in paragraph at lines 383--383
[]\OT1/pcr/m/n/10.95 *> 200.110.1.0/25   200.110.255.250                       
 0 110 i[] 
 []


Overfull \hbox (39.6781pt too wide) in paragraph at lines 384--384
[]\OT1/pcr/m/n/10.95 *                   64.34.255.254                         
 0 4502 110 i[] 
 []

[9]
Overfull \hbox (65.95807pt too wide) in paragraph at lines 385--385
[]\OT1/pcr/m/n/10.95 *                   200.33.255.254                        
 0 330 4502 110 i[] 
 []


Overfull \hbox (105.37802pt too wide) in paragraph at lines 386--386
[]\OT1/pcr/m/n/10.95 *  200.110.12.0/25  200.33.255.254                        
 0 330 4502 110 65001 i[] 
 []


Overfull \hbox (79.09805pt too wide) in paragraph at lines 387--387
[]\OT1/pcr/m/n/10.95 *                   64.34.255.254                         
 0 4502 110 65001 i[] 
 []


Overfull \hbox (46.2481pt too wide) in paragraph at lines 388--388
[]\OT1/pcr/m/n/10.95 *>                  200.110.255.250                       
 0 110 65001 i[] 
 []


Overfull \hbox (105.37802pt too wide) in paragraph at lines 389--389
[]\OT1/pcr/m/n/10.95 *  200.110.13.0/25  200.33.255.254                        
 0 330 4502 110 65001 i[] 
 []


Overfull \hbox (79.09805pt too wide) in paragraph at lines 390--390
[]\OT1/pcr/m/n/10.95 *                   64.34.255.254                         
 0 4502 110 65001 i[] 
 []


Overfull \hbox (46.2481pt too wide) in paragraph at lines 391--391
[]\OT1/pcr/m/n/10.95 *>                  200.110.255.250                       
 0 110 65001 i[] 
 []


Overfull \hbox (72.52806pt too wide) in paragraph at lines 392--392
[]\OT1/pcr/m/n/10.95 *  223.255.255.0/25 64.34.255.254                         
 0 4502 330 5005 i[] 
 []


Overfull \hbox (39.6781pt too wide) in paragraph at lines 393--393
[]\OT1/pcr/m/n/10.95 *                   200.110.255.250                       
 0 110 5005 i[] 
 []


Overfull \hbox (39.6781pt too wide) in paragraph at lines 394--394
[]\OT1/pcr/m/n/10.95 *>                  200.33.255.254                        
 0 330 5005 i[] 
 []


Overfull \hbox (131.65799pt too wide) in paragraph at lines 397--397
[]\OT1/pcr/m/n/10.95 ----------------------------------------------------------
---------------------------[] 
 []


Underfull \vbox (badness 10000) has occurred while \output is active []

 [10]
Overfull \hbox (92.23804pt too wide) in paragraph at lines 454--454
[]\OT1/pcr/m/n/10.95 Status codes: s suppressed, d damped, h history, * valid, 
> best, i - internal,[] 
 []


Overfull \hbox (0.25815pt too wide) in paragraph at lines 458--458
[]   \OT1/pcr/m/n/10.95 Network          Next Hop            Metric LocPrf Weig
ht Path[] 
 []


Overfull \hbox (39.6781pt too wide) in paragraph at lines 460--460
[]\OT1/pcr/m/n/10.95 *  10.255.255.2/32  64.34.255.254                         
 0 4502 110 i[] 
 []


Overfull \hbox (6.82814pt too wide) in paragraph at lines 461--461
[]\OT1/pcr/m/n/10.95 *>                  200.110.255.250          0            
 0 110 i[] 
 []


Overfull \hbox (39.6781pt too wide) in paragraph at lines 462--462
[]\OT1/pcr/m/n/10.95 *  10.255.255.3/32  64.34.255.254                         
 0 4502 110 i[] 
 []


Overfull \hbox (6.82814pt too wide) in paragraph at lines 463--463
[]\OT1/pcr/m/n/10.95 *>                  200.110.255.250                       
 0 110 i[] 
 []


Overfull \hbox (39.6781pt too wide) in paragraph at lines 464--464
[]\OT1/pcr/m/n/10.95 *  10.255.255.4/32  64.34.255.254                         
 0 4502 110 i[] 
 []


Overfull \hbox (6.82814pt too wide) in paragraph at lines 465--465
[]\OT1/pcr/m/n/10.95 *>                  200.110.255.250                       
 0 110 i[] 
 []


Overfull \hbox (39.6781pt too wide) in paragraph at lines 466--466
[]\OT1/pcr/m/n/10.95 *  10.255.255.5/32  200.110.255.250                       
 0 110 4502 i[] 
 []


Overfull \hbox (39.6781pt too wide) in paragraph at lines 467--467
[]\OT1/pcr/m/n/10.95 *                   200.33.255.254                        
 0 330 4502 i[] 
 []


Overfull \hbox (13.39813pt too wide) in paragraph at lines 468--468
[]\OT1/pcr/m/n/10.95 *>                  64.34.255.254            0            
 0 4502 i[] 
 []


Overfull \hbox (65.95807pt too wide) in paragraph at lines 469--469
[]\OT1/pcr/m/n/10.95 *  10.255.255.6/32  200.110.255.250                       
 0 110 4502 330 i[] 
 []


Overfull \hbox (39.6781pt too wide) in paragraph at lines 470--470
[]\OT1/pcr/m/n/10.95 *                   64.34.255.254                         
 0 4502 330 i[] 
 []


Overfull \hbox (6.82814pt too wide) in paragraph at lines 471--471
[]\OT1/pcr/m/n/10.95 *>                  200.33.255.254           0            
 0 330 i[] 
 []


Overfull \hbox (65.95807pt too wide) in paragraph at lines 472--472
[]\OT1/pcr/m/n/10.95 *  10.255.255.7/32  200.110.255.250                       
 0 110 4502 330 i[] 
 []


Overfull \hbox (39.6781pt too wide) in paragraph at lines 473--473
[]\OT1/pcr/m/n/10.95 *                   64.34.255.254                         
 0 4502 330 i[] 
 []


Overfull \hbox (6.82814pt too wide) in paragraph at lines 474--474
[]\OT1/pcr/m/n/10.95 *>                  200.33.255.254                        
 0 330 i[] 
 []


Overfull \hbox (79.09805pt too wide) in paragraph at lines 475--475
[]\OT1/pcr/m/n/10.95 *  10.255.255.8/32  64.34.255.254                         
 0 4502 110 65001 i[] 
 []


Overfull \hbox (0.25815pt too wide) in paragraph at lines 476--476
[]   \OT1/pcr/m/n/10.95 Network          Next Hop            Metric LocPrf Weig
ht Path[] 
 []


Overfull \hbox (105.37802pt too wide) in paragraph at lines 477--477
[]\OT1/pcr/m/n/10.95 *                   200.33.255.254                        
 0 330 4502 110 65001 i[] 
 []


Overfull \hbox (46.2481pt too wide) in paragraph at lines 478--478
[]\OT1/pcr/m/n/10.95 *>                  200.110.255.250                       
 0 110 65001 i[] 
 []


Overfull \hbox (79.09805pt too wide) in paragraph at lines 479--479
[]\OT1/pcr/m/n/10.95 *  10.255.255.9/32  64.34.255.254                         
 0 4502 110 65001 i[] 
 []


Overfull \hbox (105.37802pt too wide) in paragraph at lines 480--480
[]\OT1/pcr/m/n/10.95 *                   200.33.255.254                        
 0 330 4502 110 65001 i[] 
 []


Overfull \hbox (46.2481pt too wide) in paragraph at lines 481--481
[]\OT1/pcr/m/n/10.95 *>                  200.110.255.250                       
 0 110 65001 i[] 
 []


Overfull \hbox (72.52806pt too wide) in paragraph at lines 482--482
[]\OT1/pcr/m/n/10.95 *  10.255.255.10/32 64.34.255.254                         
 0 4502 110 5005 i[] 
 []


Overfull \hbox (39.6781pt too wide) in paragraph at lines 483--483
[]\OT1/pcr/m/n/10.95 *                   200.110.255.250                       
 0 110 5005 i[] 
 []


Overfull \hbox (39.6781pt too wide) in paragraph at lines 484--484
[]\OT1/pcr/m/n/10.95 *>                  200.33.255.254                        
 0 330 5005 i[] 
 []


Overfull \hbox (39.6781pt too wide) in paragraph at lines 487--487
[]\OT1/pcr/m/n/10.95 *  128.45.0.0       200.110.255.250                       
 0 110 4502 i[] 
 []


Overfull \hbox (39.6781pt too wide) in paragraph at lines 488--488
[]\OT1/pcr/m/n/10.95 *                   200.33.255.254                        
 0 330 4502 i[] 
 []


Overfull \hbox (13.39813pt too wide) in paragraph at lines 489--489
[]\OT1/pcr/m/n/10.95 *>                  64.34.255.254            0            
 0 4502 i[] 
 []


Overfull \hbox (39.6781pt too wide) in paragraph at lines 490--490
[]\OT1/pcr/m/n/10.95 *  200.33.0.0/16    64.34.255.254                         
 0 4502 330 i[] 
 []


Overfull \hbox (6.82814pt too wide) in paragraph at lines 491--491
[]\OT1/pcr/m/n/10.95 *>                  200.33.255.254           0            
 0 330 i[] 
 []


Overfull \hbox (65.95807pt too wide) in paragraph at lines 492--492
[]\OT1/pcr/m/n/10.95 *  200.110.0.0/16   200.33.255.254                        
 0 330 4502 110 i[] 
 []


Overfull \hbox (39.6781pt too wide) in paragraph at lines 493--493
[]\OT1/pcr/m/n/10.95 *                   64.34.255.254                         
 0 4502 110 i[] 
 []


Overfull \hbox (6.82814pt too wide) in paragraph at lines 494--494
[]\OT1/pcr/m/n/10.95 *>                  200.110.255.250          0            
 0 110 i[] 
 []

[11]
Overfull \hbox (72.52806pt too wide) in paragraph at lines 495--495
[]\OT1/pcr/m/n/10.95 *  223.255.255.0    64.34.255.254                         
 0 4502 330 5005 i[] 
 []


Overfull \hbox (39.6781pt too wide) in paragraph at lines 496--496
[]\OT1/pcr/m/n/10.95 *                   200.110.255.250                       
 0 110 5005 i[] 
 []


Overfull \hbox (0.25815pt too wide) in paragraph at lines 497--497
[]   \OT1/pcr/m/n/10.95 Network          Next Hop            Metric LocPrf Weig
ht Path[] 
 []


Overfull \hbox (39.6781pt too wide) in paragraph at lines 498--498
[]\OT1/pcr/m/n/10.95 *>                  200.33.255.254                        
 0 330 5005 i[] 
 []


Overfull \hbox (131.65799pt too wide) in paragraph at lines 501--501
[]\OT1/pcr/m/n/10.95 ----------------------------------------------------------
---------------------------[] 
 []

[12] [13]
Underfull \vbox (badness 10000) has occurred while \output is active []

 [14]
Overfull \hbox (26.53812pt too wide) in paragraph at lines 674--674
[]\OT1/pcr/m/n/10.95 Sending 5, 100-byte ICMP Echos to 10.255.255.1, timeout is
 2 seconds:[] 
 []


Overfull \hbox (39.6781pt too wide) in paragraph at lines 677--677
[]\OT1/pcr/m/n/10.95 Success rate is 100 percent (5/5), round-trip min/avg/max 
= 16/17/20 ms[] 
 []


Overfull \hbox (26.53812pt too wide) in paragraph at lines 679--679
[]\OT1/pcr/m/n/10.95 Sending 5, 100-byte ICMP Echos to 10.255.255.5, timeout is
 2 seconds:[] 
 []


Overfull \hbox (19.96812pt too wide) in paragraph at lines 681--681
[]\OT1/pcr/m/n/10.95 Success rate is 100 percent (5/5), round-trip min/avg/max 
= 1/1/1 ms[] 
 []


Overfull \hbox (26.53812pt too wide) in paragraph at lines 683--683
[]\OT1/pcr/m/n/10.95 Sending 5, 100-byte ICMP Echos to 10.255.255.2, timeout is
 2 seconds:[] 
 []


Overfull \hbox (33.10811pt too wide) in paragraph at lines 686--686
[]\OT1/pcr/m/n/10.95 Success rate is 100 percent (5/5), round-trip min/avg/max 
= 8/25/44 ms[] 
 []


Overfull \hbox (26.53812pt too wide) in paragraph at lines 688--688
[]\OT1/pcr/m/n/10.95 Sending 5, 100-byte ICMP Echos to 10.255.255.5, timeout is
 2 seconds:[] 
 []


Overfull \hbox (19.96812pt too wide) in paragraph at lines 690--690
[]\OT1/pcr/m/n/10.95 Success rate is 100 percent (5/5), round-trip min/avg/max 
= 1/1/1 ms[] 
 []


Overfull \hbox (26.53812pt too wide) in paragraph at lines 692--692
[]\OT1/pcr/m/n/10.95 Sending 5, 100-byte ICMP Echos to 10.255.255.3, timeout is
 2 seconds:[] 
 []


Overfull \hbox (39.6781pt too wide) in paragraph at lines 695--695
[]\OT1/pcr/m/n/10.95 Success rate is 100 percent (5/5), round-trip min/avg/max 
= 36/49/68 ms[] 
 []


Overfull \hbox (26.53812pt too wide) in paragraph at lines 697--697
[]\OT1/pcr/m/n/10.95 Sending 5, 100-byte ICMP Echos to 10.255.255.5, timeout is
 2 seconds:[] 
 []


Overfull \hbox (19.96812pt too wide) in paragraph at lines 699--699
[]\OT1/pcr/m/n/10.95 Success rate is 100 percent (5/5), round-trip min/avg/max 
= 1/1/4 ms[] 
 []


Overfull \hbox (26.53812pt too wide) in paragraph at lines 701--701
[]\OT1/pcr/m/n/10.95 Sending 5, 100-byte ICMP Echos to 10.255.255.4, timeout is
 2 seconds:[] 
 []


Overfull \hbox (39.6781pt too wide) in paragraph at lines 704--704
[]\OT1/pcr/m/n/10.95 Success rate is 100 percent (5/5), round-trip min/avg/max 
= 28/48/72 ms[] 
 []


Overfull \hbox (26.53812pt too wide) in paragraph at lines 706--706
[]\OT1/pcr/m/n/10.95 Sending 5, 100-byte ICMP Echos to 10.255.255.5, timeout is
 2 seconds:[] 
 []


Overfull \hbox (19.96812pt too wide) in paragraph at lines 708--708
[]\OT1/pcr/m/n/10.95 Success rate is 100 percent (5/5), round-trip min/avg/max 
= 1/1/4 ms[] 
 []


Overfull \hbox (26.53812pt too wide) in paragraph at lines 710--710
[]\OT1/pcr/m/n/10.95 Sending 5, 100-byte ICMP Echos to 10.255.255.6, timeout is
 2 seconds:[] 
 []


Overfull \hbox (39.6781pt too wide) in paragraph at lines 713--713
[]\OT1/pcr/m/n/10.95 Success rate is 100 percent (5/5), round-trip min/avg/max 
= 16/28/32 ms[] 
 []


Overfull \hbox (26.53812pt too wide) in paragraph at lines 715--715
[]\OT1/pcr/m/n/10.95 Sending 5, 100-byte ICMP Echos to 10.255.255.5, timeout is
 2 seconds:[] 
 []


Overfull \hbox (19.96812pt too wide) in paragraph at lines 717--717
[]\OT1/pcr/m/n/10.95 Success rate is 100 percent (5/5), round-trip min/avg/max 
= 1/1/4 ms[] 
 []

[15]
Overfull \hbox (26.53812pt too wide) in paragraph at lines 719--719
[]\OT1/pcr/m/n/10.95 Sending 5, 100-byte ICMP Echos to 10.255.255.7, timeout is
 2 seconds:[] 
 []


Overfull \hbox (39.6781pt too wide) in paragraph at lines 722--722
[]\OT1/pcr/m/n/10.95 Success rate is 100 percent (5/5), round-trip min/avg/max 
= 40/48/60 ms[] 
 []


Overfull \hbox (26.53812pt too wide) in paragraph at lines 724--724
[]\OT1/pcr/m/n/10.95 Sending 5, 100-byte ICMP Echos to 10.255.255.5, timeout is
 2 seconds:[] 
 []


Overfull \hbox (19.96812pt too wide) in paragraph at lines 726--726
[]\OT1/pcr/m/n/10.95 Success rate is 100 percent (5/5), round-trip min/avg/max 
= 1/1/1 ms[] 
 []


Overfull \hbox (26.53812pt too wide) in paragraph at lines 728--728
[]\OT1/pcr/m/n/10.95 Sending 5, 100-byte ICMP Echos to 10.255.255.8, timeout is
 2 seconds:[] 
 []


Overfull \hbox (39.6781pt too wide) in paragraph at lines 731--731
[]\OT1/pcr/m/n/10.95 Success rate is 100 percent (5/5), round-trip min/avg/max 
= 56/66/84 ms[] 
 []


Overfull \hbox (26.53812pt too wide) in paragraph at lines 733--733
[]\OT1/pcr/m/n/10.95 Sending 5, 100-byte ICMP Echos to 10.255.255.5, timeout is
 2 seconds:[] 
 []


Overfull \hbox (19.96812pt too wide) in paragraph at lines 735--735
[]\OT1/pcr/m/n/10.95 Success rate is 100 percent (5/5), round-trip min/avg/max 
= 1/1/1 ms[] 
 []


Overfull \hbox (26.53812pt too wide) in paragraph at lines 737--737
[]\OT1/pcr/m/n/10.95 Sending 5, 100-byte ICMP Echos to 10.255.255.9, timeout is
 2 seconds:[] 
 []


Overfull \hbox (46.2481pt too wide) in paragraph at lines 740--740
[]\OT1/pcr/m/n/10.95 Success rate is 100 percent (5/5), round-trip min/avg/max 
= 80/92/104 ms[] 
 []


Overfull \hbox (26.53812pt too wide) in paragraph at lines 742--742
[]\OT1/pcr/m/n/10.95 Sending 5, 100-byte ICMP Echos to 10.255.255.5, timeout is
 2 seconds:[] 
 []


Overfull \hbox (19.96812pt too wide) in paragraph at lines 744--744
[]\OT1/pcr/m/n/10.95 Success rate is 100 percent (5/5), round-trip min/avg/max 
= 1/1/4 ms[] 
 []


Overfull \hbox (33.10811pt too wide) in paragraph at lines 746--746
[]\OT1/pcr/m/n/10.95 Sending 5, 100-byte ICMP Echos to 10.255.255.10, timeout i
s 2 seconds:[] 
 []


Overfull \hbox (39.6781pt too wide) in paragraph at lines 749--749
[]\OT1/pcr/m/n/10.95 Success rate is 100 percent (5/5), round-trip min/avg/max 
= 48/65/84 ms[] 
 []


Overfull \hbox (26.53812pt too wide) in paragraph at lines 751--751
[]\OT1/pcr/m/n/10.95 Sending 5, 100-byte ICMP Echos to 10.255.255.5, timeout is
 2 seconds:[] 
 []


Overfull \hbox (19.96812pt too wide) in paragraph at lines 753--753
[]\OT1/pcr/m/n/10.95 Success rate is 100 percent (5/5), round-trip min/avg/max 
= 1/1/1 ms[] 
 []

[16]
Overfull \hbox (34.24246pt too wide) in paragraph at lines 763--764
 [] \OT1/ppl/m/n/12 ISP po-li-tika umo[]z[]nuje ovplyv[]novat[] sme-ro-va-nie p
rev[]adzky me-dzi BGP au-ton[]omnymi
 []


Overfull \hbox (57.2974pt too wide) in paragraph at lines 803--804
 [] \OT1/ppl/m/n/12 Na R8 a R9 sme vy-tvo-rili rou-te-mapu s n[]azvom ``AS[]KAM
[]TO[]IDE:AS[]ODKIAL[]TO[]IDE''.
 []

[17] <obr/bgp_isis_r3_r8_primary.png, id=61, 586.5915pt x 408.3255pt>
File: obr/bgp_isis_r3_r8_primary.png Graphic file (type png)

<use obr/bgp_isis_r3_r8_primary.png>
Package pdftex.def Info: obr/bgp_isis_r3_r8_primary.png used on input line 821.

(pdftex.def)             Requested size: 398.33858pt x 277.29005pt.
 [18 <./obr/bgp_isis_r3_r8_primary.png (PNG copy)>] [19]
Overfull \hbox (92.23804pt too wide) in paragraph at lines 898--898
[]\OT1/pcr/m/n/10.95 Status codes: s suppressed, d damped, h history, * valid, 
> best, i - internal,[] 
 []


Overfull \hbox (0.25815pt too wide) in paragraph at lines 902--902
[]   \OT1/pcr/m/n/10.95 Network          Next Hop            Metric LocPrf Weig
ht Path[] 
 []


Overfull \hbox (6.82814pt too wide) in paragraph at lines 903--903
[]\OT1/pcr/m/n/10.95 *>i0.0.0.0          10.255.255.8             0    110     
 0 110 i[] 
 []


Overfull \hbox (6.82814pt too wide) in paragraph at lines 904--904
[]\OT1/pcr/m/n/10.95 *                   200.110.255.237          0            
 0 110 i[] 
 []


Overfull \hbox (6.82814pt too wide) in paragraph at lines 905--905
[]\OT1/pcr/m/n/10.95 *>i10.255.255.2/32  10.255.255.8             0    110     
 0 110 i[] 
 []


Overfull \hbox (6.82814pt too wide) in paragraph at lines 906--906
[]\OT1/pcr/m/n/10.95 *                   200.110.255.237                       
 0 110 i[] 
 []


Overfull \hbox (6.82814pt too wide) in paragraph at lines 907--907
[]\OT1/pcr/m/n/10.95 *  10.255.255.3/32  200.110.255.237                       
 0 110 i[] 
 []


Overfull \hbox (6.82814pt too wide) in paragraph at lines 908--908
[]\OT1/pcr/m/n/10.95 *>i                 10.255.255.8             0    110     
 0 110 i[] 
 []


Overfull \hbox (6.82814pt too wide) in paragraph at lines 909--909
[]\OT1/pcr/m/n/10.95 *>i10.255.255.4/32  10.255.255.8             0    110     
 0 110 i[] 
 []


Overfull \hbox (6.82814pt too wide) in paragraph at lines 910--910
[]\OT1/pcr/m/n/10.95 *                   200.110.255.237          0            
 0 110 i[] 
 []


Overfull \hbox (39.6781pt too wide) in paragraph at lines 913--913
[]\OT1/pcr/m/n/10.95 *>i10.255.255.10/32 10.255.255.8             0    110     
 0 110 5005 i[] 
 []


Overfull \hbox (39.6781pt too wide) in paragraph at lines 914--914
[]\OT1/pcr/m/n/10.95 *                   200.110.255.237                       
 0 110 5005 i[] 
 []


Overfull \hbox (6.82814pt too wide) in paragraph at lines 915--915
[]\OT1/pcr/m/n/10.95 *>i200.110.0.0/16   10.255.255.8             0    110     
 0 110 i[] 
 []


Overfull \hbox (6.82814pt too wide) in paragraph at lines 916--916
[]\OT1/pcr/m/n/10.95 *                   200.110.255.237                       
 0 110 i[] 
 []


Overfull \hbox (6.82814pt too wide) in paragraph at lines 917--917
[]\OT1/pcr/m/n/10.95 *  200.110.3.0/25   200.110.255.237                       
 0 110 i[] 
 []


Overfull \hbox (6.82814pt too wide) in paragraph at lines 918--918
[]\OT1/pcr/m/n/10.95 *>i                 10.255.255.8             0    110     
 0 110 i[] 
 []


Overfull \hbox (0.25815pt too wide) in paragraph at lines 920--920
[]   \OT1/pcr/m/n/10.95 Network          Next Hop            Metric LocPrf Weig
ht Path[] 
 []


Overfull \hbox (39.6781pt too wide) in paragraph at lines 921--921
[]\OT1/pcr/m/n/10.95 *>i223.255.255.0    10.255.255.8             0    110     
 0 110 5005 i[] 
 []


Overfull \hbox (39.6781pt too wide) in paragraph at lines 922--922
[]\OT1/pcr/m/n/10.95 *                   200.110.255.237                       
 0 110 5005 i[] 
 []

[20]
Overfull \hbox (92.23804pt too wide) in paragraph at lines 945--945
[]\OT1/pcr/m/n/10.95 Status codes: s suppressed, d damped, h history, * valid, 
> best, i - internal,[] 
 []


Overfull \hbox (0.25815pt too wide) in paragraph at lines 949--949
[]   \OT1/pcr/m/n/10.95 Network          Next Hop            Metric LocPrf Weig
ht Path[] 
 []


Overfull \hbox (13.39813pt too wide) in paragraph at lines 950--950
[]\OT1/pcr/m/n/10.95 *>i10.255.255.1/32  10.255.255.2             0    110     
 0 3401 i[] 
 []


Overfull \hbox (46.2481pt too wide) in paragraph at lines 954--954
[]\OT1/pcr/m/n/10.95 *>i10.255.255.5/32  10.255.255.2             0    110     
 0 3401 4502 i[] 
 []


Overfull \hbox (39.6781pt too wide) in paragraph at lines 955--955
[]\OT1/pcr/m/n/10.95 *>i10.255.255.6/32  10.255.255.2             0    110     
 0 3401 330 i[] 
 []


Overfull \hbox (39.6781pt too wide) in paragraph at lines 956--956
[]\OT1/pcr/m/n/10.95 *>i10.255.255.7/32  10.255.255.2             0    110     
 0 3401 330 i[] 
 []


Overfull \hbox (19.96812pt too wide) in paragraph at lines 957--957
[]\OT1/pcr/m/n/10.95 *>i10.255.255.8/32  10.255.255.3             0    110     
 0 65001 i[] 
 []


Overfull \hbox (19.96812pt too wide) in paragraph at lines 958--958
[]\OT1/pcr/m/n/10.95 *                   200.110.255.238                       
 0 65001 i[] 
 []


Overfull \hbox (19.96812pt too wide) in paragraph at lines 959--959
[]\OT1/pcr/m/n/10.95 *>i10.255.255.9/32  10.255.255.3             0    110     
 0 65001 i[] 
 []


Overfull \hbox (19.96812pt too wide) in paragraph at lines 960--960
[]\OT1/pcr/m/n/10.95 *                   200.110.255.238          0            
 0 65001 i[] 
 []


Overfull \hbox (13.39813pt too wide) in paragraph at lines 961--961
[]\OT1/pcr/m/n/10.95 *>i64.34.0.0/16     10.255.255.2             0    110     
 0 3401 i[] 
 []


Overfull \hbox (46.2481pt too wide) in paragraph at lines 962--962
[]\OT1/pcr/m/n/10.95 *>i128.45.0.0       10.255.255.2             0    110     
 0 3401 4502 i[] 
 []


Overfull \hbox (39.6781pt too wide) in paragraph at lines 963--963
[]\OT1/pcr/m/n/10.95 *>i200.33.0.0/16    10.255.255.2             0    110     
 0 3401 330 i[] 
 []


Overfull \hbox (19.96812pt too wide) in paragraph at lines 966--966
[]\OT1/pcr/m/n/10.95 *>i200.110.12.0/25  10.255.255.3             0    110     
 0 65001 i[] 
 []


Overfull \hbox (0.25815pt too wide) in paragraph at lines 967--967
[]   \OT1/pcr/m/n/10.95 Network          Next Hop            Metric LocPrf Weig
ht Path[] 
 []


Overfull \hbox (19.96812pt too wide) in paragraph at lines 968--968
[]\OT1/pcr/m/n/10.95 *                   200.110.255.238                       
 0 65001 i[] 
 []

LaTeX Font Info:    Try loading font information for OML+ppl on input line 996.

(/usr/share/texlive/texmf-dist/tex/latex/psnfss/omlppl.fd
File: omlppl.fd 
)
LaTeX Font Info:    Font shape `OML/ppl/m/n' in size <12> not available
(Font)              Font shape `OML/cmm/m/it' tried instead on input line 996.


LaTeX Font Warning: Font shape `OML/ppl/bx/n' undefined
(Font)              using `OML/ppl/m/it' instead
(Font)              for symbol `textgreater' on input line 996.

LaTeX Font Info:    Font shape `OML/ppl/m/it' in size <12> not available
(Font)              Font shape `OML/cmm/m/it' tried instead on input line 996.
LaTeX Font Info:    Font shape `OML/ppl/bx/n' in size <12> not available
(Font)              Font shape `OML/cmm/m/it' tried instead on input line 996.
<obr/bgp_isis_r4_r10_primary.png, id=72, 586.5915pt x 408.3255pt>
File: obr/bgp_isis_r4_r10_primary.png Graphic file (type png)

<use obr/bgp_isis_r4_r10_primary.png>
Package pdftex.def Info: obr/bgp_isis_r4_r10_primary.png used on input line 100
0.
(pdftex.def)             Requested size: 398.33858pt x 277.29005pt.

Underfull \vbox (badness 3503) has occurred while \output is active []

 [21]
[22 <./obr/bgp_isis_r4_r10_primary.png (PNG copy)>]
Overfull \hbox (92.23804pt too wide) in paragraph at lines 1052--1052
[]\OT1/pcr/m/n/10.95 Status codes: s suppressed, d damped, h history, * valid, 
> best, i - internal,[] 
 []


Overfull \hbox (0.25815pt too wide) in paragraph at lines 1056--1056
[]   \OT1/pcr/m/n/10.95 Network          Next Hop            Metric LocPrf Weig
ht Path[] 
 []


Overfull \hbox (39.6781pt too wide) in paragraph at lines 1057--1057
[]\OT1/pcr/m/n/10.95 *> 10.255.255.1/32  200.110.255.245               160     
 0 110 3401 i[] 
 []


Overfull \hbox (39.6781pt too wide) in paragraph at lines 1058--1058
[]\OT1/pcr/m/n/10.95 *                   200.33.255.245                        
 0 330 3401 i[] 
 []


Overfull \hbox (6.82814pt too wide) in paragraph at lines 1059--1059
[]\OT1/pcr/m/n/10.95 *> 10.255.255.2/32  200.110.255.245               160     
 0 110 i[] 
 []


Overfull \hbox (65.95807pt too wide) in paragraph at lines 1060--1060
[]\OT1/pcr/m/n/10.95 *                   200.33.255.245                        
 0 330 3401 110 i[] 
 []


Overfull \hbox (65.95807pt too wide) in paragraph at lines 1061--1061
[]\OT1/pcr/m/n/10.95 *  10.255.255.3/32  200.33.255.245                        
 0 330 3401 110 i[] 
 []


Overfull \hbox (6.82814pt too wide) in paragraph at lines 1062--1062
[]\OT1/pcr/m/n/10.95 *>                  200.110.255.245               160     
 0 110 i[] 
 []


Overfull \hbox (65.95807pt too wide) in paragraph at lines 1063--1063
[]\OT1/pcr/m/n/10.95 *  10.255.255.4/32  200.33.255.245                        
 0 330 3401 110 i[] 
 []


Overfull \hbox (6.82814pt too wide) in paragraph at lines 1064--1064
[]\OT1/pcr/m/n/10.95 *>                  200.110.255.245          0    160     
 0 110 i[] 
 []


Overfull \hbox (72.52806pt too wide) in paragraph at lines 1065--1065
[]\OT1/pcr/m/n/10.95 *> 10.255.255.5/32  200.110.255.245               160     
 0 110 3401 4502 i[] 
 []


Overfull \hbox (72.52806pt too wide) in paragraph at lines 1066--1066
[]\OT1/pcr/m/n/10.95 *                   200.33.255.245                        
 0 330 3401 4502 i[] 
 []


Overfull \hbox (65.95807pt too wide) in paragraph at lines 1067--1067
[]\OT1/pcr/m/n/10.95 *> 10.255.255.6/32  200.110.255.245               160     
 0 110 3401 330 i[] 
 []


Overfull \hbox (6.82814pt too wide) in paragraph at lines 1068--1068
[]\OT1/pcr/m/n/10.95 *                   200.33.255.245                        
 0 330 i[] 
 []


Overfull \hbox (65.95807pt too wide) in paragraph at lines 1069--1069
[]\OT1/pcr/m/n/10.95 *> 10.255.255.7/32  200.110.255.245               160     
 0 110 3401 330 i[] 
 []


Overfull \hbox (6.82814pt too wide) in paragraph at lines 1070--1070
[]\OT1/pcr/m/n/10.95 *                   200.33.255.245           0            
 0 330 i[] 
 []


Overfull \hbox (6.82814pt too wide) in paragraph at lines 1071--1071
[]\OT1/pcr/m/n/10.95 *> 10.255.255.8/32  200.110.255.245               160     
 0 110 i[] 
 []


Overfull \hbox (65.95807pt too wide) in paragraph at lines 1072--1072
[]\OT1/pcr/m/n/10.95 *                   200.33.255.245                        
 0 330 3401 110 i[] 
 []


Overfull \hbox (65.95807pt too wide) in paragraph at lines 1073--1073
[]\OT1/pcr/m/n/10.95 *  10.255.255.9/32  200.33.255.245                        
 0 330 3401 110 i[] 
 []


Overfull \hbox (0.25815pt too wide) in paragraph at lines 1081--1081
[]\OT1/pcr/m/n/10.95 Status codes: s suppressed, d damped, h history, * valid, 
> best,[] 
 []


Overfull \hbox (13.39813pt too wide) in paragraph at lines 1087--1087
[]\OT1/pcr/m/n/10.95 *>i10.255.255.2/32  10.255.255.6         0    100      0 4
502 110 i[] 
 []


Overfull \hbox (13.39813pt too wide) in paragraph at lines 1088--1088
[]\OT1/pcr/m/n/10.95 *>i10.255.255.3/32  10.255.255.6         0    100      0 3
401 110 i[] 
 []


Overfull \hbox (13.39813pt too wide) in paragraph at lines 1089--1089
[]\OT1/pcr/m/n/10.95 *>i10.255.255.4/32  10.255.255.6         0    100      0 4
502 110 i[] 
 []


Overfull \hbox (52.81808pt too wide) in paragraph at lines 1093--1093
[]\OT1/pcr/m/n/10.95 *>i10.255.255.8/32  10.255.255.6         0    100      0 4
502 110 65001 i[] 
 []


Overfull \hbox (52.81808pt too wide) in paragraph at lines 1094--1094
[]\OT1/pcr/m/n/10.95 *>i10.255.255.9/32  10.255.255.6         0    100      0 4
502 110 65001 i[] 
 []


Overfull \hbox (46.2481pt too wide) in paragraph at lines 1095--1095
[]\OT1/pcr/m/n/10.95 *>i10.255.255.10/32 10.255.255.6         0    100      0 3
401 110 5005 i[] 
 []

[23]
Overfull \hbox (13.39813pt too wide) in paragraph at lines 1101--1101
[]\OT1/pcr/m/n/10.95 *>i200.110.0.0/16   10.255.255.6         0    100      0 4
502 110 i[] 
 []


Overfull \hbox (46.2481pt too wide) in paragraph at lines 1102--1102
[]\OT1/pcr/m/n/10.95 *>i223.255.255.0    10.255.255.6         0    100      0 4
502 110 5005 i[] 
 []


Overfull \hbox (26.56146pt too wide) in paragraph at lines 1113--1113
[]\OT1/ppl/b/n/14.4 Distribuovat[] iba de-fault, AS5005 a pe-e-ring pre-fixy do
 AS65001 
 []

[24]
Overfull \hbox (0.25815pt too wide) in paragraph at lines 1215--1215
[]\OT1/pcr/m/n/10.95 i L2    200.110.255.236 [115/10] via 10.110.89.9, FastEthe
rnet0/1[] 
 []

[25]
Overfull \hbox (0.25815pt too wide) in paragraph at lines 1223--1223
[]\OT1/pcr/m/n/10.95 i L2    10.255.255.9/32 [115/10] via 10.110.89.9, FastEthe
rnet0/1[] 
 []


Overfull \hbox (92.23804pt too wide) in paragraph at lines 1237--1237
[]\OT1/pcr/m/n/10.95 Status codes: s suppressed, d damped, h history, * valid, 
> best, i - internal,[] 
 []


Overfull \hbox (0.25815pt too wide) in paragraph at lines 1241--1241
[]   \OT1/pcr/m/n/10.95 Network          Next Hop            Metric LocPrf Weig
ht Path[] 
 []


Overfull \hbox (6.82814pt too wide) in paragraph at lines 1242--1242
[]\OT1/pcr/m/n/10.95 *> 0.0.0.0          200.110.255.241          0    110     
 0 110 i[] 
 []


Overfull \hbox (6.82814pt too wide) in paragraph at lines 1243--1243
[]\OT1/pcr/m/n/10.95 *> 10.255.255.2/32  200.110.255.241               110     
 0 110 i[] 
 []


Overfull \hbox (6.82814pt too wide) in paragraph at lines 1244--1244
[]\OT1/pcr/m/n/10.95 *> 10.255.255.3/32  200.110.255.241          0    110     
 0 110 i[] 
 []


Overfull \hbox (6.82814pt too wide) in paragraph at lines 1245--1245
[]\OT1/pcr/m/n/10.95 *> 10.255.255.4/32  200.110.255.241               110     
 0 110 i[] 
 []


Overfull \hbox (39.6781pt too wide) in paragraph at lines 1248--1248
[]\OT1/pcr/m/n/10.95 *> 10.255.255.10/32 200.110.255.241               110     
 0 110 5005 i[] 
 []


Overfull \hbox (6.82814pt too wide) in paragraph at lines 1249--1249
[]\OT1/pcr/m/n/10.95 *> 200.110.0.0/16   200.110.255.241               110     
 0 110 i[] 
 []


Overfull \hbox (6.82814pt too wide) in paragraph at lines 1250--1250
[]\OT1/pcr/m/n/10.95 *> 200.110.4.0/25   200.110.255.241               110     
 0 110 i[] 
 []


Overfull \hbox (39.6781pt too wide) in paragraph at lines 1252--1252
[]\OT1/pcr/m/n/10.95 *> 223.255.255.0    200.110.255.241               110     
 0 110 5005 i[] 
 []


Overfull \hbox (23.33548pt too wide) in paragraph at lines 1264--1265
 [] \OT1/ppl/m/n/12 Je ne[]ziad[]uce, aby ko-mu-nik[]acia me-dzi po-sky-to-va-t
el[]mi ``ISP 1'' a ``ISP 2'' prech[]adzala
 []

[26] [27]
Overfull \hbox (13.03912pt too wide) in paragraph at lines 1365--1365
[]\OT1/ppl/b/n/14.4 Overit[] funk^^Tcnost[] na-sta-ve-nia po-li-tiky vhodn[]ymi
 v[]ypadkami
 []


Overfull \hbox (33.10811pt too wide) in paragraph at lines 1389--1389
[]\OT1/pcr/m/n/10.95 *Mar 20 11:39:59.651: %BGP-5-ADJCHANGE: neighbor 200.110.2
55.241 Up  *[] 
 []

[28] [29] (./dokumentacia_bgp_isis_vachalik_sisila.aux)

LaTeX Font Warning: Some font shapes were not available, defaults substituted.


LaTeX Warning: There were multiply-defined labels.

 ) 
Here is how much of TeX's memory you used:
 5765 strings out of 493105
 75671 string characters out of 6137072
 154982 words of memory out of 5000000
 9113 multiletter control sequences out of 15000+600000
 15218 words of font info for 44 fonts, out of 8000000 for 9000
 1141 hyphenation exceptions out of 8191
 37i,9n,35p,942b,526s stack positions out of 5000i,500n,10000p,200000b,80000s
{/usr/share/texlive/texmf-dist/fonts/enc/dvips/base/8r.enc}</usr/share/texliv
e/texmf-dist/fonts/type1/public/amsfonts/cm/cmmi12.pfb></usr/share/texlive/texm
f-dist/fonts/type1/public/amsfonts/cm/cmsy10.pfb></usr/share/texlive/texmf-dist
/fonts/type1/urw/courier/ucrr8a.pfb></usr/share/texlive/texmf-dist/fonts/type1/
urw/palatino/uplb8a.pfb></usr/share/texlive/texmf-dist/fonts/type1/urw/palatino
/uplr8a.pfb>
Output written on dokumentacia_bgp_isis_vachalik_sisila.pdf (29 pages, 4141162 
bytes).
PDF statistics:
 121 PDF objects out of 1000 (max. 8388607)
 81 compressed objects within 1 object stream
 0 named destinations out of 1000 (max. 500000)
 16 words of extra memory for PDF output out of 10000 (max. 10000000)

