
                             MOR/LP

Date:  3/ 6/01                                   Time: 22:45:13
                  D:\VYUCBA~1\MOR\doprNeob.mor

                        MODEL DESCRIPTION
      ****************************************************

min z=1000y11+1500y12+1600y21+2000y22+
       200x11+ 150x12+ 130x21+ 140x22

st x11+x21=20
   x12+x22=30

   x11-20y11<0
   x21-20y21<0
   x12-30y12<0
   x22-30y22<0

      ****************************************************


Simplex Method





                            ^^^ Optimal Solution ^^^

Z               =  10199.9998
Y11             =      0.0000
Y12             =      1.0000
Y21             =      1.0000
Y22             =      0.0000
X11             =      0.0000
X12             =     30.0000
X21             =     20.0000
X22             =      0.0000


Compile time:     0.00 (Secs.)
Run time    :     0.00 (Secs.)
