
                             MOR/LP

Date:  3/ 7/01                                   Time: 02:28:25
                  D:\VYUCBA~1\MOR\doprStra.mor

                        MODEL DESCRIPTION
      ****************************************************

max z= 10000x11+ 10000x12+ 12000x21+ 12000x22-
        2000x11-  3000x12-  2000x21-  1000x22-
        5000*1.05*x11-5000*1.10*x21-
        6000*1.10*x21-6000*1.15*x22 

st 1.05*x11+1.10*x21=10
   1.10*x12+1.15*x22=25

                           
      ****************************************************


Simplex Method





                            ^^^ Optimal Solution ^^^

Z               =  185281.3850
X11             =      9.5238
X12             =     22.7273
X21             =      0.0000
X22             =      0.0000


Compile time:     0.06 (Secs.)
Run time    :     0.00 (Secs.)
