
SQL*Loader: Release 11.2.0.1.0 - Production on Fri Mar 20 14:41:41 2015

Copyright (c) 1982, 2009, Oracle and/or its affiliates.  All rights reserved.

Control File:   l_mesto.ctl
Data File:      l_mesto.unl
  Bad File:     l_mesto.bad
  Discard File:  none specified
 
 (Allow all discards)

Number to load: ALL
Number to skip: 0
Errors allowed: 50
Bind array:     64 rows, maximum of 256000 bytes
Continuation:    none specified
Path used:      Conventional

Table L_MESTO, loaded from every logical record.
Insert option in effect for this table: INSERT

   Column Name                  Position   Len  Term Encl Datatype
------------------------------ ---------- ----- ---- ---- ---------------------
PSC                                 FIRST     *   |       CHARACTER            
ID_KRAJINY                           NEXT     *   |       CHARACTER            
NAZOV                                NEXT     *   |       CHARACTER            


Table L_MESTO:
  41 Rows successfully loaded.
  0 Rows not loaded due to data errors.
  0 Rows not loaded because all WHEN clauses were failed.
  0 Rows not loaded because all fields were null.


Space allocated for bind array:                  49536 bytes(64 rows)
Read   buffer bytes: 1048576

Total logical records skipped:          0
Total logical records read:            41
Total logical records rejected:         0
Total logical records discarded:        0

Run began on Fri Mar 20 14:41:41 2015
Run ended on Fri Mar 20 14:41:44 2015

Elapsed time was:     00:00:02.86
CPU time was:         00:00:00.01
