
SQL*Loader: Release 11.2.0.1.0 - Production on Fri Mar 20 14:44:23 2015

Copyright (c) 1982, 2009, Oracle and/or its affiliates.  All rights reserved.

Control File:   l_typ_lietadla.ctl
Data File:      l_typ_lietadla.unl
  Bad File:     l_typ_lietadla.bad
  Discard File:  none specified
 
 (Allow all discards)

Number to load: ALL
Number to skip: 0
Errors allowed: 50
Bind array:     64 rows, maximum of 256000 bytes
Continuation:    none specified
Path used:      Conventional

Table L_TYP_LIETADLA, loaded from every logical record.
Insert option in effect for this table: INSERT

   Column Name                  Position   Len  Term Encl Datatype
------------------------------ ---------- ----- ---- ---- ---------------------
ID_TYPU                             FIRST     *   |       CHARACTER            
NAZOV                                NEXT     *   |       CHARACTER            
KAPACITA                             NEXT     *   |       CHARACTER            
MIN_PRIST_DRAHA                      NEXT     *   |       CHARACTER            
MIN_ODLET_DRAHA                      NEXT     *   |       CHARACTER            


Table L_TYP_LIETADLA:
  4 Rows successfully loaded.
  0 Rows not loaded due to data errors.
  0 Rows not loaded because all WHEN clauses were failed.
  0 Rows not loaded because all fields were null.


Space allocated for bind array:                  82560 bytes(64 rows)
Read   buffer bytes: 1048576

Total logical records skipped:          0
Total logical records read:             4
Total logical records rejected:         0
Total logical records discarded:        0

Run began on Fri Mar 20 14:44:23 2015
Run ended on Fri Mar 20 14:44:25 2015

Elapsed time was:     00:00:02.75
CPU time was:         00:00:00.01
