
SQL*Loader: Release 11.2.0.1.0 - Production on Fri Mar 20 14:47:10 2015

Copyright (c) 1982, 2009, Oracle and/or its affiliates.  All rights reserved.

Control File:   l_triedy.ctl
Data File:      l_triedy.unl
  Bad File:     l_triedy.bad
  Discard File:  none specified
 
 (Allow all discards)

Number to load: ALL
Number to skip: 0
Errors allowed: 50
Bind array:     64 rows, maximum of 256000 bytes
Continuation:    none specified
Path used:      Conventional

Table L_TRIEDY, loaded from every logical record.
Insert option in effect for this table: INSERT

   Column Name                  Position   Len  Term Encl Datatype
------------------------------ ---------- ----- ---- ---- ---------------------
ID_LETU                             FIRST     *   |       CHARACTER            
ID_TRIEDY                            NEXT     *   |       CHARACTER            
KAPACITA                             NEXT     *   |       CHARACTER            


Table L_TRIEDY:
  59183 Rows successfully loaded.
  0 Rows not loaded due to data errors.
  0 Rows not loaded because all WHEN clauses were failed.
  0 Rows not loaded because all fields were null.


Space allocated for bind array:                  49536 bytes(64 rows)
Read   buffer bytes: 1048576

Total logical records skipped:          0
Total logical records read:         59183
Total logical records rejected:         0
Total logical records discarded:        0

Run began on Fri Mar 20 14:47:10 2015
Run ended on Fri Mar 20 14:47:21 2015

Elapsed time was:     00:00:11.18
CPU time was:         00:00:00.34
