This is pdfTeX, Version 3.14159265-2.6-1.40.15 (TeX Live 2015/dev/Debian) (preloaded format=pdflatex 2017.6.17)  18 JUN 2017 15:14
entering extended mode
 restricted \write18 enabled.
 %&-line parsing enabled.
**dokumentacia_multiarea_ospf_vachalik_sisila_v2.tex
(./dokumentacia_multiarea_ospf_vachalik_sisila_v2.tex
LaTeX2e <2014/05/01>
Babel <3.9l> and hyphenation patterns for 79 languages loaded.
(/usr/share/texlive/texmf-dist/tex/latex/base/report.cls
Document Class: report 2014/09/29 v1.4h Standard LaTeX document class
(/usr/share/texlive/texmf-dist/tex/latex/base/size12.clo
File: size12.clo 2014/09/29 v1.4h Standard LaTeX file (size option)
)
\c@part=\count79
\c@chapter=\count80
\c@section=\count81
\c@subsection=\count82
\c@subsubsection=\count83
\c@paragraph=\count84
\c@subparagraph=\count85
\c@figure=\count86
\c@table=\count87
\abovecaptionskip=\skip41
\belowcaptionskip=\skip42
\bibindent=\dimen102
)
(/usr/share/texlive/texmf-dist/tex/latex/geometry/geometry.sty
Package: geometry 2010/09/12 v5.6 Page Geometry

(/usr/share/texlive/texmf-dist/tex/latex/graphics/keyval.sty
Package: keyval 2014/05/08 v1.15 key=value parser (DPC)
\KV@toks@=\toks14
)
(/usr/share/texlive/texmf-dist/tex/generic/oberdiek/ifpdf.sty
Package: ifpdf 2011/01/30 v2.3 Provides the ifpdf switch (HO)
Package ifpdf Info: pdfTeX in PDF mode is detected.
)
(/usr/share/texlive/texmf-dist/tex/generic/oberdiek/ifvtex.sty
Package: ifvtex 2010/03/01 v1.5 Detect VTeX and its facilities (HO)
Package ifvtex Info: VTeX not detected.
)
(/usr/share/texlive/texmf-dist/tex/generic/ifxetex/ifxetex.sty
Package: ifxetex 2010/09/12 v0.6 Provides ifxetex conditional
)
\Gm@cnth=\count88
\Gm@cntv=\count89
\c@Gm@tempcnt=\count90
\Gm@bindingoffset=\dimen103
\Gm@wd@mp=\dimen104
\Gm@odd@mp=\dimen105
\Gm@even@mp=\dimen106
\Gm@layoutwidth=\dimen107
\Gm@layoutheight=\dimen108
\Gm@layouthoffset=\dimen109
\Gm@layoutvoffset=\dimen110
\Gm@dimlist=\toks15
)
(/usr/share/texlive/texmf-dist/tex/latex/base/inputenc.sty
Package: inputenc 2014/04/30 v1.2b Input encoding file
\inpenc@prehook=\toks16
\inpenc@posthook=\toks17

(/usr/share/texlive/texmf-dist/tex/latex/ucs/utf8x.def
File: utf8x.def 2004/10/17 UCS: Input encoding UTF-8
))
(/usr/share/texlive/texmf-dist/tex/latex/ucs/ucs.sty
Package: ucs 2013/05/11 v2.2 UCS: Unicode input support

(/usr/share/texlive/texmf-dist/tex/latex/ucs/data/uni-global.def
File: uni-global.def 2013/05/13 UCS: Unicode global data
)
\uc@secondtry=\count91
\uc@combtoks=\toks18
\uc@combtoksb=\toks19
\uc@temptokena=\toks20
)
(/usr/share/texlive/texmf-dist/tex/generic/babel/babel.sty
Package: babel 2014/09/25 3.9l The Babel package

(/usr/share/texlive/texmf-dist/tex/generic/babel-slovak/slovak.ldf
Language: slovak 2008/07/06 v3.1a Slovak support from the babel system

(/usr/share/texlive/texmf-dist/tex/generic/babel/babel.def
File: babel.def 2014/09/25 3.9l Babel common definitions
\babel@savecnt=\count92
\U@D=\dimen111
)
Package babel Info: Making ^ an active character on input line 123.
Package babel Info: Making " an active character on input line 126.
Package babel Info: Making ' an active character on input line 129.
\cs@wordlen=\count93
Package babel Info: Making - an active character on input line 294.
))
(/usr/share/texlive/texmf-dist/tex/latex/psnfss/palatino.sty
Package: palatino 2005/04/12 PSNFSS-v9.2a (SPQR) 
)
(/usr/share/texlive/texmf-dist/tex/latex/tools/verbatim.sty
Package: verbatim 2014/10/28 v1.5q LaTeX2e package for verbatim enhancements
\every@verbatim=\toks21
\verbatim@line=\toks22
\verbatim@in@stream=\read1
)
(/usr/share/texlive/texmf-dist/tex/latex/dirtytalk/dirtytalk.sty
Package: dirtytalk 2010/11/21 A package making "quoting" easier

(/usr/share/texlive/texmf-dist/tex/latex/oberdiek/kvoptions.sty
Package: kvoptions 2011/06/30 v3.11 Key value format for package options (HO)

(/usr/share/texlive/texmf-dist/tex/generic/oberdiek/ltxcmds.sty
Package: ltxcmds 2011/11/09 v1.22 LaTeX kernel commands for general use (HO)
)
(/usr/share/texlive/texmf-dist/tex/generic/oberdiek/kvsetkeys.sty
Package: kvsetkeys 2012/04/25 v1.16 Key value parser (HO)

(/usr/share/texlive/texmf-dist/tex/generic/oberdiek/infwarerr.sty
Package: infwarerr 2010/04/08 v1.3 Providing info/warning/error messages (HO)
)
(/usr/share/texlive/texmf-dist/tex/generic/oberdiek/etexcmds.sty
Package: etexcmds 2011/02/16 v1.5 Avoid name clashes with e-TeX commands (HO)

(/usr/share/texlive/texmf-dist/tex/generic/oberdiek/ifluatex.sty
Package: ifluatex 2010/03/01 v1.3 Provides the ifluatex switch (HO)
Package ifluatex Info: LuaTeX not detected.
)
Package etexcmds Info: Could not find \expanded.
(etexcmds)             That can mean that you are not using pdfTeX 1.50 or
(etexcmds)             that some package has redefined \expanded.
(etexcmds)             In the latter case, load this package earlier.
)))
(/usr/share/texlive/texmf-dist/tex/latex/base/ifthen.sty
Package: ifthen 2014/09/29 v1.1c Standard LaTeX ifthen package (DPC)
)
\c@dirtytalk@qdepth=\count94
)
(/usr/share/texlive/texmf-dist/tex/latex/base/alltt.sty
Package: alltt 1997/06/16 v2.0g defines alltt environment
)
(/usr/share/texlive/texmf-dist/tex/latex/graphics/graphicx.sty
Package: graphicx 2014/04/25 v1.0g Enhanced LaTeX Graphics (DPC,SPQR)

(/usr/share/texlive/texmf-dist/tex/latex/graphics/graphics.sty
Package: graphics 2009/02/05 v1.0o Standard LaTeX Graphics (DPC,SPQR)

(/usr/share/texlive/texmf-dist/tex/latex/graphics/trig.sty
Package: trig 1999/03/16 v1.09 sin cos tan (DPC)
)
(/usr/share/texlive/texmf-dist/tex/latex/latexconfig/graphics.cfg
File: graphics.cfg 2010/04/23 v1.9 graphics configuration of TeX Live
)
Package graphics Info: Driver file: pdftex.def on input line 91.

(/usr/share/texlive/texmf-dist/tex/latex/pdftex-def/pdftex.def
File: pdftex.def 2011/05/27 v0.06d Graphics/color for pdfTeX
\Gread@gobject=\count95
))
\Gin@req@height=\dimen112
\Gin@req@width=\dimen113
)
(/usr/share/texlive/texmf-dist/tex/latex/chngcntr/chngcntr.sty
Package: chngcntr 2009/09/02 v1.0a change counter resetting
)
(/usr/share/texlive/texmf-dist/tex/latex/booktabs/booktabs.sty
Package: booktabs 2005/04/14 v1.61803 publication quality tables
\heavyrulewidth=\dimen114
\lightrulewidth=\dimen115
\cmidrulewidth=\dimen116
\belowrulesep=\dimen117
\belowbottomsep=\dimen118
\aboverulesep=\dimen119
\abovetopsep=\dimen120
\cmidrulesep=\dimen121
\cmidrulekern=\dimen122
\defaultaddspace=\dimen123
\@cmidla=\count96
\@cmidlb=\count97
\@aboverulesep=\dimen124
\@belowrulesep=\dimen125
\@thisruleclass=\count98
\@lastruleclass=\count99
\@thisrulewidth=\dimen126
)
(/usr/share/texlive/texmf-dist/tex/latex/multirow/multirow.sty
\bigstrutjot=\dimen127
)
(/usr/share/texlive/texmf-dist/tex/latex/etoolbox/etoolbox.sty
Package: etoolbox 2011/01/03 v2.1 e-TeX tools for LaTeX

(/usr/share/texlive/texmf-dist/tex/latex/etex-pkg/etex.sty
Package: etex 1998/03/26 v2.0 eTeX basic definition package (PEB)
\et@xins=\count100
)
\etb@tempcnta=\count101
)
(./dokumentacia_multiarea_ospf_vachalik_sisila_v2.aux)
\openout1 = `dokumentacia_multiarea_ospf_vachalik_sisila_v2.aux'.

LaTeX Font Info:    Checking defaults for OML/cmm/m/it on input line 37.
LaTeX Font Info:    ... okay on input line 37.
LaTeX Font Info:    Checking defaults for T1/cmr/m/n on input line 37.
LaTeX Font Info:    ... okay on input line 37.
LaTeX Font Info:    Checking defaults for OT1/cmr/m/n on input line 37.
LaTeX Font Info:    ... okay on input line 37.
LaTeX Font Info:    Checking defaults for OMS/cmsy/m/n on input line 37.
LaTeX Font Info:    ... okay on input line 37.
LaTeX Font Info:    Checking defaults for OMX/cmex/m/n on input line 37.
LaTeX Font Info:    ... okay on input line 37.
LaTeX Font Info:    Checking defaults for U/cmr/m/n on input line 37.
LaTeX Font Info:    ... okay on input line 37.
LaTeX Font Info:    Try loading font information for OT1+ppl on input line 37.

(/usr/share/texlive/texmf-dist/tex/latex/psnfss/ot1ppl.fd
File: ot1ppl.fd 2001/06/04 font definitions for OT1/ppl.
)
*geometry* driver: auto-detecting
*geometry* detected driver: pdftex
*geometry* verbose mode - [ preamble ] result:
* driver: pdftex
* paper: a4paper
* layout: <same size as paper>
* layoutoffset:(h,v)=(0.0pt,0.0pt)
* bindingoffset: 17.07164pt
* modes: twoside 
* h-part:(L,W,R)=(61.45795pt, 426.79134pt, 92.18695pt)
* v-part:(T,H,B)=(71.13188pt, 702.78308pt, 71.13188pt)
* \paperwidth=597.50787pt
* \paperheight=845.04684pt
* \textwidth=426.79134pt
* \textheight=702.78308pt
* \oddsidemargin=6.2596pt
* \evensidemargin=19.91696pt
* \topmargin=-38.1381pt
* \headheight=12.0pt
* \headsep=25.0pt
* \topskip=12.0pt
* \footskip=30.0pt
* \marginparwidth=85.0pt
* \marginparsep=10.0pt
* \columnsep=10.0pt
* \skip\footins=10.8pt plus 4.0pt minus 2.0pt
* \hoffset=0.0pt
* \voffset=0.0pt
* \mag=1000
* \@twocolumnfalse
* \@twosidetrue
* \@mparswitchtrue
* \@reversemarginfalse
* (1in=72.27pt=25.4mm, 1cm=28.453pt)

(/usr/share/texlive/texmf-dist/tex/latex/ucs/ucsencs.def
File: ucsencs.def 2011/01/21 Fixes to fontencodings LGR, T3
)
(/usr/share/texlive/texmf-dist/tex/context/base/supp-pdf.mkii
[Loading MPS to PDF converter (version 2006.09.02).]
\scratchcounter=\count102
\scratchdimen=\dimen128
\scratchbox=\box26
\nofMPsegments=\count103
\nofMParguments=\count104
\everyMPshowfont=\toks23
\MPscratchCnt=\count105
\MPscratchDim=\dimen129
\MPnumerator=\count106
\makeMPintoPDFobject=\count107
\everyMPtoPDFconversion=\toks24
) (/usr/share/texlive/texmf-dist/tex/generic/oberdiek/pdftexcmds.sty
Package: pdftexcmds 2011/11/29 v0.20 Utility functions of pdfTeX for LuaTeX (HO
)
Package pdftexcmds Info: LuaTeX not detected.
Package pdftexcmds Info: \pdf@primitive is available.
Package pdftexcmds Info: \pdf@ifprimitive is available.
Package pdftexcmds Info: \pdfdraftmode found.
)
(/usr/share/texlive/texmf-dist/tex/latex/oberdiek/epstopdf-base.sty
Package: epstopdf-base 2010/02/09 v2.5 Base part for package epstopdf

(/usr/share/texlive/texmf-dist/tex/latex/oberdiek/grfext.sty
Package: grfext 2010/08/19 v1.1 Manage graphics extensions (HO)

(/usr/share/texlive/texmf-dist/tex/generic/oberdiek/kvdefinekeys.sty
Package: kvdefinekeys 2011/04/07 v1.3 Define keys (HO)
))
Package grfext Info: Graphics extension search list:
(grfext)             [.png,.pdf,.jpg,.mps,.jpeg,.jbig2,.jb2,.PNG,.PDF,.JPG,.JPE
G,.JBIG2,.JB2,.eps]
(grfext)             \AppendGraphicsExtensions on input line 452.

(/usr/share/texlive/texmf-dist/tex/latex/latexconfig/epstopdf-sys.cfg
File: epstopdf-sys.cfg 2010/07/13 v1.3 Configuration of (r)epstopdf for TeX Liv
e
))
LaTeX Font Info:    Font shape `OT1/ppl/bx/n' in size <24.88> not available
(Font)              Font shape `OT1/ppl/b/n' tried instead on input line 41.
LaTeX Font Info:    Font shape `OT1/ppl/bx/n' in size <12> not available
(Font)              Font shape `OT1/ppl/b/n' tried instead on input line 43.

(/usr/share/texlive/texmf-dist/tex/latex/ucs/data/uni-1.def
File: uni-1.def 2013/05/13 UCS: Unicode data U+0100..U+01FF
)
(/usr/share/texlive/texmf-dist/tex/latex/ucs/data/uni-0.def
File: uni-0.def 2013/05/13 UCS: Unicode data U+0000..U+00FF
) [1


{/var/lib/texmf/fonts/map/pdftex/updmap/pdftex.map}]
(./dokumentacia_multiarea_ospf_vachalik_sisila_v2.toc
LaTeX Font Info:    External font `cmex10' loaded for size
(Font)              <12> on input line 3.
LaTeX Font Info:    External font `cmex10' loaded for size
(Font)              <8> on input line 3.
LaTeX Font Info:    External font `cmex10' loaded for size
(Font)              <6> on input line 3.

Overfull \hbox (4.34218pt too wide) in paragraph at lines 20--20
 [][] []\OT1/ppl/m/n/12 R2, R3, R4 bro-ad-cast spo-je-nia pro-stredn[]^^Pctvom 
L2 prep[]^^Pna[]ca, 
 []


Overfull \hbox (7.68892pt too wide) in paragraph at lines 84--84
 [][] []\OT1/ppl/m/n/12 Skr[]atenie hello a dead-interval []casova[]cov, zis-te
-nie funk[]cnosti 
 []

)
\tf@toc=\write3
\openout3 = `dokumentacia_multiarea_ospf_vachalik_sisila_v2.toc'.

 [2

]
LaTeX Font Info:    Font shape `OT1/ppl/bx/n' in size <17.28> not available
(Font)              Font shape `OT1/ppl/b/n' tried instead on input line 48.
 <obr/multiarea_ospf_topo.png, id=11, 484.05844pt x 357.58594pt>
File: obr/multiarea_ospf_topo.png Graphic file (type png)

<use obr/multiarea_ospf_topo.png>
Package pdftex.def Info: obr/multiarea_ospf_topo.png used on input line 54.
(pdftex.def)             Requested size: 341.43306pt x 252.23451pt.

Overfull \hbox (25.13855pt too wide) in paragraph at lines 65--98
 [][] 
 []

[3 <./obr/multiarea_ospf_topo.png>]
LaTeX Font Info:    Font shape `OT1/ppl/bx/n' in size <14.4> not available
(Font)              Font shape `OT1/ppl/b/n' tried instead on input line 106.
LaTeX Font Info:    Try loading font information for OT1+qcr on input line 113.


(/usr/share/texmf/tex/latex/tex-gyre/ot1qcr.fd
File: ot1qcr.fd 2009/09/25 v1.2 font definition file for OT1/qcr
)
Underfull \vbox (badness 10000) has occurred while \output is active []

 [4]
LaTeX Font Info:    Try loading font information for OT1+pcr on input line 115.


(/usr/share/texlive/texmf-dist/tex/latex/psnfss/ot1pcr.fd
File: ot1pcr.fd 2001/06/04 font definitions for OT1/pcr.
) [5]
Underfull \vbox (badness 10000) has occurred while \output is active []

 [6]
Underfull \vbox (badness 10000) has occurred while \output is active []

 [7]
Underfull \vbox (badness 10000) has occurred while \output is active []

 [8]
Overfull \hbox (39.6781pt too wide) in paragraph at lines 351--351
[]\OT1/pcr/m/n/10.95 Interface                  IP-Address      OK? Method Stat
us   Protocol[] 
 []


Overfull \hbox (0.25815pt too wide) in paragraph at lines 352--352
[]\OT1/pcr/m/n/10.95 FastEthernet0/0            10.1.38.1       YES TFTP   up  
     up[] 
 []


Overfull \hbox (0.25815pt too wide) in paragraph at lines 353--353
[]\OT1/pcr/m/n/10.95 FastEthernet0/1            10.0.234.3      YES TFTP   up  
     up[] 
 []


Overfull \hbox (0.25815pt too wide) in paragraph at lines 354--354
[]\OT1/pcr/m/n/10.95 Serial1/0                  10.2.39.1       YES TFTP   up  
     up[] 
 []


Overfull \hbox (13.39813pt too wide) in paragraph at lines 355--355
[]\OT1/pcr/m/n/10.95 Serial1/1                  unassigned      YES TFTP   up  
     down[] 
 []


Overfull \hbox (13.39813pt too wide) in paragraph at lines 356--356
[]\OT1/pcr/m/n/10.95 Serial1/2                  unassigned      YES TFTP   up  
     down[] 
 []


Overfull \hbox (13.39813pt too wide) in paragraph at lines 357--357
[]\OT1/pcr/m/n/10.95 Serial1/3                  unassigned      YES TFTP   up  
     down[] 
 []


Overfull \hbox (0.25815pt too wide) in paragraph at lines 358--358
[]\OT1/pcr/m/n/10.95 Loopback1                  10.255.255.3    YES TFTP   up  
     up[] 
 []


Overfull \hbox (39.6781pt too wide) in paragraph at lines 362--362
[]\OT1/pcr/m/n/10.95 Capability Codes: R - Router, T - Trans Bridge, B - Source
 Route Bridge[] 
 []


Overfull \hbox (65.95807pt too wide) in paragraph at lines 365--365
[]\OT1/pcr/m/n/10.95 Device ID        Local Intrfce     Holdtme    Capability  
Platform  Port ID[] 
 []


Overfull \hbox (65.95807pt too wide) in paragraph at lines 366--366
[]\OT1/pcr/m/n/10.95 R2               Fas 0/1            125         R S I     
2691      Fas 0/1[] 
 []


Overfull \hbox (65.95807pt too wide) in paragraph at lines 367--367
[]\OT1/pcr/m/n/10.95 R4               Fas 0/1            137         R S I     
2691      Fas 0/1[] 
 []


Overfull \hbox (65.95807pt too wide) in paragraph at lines 368--368
[]\OT1/pcr/m/n/10.95 R8               Fas 0/0            155         R S I     
2691      Fas 0/0[] 
 []


Overfull \hbox (65.95807pt too wide) in paragraph at lines 369--369
[]\OT1/pcr/m/n/10.95 R9               Ser 1/0            147         R S I     
2691      Ser 1/0[] 
 []

[9] [10]
Underfull \vbox (badness 10000) has occurred while \output is active []

 [11]
LaTeX Font Info:    Font shape `OT1/pcr/bx/n' in size <10.95> not available
(Font)              Font shape `OT1/pcr/b/n' tried instead on input line 507.

Overfull \hbox (59.38808pt too wide) in paragraph at lines 524--524
[]\OT1/pcr/m/n/10.95 Link ID         ADV Router      Age         Seq#       Che
cksum Link count[] 
 []


Overfull \hbox (0.25815pt too wide) in paragraph at lines 525--525
[]\OT1/pcr/m/n/10.95 10.255.255.1    10.255.255.1    748         0x800000A8 0x0
0D192 4[] 
 []


Overfull \hbox (0.25815pt too wide) in paragraph at lines 526--526
[]\OT1/pcr/m/n/10.95 10.255.255.2    10.255.255.2    835         0x800000A7 0x0
046AC 4[] 
 []


Overfull \hbox (0.25815pt too wide) in paragraph at lines 527--527
[]\OT1/pcr/m/n/10.95 10.255.255.3    10.255.255.3    707         0x800000A4 0x0
0D1B1 1[] 
 []


Overfull \hbox (0.25815pt too wide) in paragraph at lines 528--528
[]\OT1/pcr/m/n/10.95 10.255.255.4    10.255.255.4    811         0x800000A5 0x0
0CFCA 2[] 
 []


Overfull \hbox (0.25815pt too wide) in paragraph at lines 529--529
[]\OT1/pcr/m/n/10.95 10.255.255.10   10.255.255.10   3     (DNA) 0x80000002 0x0
06AD7 1[] 
 []

[12]
Overfull \hbox (59.38808pt too wide) in paragraph at lines 565--565
[]\OT1/pcr/m/n/10.95 Link ID         ADV Router      Age         Seq#       Che
cksum Link count[] 
 []


Overfull \hbox (0.25815pt too wide) in paragraph at lines 566--566
[]\OT1/pcr/m/n/10.95 10.255.255.1    10.255.255.1    245         0x800000A4 0x0
06F18 0[] 
 []


Overfull \hbox (13.39813pt too wide) in paragraph at lines 570--570
[]\OT1/pcr/m/n/10.95 Link ID         ADV Router      Age         Seq#       Che
cksum Tag[] 
 []


Overfull \hbox (0.25815pt too wide) in paragraph at lines 571--571
[]\OT1/pcr/m/n/10.95 10.255.255.5    10.255.255.1    1515        0x8000009E 0x0
09ACE 0[] 
 []

(/usr/share/texlive/texmf-dist/tex/latex/ucs/data/uni-32.def
File: uni-32.def 2013/05/13 UCS: Unicode data U+2000..U+20FF
)
Overfull \hbox (0.18779pt too wide) in paragraph at lines 578--579
\OT1/ppl/m/n/12 rova[]ce v rov-na-kej ob-lasti toto[]zn[]u LSDB (Link State da-
tab[]azu). Na za[]ciatku v[]ypisu
 []


Overfull \hbox (7.89882pt too wide) in paragraph at lines 582--582
[]\OT1/ppl/b/n/14.4 R2, R3, R4 bro-ad-cast spo-je-nia pro-stredn^^S^^Pctvom L2 
prep^^S^^Pna^^Tca,
 []


Underfull \vbox (badness 10000) has occurred while \output is active []

 [13]
[14]
LaTeX Font Info:    Try loading font information for OML+ppl on input line 651.

 (/usr/share/texlive/texmf-dist/tex/latex/psnfss/omlppl.fd
File: omlppl.fd 
)
LaTeX Font Info:    Font shape `OML/ppl/m/n' in size <12> not available
(Font)              Font shape `OML/cmm/m/it' tried instead on input line 651.

Overfull \hbox (79.09805pt too wide) in paragraph at lines 659--659
[]  \OT1/pcr/m/n/10.95 Process ID 1, Router ID 10.255.255.3, \OT1/pcr/b/n/10.95
 Network Type POINT_TO_POINT\OT1/pcr/m/n/10.95 , Cost: 10[] 
 []


Overfull \hbox (59.38808pt too wide) in paragraph at lines 716--716
[]\OT1/pcr/m/n/10.95 Interface    PID   Area            IP Address/Mask    Cost
  State Nbrs F/C[] 
 []


Overfull \hbox (26.53812pt too wide) in paragraph at lines 717--717
[]\OT1/pcr/m/n/10.95 Fa0/1        1     0               10.0.234.3/24      1   
  DR    2/2[] 
 []


Overfull \hbox (26.53812pt too wide) in paragraph at lines 718--718
[]\OT1/pcr/b/n/10.95 Lo1          1     1               10.255.255.3/32    1   
  LOOP  0/0[] 
 []


Overfull \hbox (26.53812pt too wide) in paragraph at lines 719--719
[]\OT1/pcr/m/n/10.95 Fa0/0        1     1               10.1.38.1/24       10  
  P2P   1/1[] 
 []


Overfull \hbox (26.53812pt too wide) in paragraph at lines 720--720
[]\OT1/pcr/m/n/10.95 Se1/0        1     2               10.2.39.1/30       64  
  P2P   1/1[] 
 []

[15]
Overfull \hbox (39.6781pt too wide) in paragraph at lines 743--743
[]\OT1/pcr/m/n/10.95 !R3 - R3 je ABR, preto pou[]zijeme dodato[]cn[]y pr[]^^Pka
z "no-summary", aby sme[] 
 []


Overfull \hbox (59.38808pt too wide) in paragraph at lines 780--780
[]\OT1/pcr/m/n/10.95 Link ID         ADV Router      Age         Seq#       Che
cksum Link count[] 
 []


Overfull \hbox (0.25815pt too wide) in paragraph at lines 781--781
[]\OT1/pcr/m/n/10.95 10.255.255.3    10.255.255.3    23          0x80000088 0x0
08854 3[] 
 []


Overfull \hbox (0.25815pt too wide) in paragraph at lines 782--782
[]\OT1/pcr/m/n/10.95 10.255.255.8    10.255.255.8    24          0x80000081 0x0
021B8 3[] 
 []

[16]
Overfull \hbox (0.24896pt too wide) in paragraph at lines 805--806
 [] \OT1/ppl/m/n/12 Kon-fi-gu-ro-vali sme sme-rova[]ce R3, R4 a R9. Kon-fi-gur[
]acia bola zhodn[]a pre v[]setky
 []

[17]
Underfull \vbox (badness 5217) has occurred while \output is active []

 [18]
Overfull \hbox (59.38808pt too wide) in paragraph at lines 946--946
[]\OT1/pcr/m/n/10.95 Interface    PID   Area            IP Address/Mask    Cost
  State Nbrs F/C[] 
 []


Overfull \hbox (26.53812pt too wide) in paragraph at lines 947--947
[]\OT1/pcr/b/n/10.95 VL0          1     0               10.3.104.1/30      64  
  P2P   1/1[] 
 []


Overfull \hbox (26.53812pt too wide) in paragraph at lines 948--948
[]\OT1/pcr/m/n/10.95 Fa0/1        1     0               10.0.234.4/24      10  
  DROTH 2/2[] 
 []


Overfull \hbox (26.53812pt too wide) in paragraph at lines 949--949
[]\OT1/pcr/m/n/10.95 Fa0/0        1     2               10.2.49.1/24       6553
5 P2P   1/1[] 
 []


Overfull \hbox (26.53812pt too wide) in paragraph at lines 950--950
[]\OT1/pcr/m/n/10.95 Lo1          1     3               10.255.255.4/32    1   
  LOOP  0/0[] 
 []


Overfull \hbox (26.53812pt too wide) in paragraph at lines 951--951
[]\OT1/pcr/m/n/10.95 Se1/0        1     3               10.3.104.1/30      64  
  P2P   1/1[] 
 []


Overfull \hbox (59.38808pt too wide) in paragraph at lines 955--955
[]\OT1/pcr/m/n/10.95 Interface    PID   Area            IP Address/Mask    Cost
  State Nbrs F/C[] 
 []


Overfull \hbox (26.53812pt too wide) in paragraph at lines 956--956
[]\OT1/pcr/b/n/10.95 VL0          1     0               10.3.104.2/24      64  
  P2P   1/1[] 
 []


Overfull \hbox (26.53812pt too wide) in paragraph at lines 957--957
[]\OT1/pcr/m/n/10.95 Lo1          1     3               10.255.255.10/32   1   
  LOOP  0/0[] 
 []


Overfull \hbox (26.53812pt too wide) in paragraph at lines 958--958
[]\OT1/pcr/m/n/10.95 Se1/0        1     3               10.3.104.2/24      64  
  P2P   1/1[] 
 []


Overfull \hbox (26.53812pt too wide) in paragraph at lines 959--959
[]\OT1/pcr/m/n/10.95 Se1/1        1     4               10.4.107.2/24      64  
  P2P   1/1[] 
 []

[19]
Overfull \hbox (0.25815pt too wide) in paragraph at lines 1007--1007
[]\OT1/pcr/m/n/10.95 R1(config)#ip route 10.255.255.5 255.255.255.255 f0/1 10.1
00.15.2[] 
 []

[20]
Overfull \hbox (52.81808pt too wide) in paragraph at lines 1035--1035
[]\OT1/pcr/m/n/10.95 O E2    10.255.255.5/32 [110/\OT1/pcr/b/n/10.95 20\OT1/pcr
/m/n/10.95 ] via 10.0.12.1, 00:03:07, FastEthernet0/0[] 
 []


Overfull \hbox (65.95807pt too wide) in paragraph at lines 1075--1075
[]\OT1/pcr/m/n/10.95 Neighbor ID     Pri   State           Dead Time   Address 
        Interface[] 
 []


Overfull \hbox (39.6781pt too wide) in paragraph at lines 1076--1076
[]\OT1/pcr/m/n/10.95 10.255.255.3      1   FULL/BDR        00:00:01    10.0.234
.3      Fa0/1[] 
 []


Overfull \hbox (39.6781pt too wide) in paragraph at lines 1077--1077
[]\OT1/pcr/m/n/10.95 10.255.255.4    100   FULL/DR         00:00:01    10.0.234
.4      Fa0/1[] 
 []


Overfull \hbox (65.95807pt too wide) in paragraph at lines 1080--1080
[]\OT1/pcr/m/n/10.95 Neighbor ID     Pri   State           Dead Time   Address 
        Interface[] 
 []


Overfull \hbox (39.6781pt too wide) in paragraph at lines 1081--1081
[]\OT1/pcr/m/n/10.95 10.255.255.3      1   FULL/BDR        00:00:01    10.0.234
.3      Fa0/1[] 
 []


Overfull \hbox (39.6781pt too wide) in paragraph at lines 1082--1082
[]\OT1/pcr/m/n/10.95 10.255.255.4    100   FULL/DR         00:00:01    10.0.234
.4      Fa0/1[] 
 []


Overfull \hbox (3.679pt too wide) in paragraph at lines 1091--1091
\OT1/ppl/b/n/14.4 so su-ma-ri-zo-van[]ymi in-tern[]ymi sme-ro-vac^^S^^Pmi z^^Sa
znamami do
 []

[21] [22]
Overfull \hbox (21.95306pt too wide) in paragraph at lines 1200--1200
[]\OT1/ppl/b/n/14.4 Skr^^Satenie hello a dead-interval ^^Tcasova^^Tcov, zis-te-
nie funk^^Tcnosti
 []

[23]
Overfull \hbox (39.6781pt too wide) in paragraph at lines 1252--1252
[]  \OT1/pcr/m/n/10.95 Process ID 1, Router ID 10.255.255.3, Network Type BROAD
CAST, Cost: 1[] 
 []


Overfull \hbox (13.39813pt too wide) in paragraph at lines 1257--1257
[]  \OT1/pcr/b/n/10.95 Timer intervals configured, Hello 1, Dead 2\OT1/pcr/m/n/
10.95 , Wait 2, Retransmit 5[] 
 []


Overfull \hbox (92.23804pt too wide) in paragraph at lines 1286--1286
[]\OT1/pcr/b/n/10.95 Success rate is 99 percent (11853/11870), round-trip min/a
vg/max = 52/79/148 ms[] 
 []

[24]
Overfull \hbox (26.53812pt too wide) in paragraph at lines 1318--1318
[]\OT1/pcr/m/n/10.95 Sending 5, 100-byte ICMP Echos to 10.255.255.8, timeout is
 2 seconds:[] 
 []


Overfull \hbox (33.10811pt too wide) in paragraph at lines 1349--1349
[]\OT1/pcr/m/n/10.95 Sending 5, 100-byte ICMP Echos to 10.255.255.10, timeout i
s 2 seconds:[] 
 []


Overfull \hbox (39.6781pt too wide) in paragraph at lines 1351--1351
[]\OT1/pcr/b/n/10.95 Success rate is 100 percent (5/5), round-trip min/avg/max 
= 56/72/84 ms[] 
 []


Overfull \hbox (26.53812pt too wide) in paragraph at lines 1369--1369
[]\OT1/pcr/m/n/10.95 Sending 5, 100-byte ICMP Echos to 10.255.255.6, timeout is
 2 seconds:[] 
 []

[25]
LaTeX Font Info:    Try loading font information for OMS+ppl on input line 1397
.
 (/usr/share/texlive/texmf-dist/tex/latex/psnfss/omsppl.fd
File: omsppl.fd 
)
LaTeX Font Info:    Font shape `OMS/ppl/m/n' in size <12> not available
(Font)              Font shape `OMS/cmsy/m/n' tried instead on input line 1397.


Overfull \hbox (3.94234pt too wide) in paragraph at lines 1397--1398
[]\OT1/ppl/m/n/12 Oblast[] 1 strat[]^^P ko-nek-ti-vitu s chrb-ti-co-vou ob-last
[]ou, preto[]ze u[]z ne-bude priamo
 []

[26]
Overfull \hbox (26.53812pt too wide) in paragraph at lines 1487--1487
[]       \OT1/pcr/m/n/10.95 D - EIGRP, EX - EIGRP external, O - OSPF, IA - OSPF
 inter area[] 
 []


Overfull \hbox (26.53812pt too wide) in paragraph at lines 1488--1488
[]       \OT1/pcr/m/n/10.95 N1 - OSPF NSSA external type 1, N2 - OSPF NSSA exte
rnal type 2[] 
 []


Overfull \hbox (72.52806pt too wide) in paragraph at lines 1490--1490
[]       \OT1/pcr/m/n/10.95 i - IS-IS, su - IS-IS summary, L1 - IS-IS level-1, 
L2 - IS-IS level-2[] 
 []


Overfull \hbox (85.66805pt too wide) in paragraph at lines 1491--1491
[]       \OT1/pcr/m/n/10.95 ia - IS-IS inter area, * - candidate default, U - p
er-user static route[] 
 []

[27]
Overfull \hbox (26.53812pt too wide) in paragraph at lines 1497--1497
[]\OT1/pcr/m/n/10.95 O       10.255.255.10/32 [110/65] via 10.3.104.2, 03:31:18
, Serial1/0[] 
 []


Overfull \hbox (59.38808pt too wide) in paragraph at lines 1498--1498
[]\OT1/pcr/m/n/10.95 O IA    10.255.255.8/32 [110/21] via 10.0.234.3, 03:46:56,
 FastEthernet0/1[] 
 []


Overfull \hbox (72.52806pt too wide) in paragraph at lines 1499--1499
[]\OT1/pcr/m/n/10.95 O       10.255.255.9/32 [110/65536] via 10.2.49.2, 04:11:3
9, FastEthernet0/0[] 
 []


Overfull \hbox (39.6781pt too wide) in paragraph at lines 1500--1500
[]\OT1/pcr/m/n/10.95 O       10.0.12.0/24 [110/20] via 10.0.234.2, 03:46:56, Fa
stEthernet0/1[] 
 []


Overfull \hbox (59.38808pt too wide) in paragraph at lines 1501--1501
[]\OT1/pcr/m/n/10.95 O       10.255.255.2/32 [110/11] via 10.0.234.2, 03:46:56,
 FastEthernet0/1[] 
 []


Overfull \hbox (59.38808pt too wide) in paragraph at lines 1502--1502
[]\OT1/pcr/m/n/10.95 O IA    10.255.255.3/32 [110/11] via 10.0.234.3, 03:46:56,
 FastEthernet0/1[] 
 []


Overfull \hbox (59.38808pt too wide) in paragraph at lines 1503--1503
[]\OT1/pcr/m/n/10.95 O       10.255.255.1/32 [110/21] via 10.0.234.2, 03:46:57,
 FastEthernet0/1[] 
 []


Overfull \hbox (26.53812pt too wide) in paragraph at lines 1504--1504
[]\OT1/pcr/m/n/10.95 O IA    10.255.255.6/32 [110/139] via 10.3.104.2, 03:31:09
, Serial1/0[] 
 []


Overfull \hbox (26.53812pt too wide) in paragraph at lines 1505--1505
[]\OT1/pcr/m/n/10.95 O IA    10.255.255.7/32 [110/129] via 10.3.104.2, 03:31:09
, Serial1/0[] 
 []


Overfull \hbox (59.38808pt too wide) in paragraph at lines 1507--1507
[]\OT1/pcr/m/n/10.95 O E2    10.255.255.5/32 [110/20] via 10.0.234.2, 03:46:47,
 FastEthernet0/1[] 
 []


Overfull \hbox (39.6781pt too wide) in paragraph at lines 1508--1508
[]\OT1/pcr/m/n/10.95 O IA    10.1.38.0/24 [110/20] via 10.0.234.3, 03:46:57, Fa
stEthernet0/1[] 
 []


Overfull \hbox (52.81808pt too wide) in paragraph at lines 1509--1509
[]\OT1/pcr/m/n/10.95 O       10.2.39.0/30 [110/65663] via 10.2.49.2, 04:11:41, 
FastEthernet0/0[] 
 []


Overfull \hbox (52.81808pt too wide) in paragraph at lines 1510--1510
[]\OT1/pcr/m/n/10.95 O       10.2.39.0/24 [110/65599] via 10.2.49.2, 04:11:41, 
FastEthernet0/0[] 
 []


Overfull \hbox (6.82814pt too wide) in paragraph at lines 1512--1512
[]\OT1/pcr/m/n/10.95 O IA    10.4.67.0/24 [110/138] via 10.3.104.2, 03:31:10, S
erial1/0[] 
 []


Overfull \hbox (52.81808pt too wide) in paragraph at lines 1513--1513
[]\OT1/pcr/m/n/10.95 O       10.100.15.0/24 [110/30] via 10.0.234.2, 03:46:58, 
FastEthernet0/1[] 
 []


Overfull \hbox (13.39813pt too wide) in paragraph at lines 1515--1515
[]\OT1/pcr/m/n/10.95 O       10.3.104.0/24 [110/128] via 10.3.104.2, 03:31:20, 
Serial1/0[] 
 []


Overfull \hbox (13.39813pt too wide) in paragraph at lines 1516--1516
[]\OT1/pcr/m/n/10.95 O IA    10.4.107.0/24 [110/128] via 10.3.104.2, 03:31:10, 
Serial1/0[] 
 []

[28]
Overfull \hbox (2.76834pt too wide) in paragraph at lines 1610--1611
\OT1/ppl/m/n/12 stla[]c[]^^Pme En-ter). Otes-tuje sa ko-nek-ti-vita ku ka[]zd[]
emu sme-rova[]cu. V[]ystup poch[]adza
 []


Underfull \vbox (badness 10000) has occurred while \output is active []

 [29]
Overfull \hbox (19.96812pt too wide) in paragraph at lines 1618--1618
[]\OT1/pcr/m/n/10.95 Sending 5, 100-byte ICMP Echos to 10.100.15.2, timeout is 
2 seconds:[] 
 []


Overfull \hbox (39.6781pt too wide) in paragraph at lines 1620--1620
[]\OT1/pcr/m/n/10.95 Success rate is 100 percent (5/5), round-trip min/avg/max 
= 56/74/80 ms[] 
 []


Overfull \hbox (6.82814pt too wide) in paragraph at lines 1622--1622
[]\OT1/pcr/m/n/10.95 Sending 5, 100-byte ICMP Echos to 10.0.12.1, timeout is 2 
seconds:[] 
 []


Overfull \hbox (407.59766pt too wide) in paragraph at lines 1624--1624
[]\OT1/pcr/m/n/10.95 Success rate is 100 percent (5/5), round-trip min/avg/max 
= 44/56/60 ms% Unrecognized host or address, or protocol not running.[] 
 []


Overfull \hbox (6.82814pt too wide) in paragraph at lines 1627--1627
[]\OT1/pcr/m/n/10.95 Sending 5, 100-byte ICMP Echos to 10.0.12.2, timeout is 2 
seconds:[] 
 []


Overfull \hbox (39.6781pt too wide) in paragraph at lines 1629--1629
[]\OT1/pcr/m/n/10.95 Success rate is 100 percent (5/5), round-trip min/avg/max 
= 24/35/40 ms[] 
 []


Overfull \hbox (13.39813pt too wide) in paragraph at lines 1631--1631
[]\OT1/pcr/m/n/10.95 Sending 5, 100-byte ICMP Echos to 10.0.234.2, timeout is 2
 seconds:[] 
 []


Overfull \hbox (407.59766pt too wide) in paragraph at lines 1633--1633
[]\OT1/pcr/m/n/10.95 Success rate is 100 percent (5/5), round-trip min/avg/max 
= 24/36/44 ms% Unrecognized host or address, or protocol not running.[] 
 []


Overfull \hbox (13.39813pt too wide) in paragraph at lines 1636--1636
[]\OT1/pcr/m/n/10.95 Sending 5, 100-byte ICMP Echos to 10.0.234.3, timeout is 2
 seconds:[] 
 []


Overfull \hbox (39.6781pt too wide) in paragraph at lines 1638--1638
[]\OT1/pcr/m/n/10.95 Success rate is 100 percent (5/5), round-trip min/avg/max 
= 24/35/40 ms[] 
 []


Overfull \hbox (6.82814pt too wide) in paragraph at lines 1640--1640
[]\OT1/pcr/m/n/10.95 Sending 5, 100-byte ICMP Echos to 10.1.38.1, timeout is 2 
seconds:[] 
 []


Overfull \hbox (39.6781pt too wide) in paragraph at lines 1642--1642
[]\OT1/pcr/m/n/10.95 Success rate is 100 percent (5/5), round-trip min/avg/max 
= 24/36/44 ms[] 
 []


Overfull \hbox (6.82814pt too wide) in paragraph at lines 1644--1644
[]\OT1/pcr/m/n/10.95 Sending 5, 100-byte ICMP Echos to 10.2.39.1, timeout is 2 
seconds:[] 
 []


Overfull \hbox (407.59766pt too wide) in paragraph at lines 1646--1646
[]\OT1/pcr/m/n/10.95 Success rate is 100 percent (5/5), round-trip min/avg/max 
= 40/48/60 ms% Unrecognized host or address, or protocol not running.[] 
 []


Overfull \hbox (13.39813pt too wide) in paragraph at lines 1649--1649
[]\OT1/pcr/m/n/10.95 Sending 5, 100-byte ICMP Echos to 10.0.234.4, timeout is 2
 seconds:[] 
 []


Overfull \hbox (39.6781pt too wide) in paragraph at lines 1651--1651
[]\OT1/pcr/m/n/10.95 Success rate is 100 percent (5/5), round-trip min/avg/max 
= 12/17/24 ms[] 
 []


Overfull \hbox (6.82814pt too wide) in paragraph at lines 1653--1653
[]\OT1/pcr/m/n/10.95 Sending 5, 100-byte ICMP Echos to 10.2.49.1, timeout is 2 
seconds:[] 
 []


Overfull \hbox (39.6781pt too wide) in paragraph at lines 1655--1655
[]\OT1/pcr/m/n/10.95 Success rate is 100 percent (5/5), round-trip min/avg/max 
= 16/18/20 ms[] 
 []


Overfull \hbox (13.39813pt too wide) in paragraph at lines 1657--1657
[]\OT1/pcr/m/n/10.95 Sending 5, 100-byte ICMP Echos to 10.3.104.1, timeout is 2
 seconds:[] 
 []


Overfull \hbox (407.59766pt too wide) in paragraph at lines 1659--1659
[]\OT1/pcr/m/n/10.95 Success rate is 100 percent (5/5), round-trip min/avg/max 
= 12/17/20 ms% Unrecognized host or address, or protocol not running.[] 
 []


Overfull \hbox (19.96812pt too wide) in paragraph at lines 1662--1662
[]\OT1/pcr/m/n/10.95 Sending 5, 100-byte ICMP Echos to 10.100.15.1, timeout is 
2 seconds:[] 
 []

[30]
Overfull \hbox (407.59766pt too wide) in paragraph at lines 1664--1664
[]\OT1/pcr/m/n/10.95 Success rate is 100 percent (5/5), round-trip min/avg/max 
= 52/58/64 ms% Unrecognized host or address, or protocol not running.[] 
 []


Overfull \hbox (6.82814pt too wide) in paragraph at lines 1667--1667
[]\OT1/pcr/m/n/10.95 Sending 5, 100-byte ICMP Echos to 10.4.67.1, timeout is 2 
seconds:[] 
 []


Overfull \hbox (407.59766pt too wide) in paragraph at lines 1669--1669
[]\OT1/pcr/m/n/10.95 Success rate is 100 percent (5/5), round-trip min/avg/max 
= 32/37/40 ms% Unrecognized host or address, or protocol not running.[] 
 []


Overfull \hbox (6.82814pt too wide) in paragraph at lines 1672--1672
[]\OT1/pcr/m/n/10.95 Sending 5, 100-byte ICMP Echos to 10.4.67.2, timeout is 2 
seconds:[] 
 []


Overfull \hbox (39.6781pt too wide) in paragraph at lines 1674--1674
[]\OT1/pcr/m/n/10.95 Success rate is 100 percent (5/5), round-trip min/avg/max 
= 16/20/28 ms[] 
 []


Overfull \hbox (13.39813pt too wide) in paragraph at lines 1676--1676
[]\OT1/pcr/m/n/10.95 Sending 5, 100-byte ICMP Echos to 10.4.107.1, timeout is 2
 seconds:[] 
 []


Overfull \hbox (407.59766pt too wide) in paragraph at lines 1678--1678
[]\OT1/pcr/m/n/10.95 Success rate is 100 percent (5/5), round-trip min/avg/max 
= 12/17/20 ms% Unrecognized host or address, or protocol not running.[] 
 []


Overfull \hbox (6.82814pt too wide) in paragraph at lines 1681--1681
[]\OT1/pcr/m/n/10.95 Sending 5, 100-byte ICMP Echos to 10.1.38.2, timeout is 2 
seconds:[] 
 []


Overfull \hbox (407.59766pt too wide) in paragraph at lines 1683--1683
[]\OT1/pcr/m/n/10.95 Success rate is 100 percent (5/5), round-trip min/avg/max 
= 44/56/60 ms% Unrecognized host or address, or protocol not running.[] 
 []


Overfull \hbox (6.82814pt too wide) in paragraph at lines 1686--1686
[]\OT1/pcr/m/n/10.95 Sending 5, 100-byte ICMP Echos to 10.2.39.2, timeout is 2 
seconds:[] 
 []


Overfull \hbox (39.6781pt too wide) in paragraph at lines 1688--1688
[]\OT1/pcr/m/n/10.95 Success rate is 100 percent (5/5), round-trip min/avg/max 
= 44/54/60 ms[] 
 []


Overfull \hbox (6.82814pt too wide) in paragraph at lines 1690--1690
[]\OT1/pcr/m/n/10.95 Sending 5, 100-byte ICMP Echos to 10.2.49.2, timeout is 2 
seconds:[] 
 []


Overfull \hbox (407.59766pt too wide) in paragraph at lines 1692--1692
[]\OT1/pcr/m/n/10.95 Success rate is 100 percent (5/5), round-trip min/avg/max 
= 24/36/40 ms% Unrecognized host or address, or protocol not running.[] 
 []


Overfull \hbox (13.39813pt too wide) in paragraph at lines 1695--1695
[]\OT1/pcr/m/n/10.95 Sending 5, 100-byte ICMP Echos to 10.4.107.2, timeout is 2
 seconds:[] 
 []


Overfull \hbox (39.6781pt too wide) in paragraph at lines 1697--1697
[]\OT1/pcr/m/n/10.95 Success rate is 100 percent (5/5), round-trip min/avg/max 
= 32/36/40 ms[] 
 []


Overfull \hbox (13.39813pt too wide) in paragraph at lines 1699--1699
[]\OT1/pcr/m/n/10.95 Sending 5, 100-byte ICMP Echos to 10.3.104.2, timeout is 2
 seconds:[] 
 []


Overfull \hbox (39.6781pt too wide) in paragraph at lines 1701--1701
[]\OT1/pcr/m/n/10.95 Success rate is 100 percent (5/5), round-trip min/avg/max 
= 36/38/40 ms[] 
 []

[31] (./dokumentacia_multiarea_ospf_vachalik_sisila_v2.aux) ) 
Here is how much of TeX's memory you used:
 4936 strings out of 493105
 65756 string characters out of 6137072
 147937 words of memory out of 5000000
 8294 multiletter control sequences out of 15000+600000
 14820 words of font info for 43 fonts, out of 8000000 for 9000
 1141 hyphenation exceptions out of 8191
 37i,10n,23p,1545b,486s stack positions out of 5000i,500n,10000p,200000b,80000s
{/usr/share/texliv
e/texmf-dist/fonts/enc/dvips/base/8r.enc}</usr/share/texlive/texmf-dist/fonts/t
ype1/public/amsfonts/cm/cmmi12.pfb></usr/share/texlive/texmf-dist/fonts/type1/p
ublic/amsfonts/cm/cmsy10.pfb></usr/share/texlive/texmf-dist/fonts/type1/urw/cou
rier/ucrb8a.pfb></usr/share/texlive/texmf-dist/fonts/type1/urw/courier/ucrr8a.p
fb></usr/share/texlive/texmf-dist/fonts/type1/urw/palatino/uplb8a.pfb></usr/sha
re/texlive/texmf-dist/fonts/type1/urw/palatino/uplr8a.pfb>
Output written on dokumentacia_multiarea_ospf_vachalik_sisila_v2.pdf (31 pages,
 169911 bytes).
PDF statistics:
 130 PDF objects out of 1000 (max. 8388607)
 89 compressed objects within 1 object stream
 0 named destinations out of 1000 (max. 500000)
 6 words of extra memory for PDF output out of 10000 (max. 10000000)

