
SQL*Loader: Release 11.2.0.1.0 - Production on Wed May 14 17:15:48 2014

Copyright (c) 1982, 2009, Oracle and/or its affiliates.  All rights reserved.

Control File:   load_zakaznik.ctl
Data File:      zakaznik.unl
  Bad File:     zakaznik.bad
  Discard File:  none specified
 
 (Allow all discards)

Number to load: ALL
Number to skip: 0
Errors allowed: 50
Bind array:     64 rows, maximum of 256000 bytes
Continuation:    none specified
Path used:      Conventional

Table ZAKAZNIK, loaded from every logical record.
Insert option in effect for this table: INSERT

   Column Name                  Position   Len  Term Encl Datatype
------------------------------ ---------- ----- ---- ---- ---------------------
OS_CISLO_ZAK                        FIRST     *   |       CHARACTER            
ROD_CISLO                            NEXT     *   |       CHARACTER            


Table ZAKAZNIK:
  40 Rows successfully loaded.
  0 Rows not loaded due to data errors.
  0 Rows not loaded because all WHEN clauses were failed.
  0 Rows not loaded because all fields were null.


Space allocated for bind array:                  33024 bytes(64 rows)
Read   buffer bytes: 1048576

Total logical records skipped:          0
Total logical records read:            40
Total logical records rejected:         0
Total logical records discarded:        0

Run began on Wed May 14 17:15:48 2014
Run ended on Wed May 14 17:15:51 2014

Elapsed time was:     00:00:03.06
CPU time was:         00:00:00.01
