This is pdfTeX, Version 3.14159265-2.6-1.40.15 (TeX Live 2015/dev/Debian) (preloaded format=pdflatex 2017.2.18)  20 MAY 2017 18:04
entering extended mode
 restricted \write18 enabled.
 %&-line parsing enabled.
**dokumentacia_mpls_isis_vachalik_sisila.tex
(./dokumentacia_mpls_isis_vachalik_sisila.tex
LaTeX2e <2014/05/01>
Babel <3.9l> and hyphenation patterns for 79 languages loaded.
(/usr/share/texlive/texmf-dist/tex/latex/base/report.cls
Document Class: report 2014/09/29 v1.4h Standard LaTeX document class
(/usr/share/texlive/texmf-dist/tex/latex/base/size12.clo
File: size12.clo 2014/09/29 v1.4h Standard LaTeX file (size option)
)
\c@part=\count79
\c@chapter=\count80
\c@section=\count81
\c@subsection=\count82
\c@subsubsection=\count83
\c@paragraph=\count84
\c@subparagraph=\count85
\c@figure=\count86
\c@table=\count87
\abovecaptionskip=\skip41
\belowcaptionskip=\skip42
\bibindent=\dimen102
)
(/usr/share/texlive/texmf-dist/tex/latex/geometry/geometry.sty
Package: geometry 2010/09/12 v5.6 Page Geometry

(/usr/share/texlive/texmf-dist/tex/latex/graphics/keyval.sty
Package: keyval 2014/05/08 v1.15 key=value parser (DPC)
\KV@toks@=\toks14
)
(/usr/share/texlive/texmf-dist/tex/generic/oberdiek/ifpdf.sty
Package: ifpdf 2011/01/30 v2.3 Provides the ifpdf switch (HO)
Package ifpdf Info: pdfTeX in PDF mode is detected.
)
(/usr/share/texlive/texmf-dist/tex/generic/oberdiek/ifvtex.sty
Package: ifvtex 2010/03/01 v1.5 Detect VTeX and its facilities (HO)
Package ifvtex Info: VTeX not detected.
)
(/usr/share/texlive/texmf-dist/tex/generic/ifxetex/ifxetex.sty
Package: ifxetex 2010/09/12 v0.6 Provides ifxetex conditional
)
\Gm@cnth=\count88
\Gm@cntv=\count89
\c@Gm@tempcnt=\count90
\Gm@bindingoffset=\dimen103
\Gm@wd@mp=\dimen104
\Gm@odd@mp=\dimen105
\Gm@even@mp=\dimen106
\Gm@layoutwidth=\dimen107
\Gm@layoutheight=\dimen108
\Gm@layouthoffset=\dimen109
\Gm@layoutvoffset=\dimen110
\Gm@dimlist=\toks15
)
(/usr/share/texlive/texmf-dist/tex/latex/base/inputenc.sty
Package: inputenc 2014/04/30 v1.2b Input encoding file
\inpenc@prehook=\toks16
\inpenc@posthook=\toks17

(/usr/share/texlive/texmf-dist/tex/latex/ucs/utf8x.def
File: utf8x.def 2004/10/17 UCS: Input encoding UTF-8
))
(/usr/share/texlive/texmf-dist/tex/latex/ucs/ucs.sty
Package: ucs 2013/05/11 v2.2 UCS: Unicode input support

(/usr/share/texlive/texmf-dist/tex/latex/ucs/data/uni-global.def
File: uni-global.def 2013/05/13 UCS: Unicode global data
)
\uc@secondtry=\count91
\uc@combtoks=\toks18
\uc@combtoksb=\toks19
\uc@temptokena=\toks20
)
(/usr/share/texlive/texmf-dist/tex/generic/babel/babel.sty
Package: babel 2014/09/25 3.9l The Babel package

(/usr/share/texlive/texmf-dist/tex/generic/babel-slovak/slovak.ldf
Language: slovak 2008/07/06 v3.1a Slovak support from the babel system

(/usr/share/texlive/texmf-dist/tex/generic/babel/babel.def
File: babel.def 2014/09/25 3.9l Babel common definitions
\babel@savecnt=\count92
\U@D=\dimen111
)
Package babel Info: Making ^ an active character on input line 123.
Package babel Info: Making " an active character on input line 126.
Package babel Info: Making ' an active character on input line 129.
\cs@wordlen=\count93
Package babel Info: Making - an active character on input line 294.
))
(/usr/share/texlive/texmf-dist/tex/latex/psnfss/palatino.sty
Package: palatino 2005/04/12 PSNFSS-v9.2a (SPQR) 
)
(/usr/share/texlive/texmf-dist/tex/latex/tools/verbatim.sty
Package: verbatim 2014/10/28 v1.5q LaTeX2e package for verbatim enhancements
\every@verbatim=\toks21
\verbatim@line=\toks22
\verbatim@in@stream=\read1
)
(/usr/share/texlive/texmf-dist/tex/latex/dirtytalk/dirtytalk.sty
Package: dirtytalk 2010/11/21 A package making "quoting" easier

(/usr/share/texlive/texmf-dist/tex/latex/oberdiek/kvoptions.sty
Package: kvoptions 2011/06/30 v3.11 Key value format for package options (HO)

(/usr/share/texlive/texmf-dist/tex/generic/oberdiek/ltxcmds.sty
Package: ltxcmds 2011/11/09 v1.22 LaTeX kernel commands for general use (HO)
)
(/usr/share/texlive/texmf-dist/tex/generic/oberdiek/kvsetkeys.sty
Package: kvsetkeys 2012/04/25 v1.16 Key value parser (HO)

(/usr/share/texlive/texmf-dist/tex/generic/oberdiek/infwarerr.sty
Package: infwarerr 2010/04/08 v1.3 Providing info/warning/error messages (HO)
)
(/usr/share/texlive/texmf-dist/tex/generic/oberdiek/etexcmds.sty
Package: etexcmds 2011/02/16 v1.5 Avoid name clashes with e-TeX commands (HO)

(/usr/share/texlive/texmf-dist/tex/generic/oberdiek/ifluatex.sty
Package: ifluatex 2010/03/01 v1.3 Provides the ifluatex switch (HO)
Package ifluatex Info: LuaTeX not detected.
)
Package etexcmds Info: Could not find \expanded.
(etexcmds)             That can mean that you are not using pdfTeX 1.50 or
(etexcmds)             that some package has redefined \expanded.
(etexcmds)             In the latter case, load this package earlier.
)))
(/usr/share/texlive/texmf-dist/tex/latex/base/ifthen.sty
Package: ifthen 2014/09/29 v1.1c Standard LaTeX ifthen package (DPC)
)
\c@dirtytalk@qdepth=\count94
)
(/usr/share/texlive/texmf-dist/tex/latex/base/alltt.sty
Package: alltt 1997/06/16 v2.0g defines alltt environment
)
(/usr/share/texlive/texmf-dist/tex/latex/graphics/graphicx.sty
Package: graphicx 2014/04/25 v1.0g Enhanced LaTeX Graphics (DPC,SPQR)

(/usr/share/texlive/texmf-dist/tex/latex/graphics/graphics.sty
Package: graphics 2009/02/05 v1.0o Standard LaTeX Graphics (DPC,SPQR)

(/usr/share/texlive/texmf-dist/tex/latex/graphics/trig.sty
Package: trig 1999/03/16 v1.09 sin cos tan (DPC)
)
(/usr/share/texlive/texmf-dist/tex/latex/latexconfig/graphics.cfg
File: graphics.cfg 2010/04/23 v1.9 graphics configuration of TeX Live
)
Package graphics Info: Driver file: pdftex.def on input line 91.

(/usr/share/texlive/texmf-dist/tex/latex/pdftex-def/pdftex.def
File: pdftex.def 2011/05/27 v0.06d Graphics/color for pdfTeX
\Gread@gobject=\count95
))
\Gin@req@height=\dimen112
\Gin@req@width=\dimen113
)
(/usr/share/texlive/texmf-dist/tex/latex/chngcntr/chngcntr.sty
Package: chngcntr 2009/09/02 v1.0a change counter resetting
)
(/usr/share/texlive/texmf-dist/tex/latex/hyperref/nameref.sty
Package: nameref 2012/10/27 v2.43 Cross-referencing by name of section

(/usr/share/texlive/texmf-dist/tex/latex/oberdiek/refcount.sty
Package: refcount 2011/10/16 v3.4 Data extraction from label references (HO)
)
(/usr/share/texlive/texmf-dist/tex/generic/oberdiek/gettitlestring.sty
Package: gettitlestring 2010/12/03 v1.4 Cleanup title references (HO)
)
\c@section@level=\count96
LaTeX Info: Redefining \ref on input line 353.
LaTeX Info: Redefining \pageref on input line 353.
)
(/usr/share/texlive/texmf-dist/tex/latex/booktabs/booktabs.sty
Package: booktabs 2005/04/14 v1.61803 publication quality tables
\heavyrulewidth=\dimen114
\lightrulewidth=\dimen115
\cmidrulewidth=\dimen116
\belowrulesep=\dimen117
\belowbottomsep=\dimen118
\aboverulesep=\dimen119
\abovetopsep=\dimen120
\cmidrulesep=\dimen121
\cmidrulekern=\dimen122
\defaultaddspace=\dimen123
\@cmidla=\count97
\@cmidlb=\count98
\@aboverulesep=\dimen124
\@belowrulesep=\dimen125
\@thisruleclass=\count99
\@lastruleclass=\count100
\@thisrulewidth=\dimen126
)
(/usr/share/texlive/texmf-dist/tex/latex/multirow/multirow.sty
\bigstrutjot=\dimen127
)
(/usr/share/texlive/texmf-dist/tex/latex/etoolbox/etoolbox.sty
Package: etoolbox 2011/01/03 v2.1 e-TeX tools for LaTeX

(/usr/share/texlive/texmf-dist/tex/latex/etex-pkg/etex.sty
Package: etex 1998/03/26 v2.0 eTeX basic definition package (PEB)
\et@xins=\count101
)
\etb@tempcnta=\count102
)
(./dokumentacia_mpls_isis_vachalik_sisila.aux)
\openout1 = `dokumentacia_mpls_isis_vachalik_sisila.aux'.

LaTeX Font Info:    Checking defaults for OML/cmm/m/it on input line 45.
LaTeX Font Info:    ... okay on input line 45.
LaTeX Font Info:    Checking defaults for T1/cmr/m/n on input line 45.
LaTeX Font Info:    ... okay on input line 45.
LaTeX Font Info:    Checking defaults for OT1/cmr/m/n on input line 45.
LaTeX Font Info:    ... okay on input line 45.
LaTeX Font Info:    Checking defaults for OMS/cmsy/m/n on input line 45.
LaTeX Font Info:    ... okay on input line 45.
LaTeX Font Info:    Checking defaults for OMX/cmex/m/n on input line 45.
LaTeX Font Info:    ... okay on input line 45.
LaTeX Font Info:    Checking defaults for U/cmr/m/n on input line 45.
LaTeX Font Info:    ... okay on input line 45.
LaTeX Font Info:    Try loading font information for OT1+ppl on input line 45.

(/usr/share/texlive/texmf-dist/tex/latex/psnfss/ot1ppl.fd
File: ot1ppl.fd 2001/06/04 font definitions for OT1/ppl.
)
*geometry* driver: auto-detecting
*geometry* detected driver: pdftex
*geometry* verbose mode - [ preamble ] result:
* driver: pdftex
* paper: a4paper
* layout: <same size as paper>
* layoutoffset:(h,v)=(0.0pt,0.0pt)
* bindingoffset: 17.07164pt
* modes: twoside 
* h-part:(L,W,R)=(61.45795pt, 426.79134pt, 92.18695pt)
* v-part:(T,H,B)=(71.13188pt, 702.78308pt, 71.13188pt)
* \paperwidth=597.50787pt
* \paperheight=845.04684pt
* \textwidth=426.79134pt
* \textheight=702.78308pt
* \oddsidemargin=6.2596pt
* \evensidemargin=19.91696pt
* \topmargin=-38.1381pt
* \headheight=12.0pt
* \headsep=25.0pt
* \topskip=12.0pt
* \footskip=30.0pt
* \marginparwidth=85.0pt
* \marginparsep=10.0pt
* \columnsep=10.0pt
* \skip\footins=10.8pt plus 4.0pt minus 2.0pt
* \hoffset=0.0pt
* \voffset=0.0pt
* \mag=1000
* \@twocolumnfalse
* \@twosidetrue
* \@mparswitchtrue
* \@reversemarginfalse
* (1in=72.27pt=25.4mm, 1cm=28.453pt)

(/usr/share/texlive/texmf-dist/tex/latex/ucs/ucsencs.def
File: ucsencs.def 2011/01/21 Fixes to fontencodings LGR, T3
)
(/usr/share/texlive/texmf-dist/tex/context/base/supp-pdf.mkii
[Loading MPS to PDF converter (version 2006.09.02).]
\scratchcounter=\count103
\scratchdimen=\dimen128
\scratchbox=\box26
\nofMPsegments=\count104
\nofMParguments=\count105
\everyMPshowfont=\toks23
\MPscratchCnt=\count106
\MPscratchDim=\dimen129
\MPnumerator=\count107
\makeMPintoPDFobject=\count108
\everyMPtoPDFconversion=\toks24
) (/usr/share/texlive/texmf-dist/tex/generic/oberdiek/pdftexcmds.sty
Package: pdftexcmds 2011/11/29 v0.20 Utility functions of pdfTeX for LuaTeX (HO
)
Package pdftexcmds Info: LuaTeX not detected.
Package pdftexcmds Info: \pdf@primitive is available.
Package pdftexcmds Info: \pdf@ifprimitive is available.
Package pdftexcmds Info: \pdfdraftmode found.
)
(/usr/share/texlive/texmf-dist/tex/latex/oberdiek/epstopdf-base.sty
Package: epstopdf-base 2010/02/09 v2.5 Base part for package epstopdf

(/usr/share/texlive/texmf-dist/tex/latex/oberdiek/grfext.sty
Package: grfext 2010/08/19 v1.1 Manage graphics extensions (HO)

(/usr/share/texlive/texmf-dist/tex/generic/oberdiek/kvdefinekeys.sty
Package: kvdefinekeys 2011/04/07 v1.3 Define keys (HO)
))
Package grfext Info: Graphics extension search list:
(grfext)             [.png,.pdf,.jpg,.mps,.jpeg,.jbig2,.jb2,.PNG,.PDF,.JPG,.JPE
G,.JBIG2,.JB2,.eps]
(grfext)             \AppendGraphicsExtensions on input line 452.

(/usr/share/texlive/texmf-dist/tex/latex/latexconfig/epstopdf-sys.cfg
File: epstopdf-sys.cfg 2010/07/13 v1.3 Configuration of (r)epstopdf for TeX Liv
e
))
LaTeX Font Info:    Font shape `OT1/ppl/bx/n' in size <24.88> not available
(Font)              Font shape `OT1/ppl/b/n' tried instead on input line 49.
LaTeX Font Info:    Font shape `OT1/ppl/bx/n' in size <12> not available
(Font)              Font shape `OT1/ppl/b/n' tried instead on input line 51.

(/usr/share/texlive/texmf-dist/tex/latex/ucs/data/uni-1.def
File: uni-1.def 2013/05/13 UCS: Unicode data U+0100..U+01FF
)
(/usr/share/texlive/texmf-dist/tex/latex/ucs/data/uni-0.def
File: uni-0.def 2013/05/13 UCS: Unicode data U+0000..U+00FF
) [1


{/var/lib/texmf/fonts/map/pdftex/updmap/pdftex.map}]
(./dokumentacia_mpls_isis_vachalik_sisila.toc
LaTeX Font Info:    External font `cmex10' loaded for size
(Font)              <12> on input line 3.
LaTeX Font Info:    External font `cmex10' loaded for size
(Font)              <8> on input line 3.
LaTeX Font Info:    External font `cmex10' loaded for size
(Font)              <6> on input line 3.
)
\tf@toc=\write3
\openout3 = `dokumentacia_mpls_isis_vachalik_sisila.toc'.

 [2

]
LaTeX Font Info:    Font shape `OT1/ppl/bx/n' in size <17.28> not available
(Font)              Font shape `OT1/ppl/b/n' tried instead on input line 56.

<obr/mpls_isis_topo.png, id=12, 654.64575pt x 415.5525pt>
File: obr/mpls_isis_topo.png Graphic file (type png)

<use obr/mpls_isis_topo.png>
Package pdftex.def Info: obr/mpls_isis_topo.png used on input line 62.
(pdftex.def)             Requested size: 398.33858pt x 252.85892pt.
 [3 <./obr/mpls_isis_topo.png>] [4

]
LaTeX Font Info:    Font shape `OT1/ppl/bx/n' in size <14.4> not available
(Font)              Font shape `OT1/ppl/b/n' tried instead on input line 125.

(/usr/share/texlive/texmf-dist/tex/latex/ucs/data/uni-34.def
File: uni-34.def 2013/05/13 UCS: Unicode data U+2200..U+22FF
)
LaTeX Font Info:    External font `cmex10' loaded for size
(Font)              <14.4> on input line 125.
LaTeX Font Info:    External font `cmex10' loaded for size
(Font)              <7> on input line 125.
LaTeX Font Info:    Try loading font information for OT1+qcr on input line 135.


(/usr/share/texmf/tex/latex/tex-gyre/ot1qcr.fd
File: ot1qcr.fd 2009/09/25 v1.2 font definition file for OT1/qcr
)
LaTeX Font Info:    Try loading font information for OT1+pcr on input line 137.


(/usr/share/texlive/texmf-dist/tex/latex/psnfss/ot1pcr.fd
File: ot1pcr.fd 2001/06/04 font definitions for OT1/pcr.
)
Overfull \hbox (65.95807pt too wide) in paragraph at lines 162--162
[]\OT1/pcr/m/n/10.95 LSPID                 LSP Seq Num  LSP Checksum  LSP Holdt
ime      ATT/P/OL[] 
 []


Overfull \hbox (46.2481pt too wide) in paragraph at lines 163--163
[]\OT1/pcr/m/n/10.95 R1.00-00            * 0x000004BE   0x23C9        944      
         0/0/0[] 
 []


Overfull \hbox (46.2481pt too wide) in paragraph at lines 164--164
[]\OT1/pcr/m/n/10.95 R2.00-00              0x000004BD   0x5254        619      
         0/0/0[] 
 []


Overfull \hbox (46.2481pt too wide) in paragraph at lines 165--165
[]\OT1/pcr/m/n/10.95 R3.00-00              0x000004C3   0x3539        945      
         0/0/0[] 
 []


Overfull \hbox (46.2481pt too wide) in paragraph at lines 166--166
[]\OT1/pcr/m/n/10.95 R3.01-00              0x000004BE   0x0B18        733      
         0/0/0[] 
 []


Overfull \hbox (46.2481pt too wide) in paragraph at lines 167--167
[]\OT1/pcr/m/n/10.95 R4.00-00              0x000004C2   0x4758        420      
         0/0/0[] 
 []


Overfull \hbox (46.2481pt too wide) in paragraph at lines 168--168
[]\OT1/pcr/m/n/10.95 R4.01-00              0x000004BB   0x170D        465      
         0/0/0[] 
 []


Overfull \hbox (46.2481pt too wide) in paragraph at lines 169--169
[]\OT1/pcr/m/n/10.95 R4.02-00              0x000004BC   0x27F9        900      
         0/0/0[] 
 []


Overfull \hbox (46.2481pt too wide) in paragraph at lines 170--170
[]\OT1/pcr/m/n/10.95 R9.00-00              0x000004C0   0x0BD0        1084     
         0/0/0[] 
 []


Overfull \hbox (65.95807pt too wide) in paragraph at lines 172--172
[]\OT1/pcr/m/n/10.95 LSPID                 LSP Seq Num  LSP Checksum  LSP Holdt
ime      ATT/P/OL[] 
 []


Overfull \hbox (46.2481pt too wide) in paragraph at lines 173--173
[]\OT1/pcr/m/n/10.95 R1.00-00            * 0x000004C6   0x7857        787      
         0/0/0[] 
 []


Overfull \hbox (46.2481pt too wide) in paragraph at lines 174--174
[]\OT1/pcr/m/n/10.95 R2.00-00              0x000004C1   0x9FB1        1186     
         0/0/0[] 
 []


Overfull \hbox (46.2481pt too wide) in paragraph at lines 175--175
[]\OT1/pcr/m/n/10.95 R3.00-00              0x000004C8   0xE562        973      
         0/0/0[] 
 []


Overfull \hbox (46.2481pt too wide) in paragraph at lines 176--176
[]\OT1/pcr/m/n/10.95 R3.01-00              0x000004BE   0x9A11        1157     
         0/0/0[] 
 []


Overfull \hbox (46.2481pt too wide) in paragraph at lines 177--177
[]\OT1/pcr/m/n/10.95 R4.00-00              0x000004CB   0x89ED        973      
         0/0/0[] 
 []


Overfull \hbox (46.2481pt too wide) in paragraph at lines 178--178
[]\OT1/pcr/m/n/10.95 R4.01-00              0x000004BE   0xA009        1146     
         0/0/0[] 
 []


Overfull \hbox (46.2481pt too wide) in paragraph at lines 179--179
[]\OT1/pcr/m/n/10.95 R4.02-00              0x000004B6   0xC2EC        1122     
         0/0/0[] 
 []


Overfull \hbox (46.2481pt too wide) in paragraph at lines 180--180
[]\OT1/pcr/m/n/10.95 R9.00-00              0x000004C2   0xAE2A        768      
         0/0/0[] 
 []

[5

]
Overfull \hbox (13.39813pt too wide) in paragraph at lines 234--234
[]     \OT1/pcr/m/n/10.95 Network          Next Hop            Metric LocPrf We
ight Path[] 
 []


Overfull \hbox (46.2481pt too wide) in paragraph at lines 235--235
[] \OT1/pcr/m/n/10.95 *>  10.255.255.5/32  192.168.104.4                       
   0 110 110 i[] 
 []


Overfull \hbox (46.2481pt too wide) in paragraph at lines 236--236
[] \OT1/pcr/m/n/10.95 *>  10.255.255.8/32  192.168.104.4                       
   0 110 110 i[] 
 []

LaTeX Font Info:    Font shape `OT1/pcr/bx/n' in size <10.95> not available
(Font)              Font shape `OT1/pcr/b/n' tried instead on input line 238.

Overfull \hbox (46.2481pt too wide) in paragraph at lines 238--238
[] \OT1/pcr/m/n/10.95 *>  \OT1/pcr/b/n/10.95 172.21.0.0       \OT1/pcr/m/n/10.9
5 192.168.104.4                          0 110 110 ?[] 
 []


Overfull \hbox (46.2481pt too wide) in paragraph at lines 240--240
[] \OT1/pcr/m/n/10.95 *>  \OT1/pcr/b/n/10.95 172.23.0.0       \OT1/pcr/m/n/10.9
5 192.168.104.4                          0 110 110 ?[] 
 []

[6]
Overfull \hbox (46.2481pt too wide) in paragraph at lines 251--251
[]  \OT1/pcr/m/n/10.95 2 192.168.38.3 [AS 110] \OT1/pcr/b/n/10.95 [MPLS: Label 
26 Exp 0] \OT1/pcr/m/n/10.95 16 msec 36 msec 36 msec[] 
 []

[7] [8]
Overfull \hbox (26.53812pt too wide) in paragraph at lines 403--403
[]\OT1/pcr/m/n/10.95 Sending 5, 100-byte ICMP Echos to 10.255.255.1, timeout is
 2 seconds:[] 
 []


Overfull \hbox (19.96812pt too wide) in paragraph at lines 405--405
[]\OT1/pcr/m/n/10.95 Success rate is 100 percent (5/5), round-trip min/avg/max 
= 8/8/8 ms[] 
 []


Overfull \hbox (26.53812pt too wide) in paragraph at lines 406--406
[]\OT1/pcr/m/n/10.95 Sending 5, 100-byte ICMP Echos to 10.255.255.2, timeout is
 2 seconds:[] 
 []


Overfull \hbox (39.6781pt too wide) in paragraph at lines 408--408
[]\OT1/pcr/m/n/10.95 Success rate is 100 percent (5/5), round-trip min/avg/max 
= 16/22/28 ms[] 
 []


Overfull \hbox (26.53812pt too wide) in paragraph at lines 409--409
[]\OT1/pcr/m/n/10.95 Sending 5, 100-byte ICMP Echos to 10.255.255.3, timeout is
 2 seconds:[] 
 []


Overfull \hbox (39.6781pt too wide) in paragraph at lines 411--411
[]\OT1/pcr/m/n/10.95 Success rate is 100 percent (5/5), round-trip min/avg/max 
= 24/39/68 ms[] 
 []


Overfull \hbox (26.53812pt too wide) in paragraph at lines 412--412
[]\OT1/pcr/m/n/10.95 Sending 5, 100-byte ICMP Echos to 10.255.255.4, timeout is
 2 seconds:[] 
 []


Overfull \hbox (39.6781pt too wide) in paragraph at lines 414--414
[]\OT1/pcr/m/n/10.95 Success rate is 100 percent (5/5), round-trip min/avg/max 
= 16/33/52 ms[] 
 []


Overfull \hbox (26.53812pt too wide) in paragraph at lines 415--415
[]\OT1/pcr/m/n/10.95 Sending 5, 100-byte ICMP Echos to 10.255.255.5, timeout is
 2 seconds:[] 
 []


Overfull \hbox (39.6781pt too wide) in paragraph at lines 417--417
[]\OT1/pcr/m/n/10.95 Success rate is 100 percent (5/5), round-trip min/avg/max 
= 16/26/40 ms[] 
 []


Overfull \hbox (26.53812pt too wide) in paragraph at lines 418--418
[]\OT1/pcr/m/n/10.95 Sending 5, 100-byte ICMP Echos to 10.255.255.8, timeout is
 2 seconds:[] 
 []


Overfull \hbox (46.2481pt too wide) in paragraph at lines 420--420
[]\OT1/pcr/m/n/10.95 Success rate is 100 percent (5/5), round-trip min/avg/max 
= 72/88/100 ms[] 
 []


Overfull \hbox (26.53812pt too wide) in paragraph at lines 421--421
[]\OT1/pcr/m/n/10.95 Sending 5, 100-byte ICMP Echos to 10.255.255.9, timeout is
 2 seconds:[] 
 []


Overfull \hbox (39.6781pt too wide) in paragraph at lines 423--423
[]\OT1/pcr/m/n/10.95 Success rate is 100 percent (5/5), round-trip min/avg/max 
= 48/63/80 ms[] 
 []


Overfull \hbox (33.10811pt too wide) in paragraph at lines 424--424
[]\OT1/pcr/m/n/10.95 Sending 5, 100-byte ICMP Echos to 10.255.255.10, timeout i
s 2 seconds:[] 
 []


Overfull \hbox (46.2481pt too wide) in paragraph at lines 426--426
[]\OT1/pcr/m/n/10.95 Success rate is 100 percent (5/5), round-trip min/avg/max 
= 72/79/100 ms[] 
 []


Overfull \hbox (13.39813pt too wide) in paragraph at lines 434--434
[]\OT1/pcr/m/n/10.95 Sending 5, 100-byte ICMP Echos to 172.21.0.1, timeout is 2
 seconds:[] 
 []


Overfull \hbox (39.6781pt too wide) in paragraph at lines 436--436
[]\OT1/pcr/m/n/10.95 Success rate is 100 percent (5/5), round-trip min/avg/max 
= 20/31/40 ms[] 
 []


Overfull \hbox (13.39813pt too wide) in paragraph at lines 439--439
[]\OT1/pcr/m/n/10.95 Sending 5, 100-byte ICMP Echos to 172.22.0.1, timeout is 2
 seconds:[] 
 []


Underfull \vbox (badness 10000) has occurred while \output is active []

 [9]
Overfull \hbox (39.6781pt too wide) in paragraph at lines 441--441
[]\OT1/pcr/m/n/10.95 Success rate is 100 percent (5/5), round-trip min/avg/max 
= 12/23/36 ms[] 
 []


Overfull \hbox (13.39813pt too wide) in paragraph at lines 444--444
[]\OT1/pcr/m/n/10.95 Sending 5, 100-byte ICMP Echos to 172.23.0.1, timeout is 2
 seconds:[] 
 []


Overfull \hbox (39.6781pt too wide) in paragraph at lines 446--446
[]\OT1/pcr/m/n/10.95 Success rate is 100 percent (5/5), round-trip min/avg/max 
= 44/56/72 ms[] 
 []


Overfull \hbox (0.45029pt too wide) in paragraph at lines 466--467
 [] \OT1/ppl/m/n/12 Mul-tip-ro-to-ko-lov[]e BGP (MP-BGP) je kom-bin[]acia BGP s
, v tomto pr[]^^Ppade, MPLS.
 []

[10] [11]
Overfull \hbox (13.39813pt too wide) in paragraph at lines 561--561
[]     \OT1/pcr/m/n/10.95 Network          Next Hop            Metric LocPrf We
ight Path[] 
 []


Overfull \hbox (33.10811pt too wide) in paragraph at lines 563--563
[] \OT1/pcr/m/n/10.95 * i 172.21.0.0       10.255.255.9             0    100   
   0 65001 ?[] 
 []


Overfull \hbox (33.10811pt too wide) in paragraph at lines 564--564
[] \OT1/pcr/m/n/10.95 *>i                  10.255.255.3             0    100   
   0 65001 ?[] 
 []


Overfull \hbox (33.10811pt too wide) in paragraph at lines 565--565
[] \OT1/pcr/m/n/10.95 *>i 172.22.0.0       10.255.255.4             0    100   
   0 65002 ?[] 
 []


Overfull \hbox (33.10811pt too wide) in paragraph at lines 566--566
[] \OT1/pcr/m/n/10.95 *>  172.23.0.0       192.168.15.5             0          
   0 65003 ?[] 
 []


Overfull \hbox (13.39813pt too wide) in paragraph at lines 577--577
[]     \OT1/pcr/m/n/10.95 Network          Next Hop            Metric LocPrf We
ight Path[] 
 []


Overfull \hbox (33.10811pt too wide) in paragraph at lines 579--579
[] \OT1/pcr/m/n/10.95 * i 172.21.0.0       0.0.0.0                  0    100   
   0 65004 ?[] 
 []


Overfull \hbox (33.10811pt too wide) in paragraph at lines 580--580
[] \OT1/pcr/m/n/10.95 *>i 172.22.0.0       10.255.255.9             0    100   
   0 65005 ?[] 
 []


Overfull \hbox (13.39813pt too wide) in paragraph at lines 590--590
[]     \OT1/pcr/m/n/10.95 Network          Next Hop            Metric LocPrf We
ight Path[] 
 []


Overfull \hbox (46.2481pt too wide) in paragraph at lines 593--593
[] \OT1/pcr/m/n/10.95 *   172.22.0.0       192.168.89.9                        
   0 110 110 ?[] 
 []


Overfull \hbox (46.2481pt too wide) in paragraph at lines 594--594
[] \OT1/pcr/m/n/10.95 *>                   192.168.38.3                        
   0 110 110 ?[] 
 []


Overfull \hbox (46.2481pt too wide) in paragraph at lines 595--595
[] \OT1/pcr/m/n/10.95 *   172.23.0.0       192.168.89.9                        
   0 110 110 ?[] 
 []


Overfull \hbox (46.2481pt too wide) in paragraph at lines 596--596
[] \OT1/pcr/m/n/10.95 *>                   192.168.38.3                        
   0 110 110 ?[] 
 []


Underfull \vbox (badness 10000) has occurred while \output is active []

 [12]
Overfull \hbox (0.25815pt too wide) in paragraph at lines 610--610
[]      \OT1/pcr/m/n/10.95 Origin incomplete, metric 0, localpref 100, valid, i
nternal[] 
 []


Overfull \hbox (39.6781pt too wide) in paragraph at lines 619--619
[]      \OT1/pcr/m/n/10.95 Origin incomplete, metric 0, localpref 100, valid, i
nternal, best[] 
 []


Overfull \hbox (16.22067pt too wide) in paragraph at lines 630--631
\OT1/ppl/m/n/12 z[]akazn[]^^Pci pou[]z[]^^Pvaj[]u rov-nak[]y ad-resn[]y roz-sah
, ne-prek[]a[]za, preto[]ze na PE sme-rova[]coch
 []


Overfull \hbox (22.89209pt too wide) in paragraph at lines 659--660
 [] \OT1/ppl/m/n/12 Po-tom dan[]u VRF treba pri-ra-dit[] ro-z-hra-niam, ktor[]e
 sme-ruj[]u k z[]akazn[]^^Pkom. N[]asledne
 []

[13] <obr/mpls_hub_spoke_topo.png, id=50, 675.7245pt x 442.0515pt>
File: obr/mpls_hub_spoke_topo.png Graphic file (type png)

<use obr/mpls_hub_spoke_topo.png>
Package pdftex.def Info: obr/mpls_hub_spoke_topo.png used on input line 666.
(pdftex.def)             Requested size: 398.33858pt x 260.58553pt.

<obr/mpls_hub_spoke_route_target_topo.png, id=51, 675.12225pt x 404.712pt>
File: obr/mpls_hub_spoke_route_target_topo.png Graphic file (type png)

<use obr/mpls_hub_spoke_route_target_topo.png>
Package pdftex.def Info: obr/mpls_hub_spoke_route_target_topo.png used on input
 line 673.
(pdftex.def)             Requested size: 398.33858pt x 238.79654pt.
 [14 <./obr/mpls_hub_spoke_topo.png>]
Underfull \vbox (badness 10000) has occurred while \output is active []

 [15 <./obr/mpls_hub_spoke_route_target_topo.png>]
Underfull \vbox (badness 10000) has occurred while \output is active []

 [16]
Underfull \vbox (badness 10000) has occurred while \output is active []

 [17]
Overfull \hbox (46.3283pt too wide) in paragraph at lines 846--847
 [] \OT1/ppl/m/n/12 Pa-ra-me-ter as-override za-bezpe[]c[]^^P, aby sme-rova[]ce
 ne-za-ha-dzo-vali siete, ktor[]e prech[]adzaj[]u
 []


Overfull \hbox (0.25815pt too wide) in paragraph at lines 874--874
[]  \OT1/pcr/m/n/10.95 Name                             Default RD          Int
erfaces[] 
 []


Overfull \hbox (0.25815pt too wide) in paragraph at lines 875--875
[]  \OT1/pcr/m/n/10.95 Z1_DOWN                               110:2            E
t2/1.15[] 
 []


Overfull \hbox (0.25815pt too wide) in paragraph at lines 876--876
[]  \OT1/pcr/m/n/10.95 Z1_UP                                 110:2            E
t2/1.51[] 
 []


Overfull \hbox (13.39813pt too wide) in paragraph at lines 890--890
[]     \OT1/pcr/m/n/10.95 Network          Next Hop            Metric LocPrf We
ight Path[] 
 []


Overfull \hbox (46.2481pt too wide) in paragraph at lines 891--891
[] \OT1/pcr/m/n/10.95 *   10.255.255.5/32  192.168.89.9                        
   0 110 110 i[] 
 []


Overfull \hbox (46.2481pt too wide) in paragraph at lines 892--892
[] \OT1/pcr/m/n/10.95 *>                   192.168.38.3                        
   0 110 110 i[] 
 []


Overfull \hbox (46.2481pt too wide) in paragraph at lines 894--894
[] \OT1/pcr/m/n/10.95 *   10.255.255.10/32 192.168.89.9                        
   0 110 110 i[] 
 []


Overfull \hbox (46.2481pt too wide) in paragraph at lines 895--895
[] \OT1/pcr/m/n/10.95 *>                   192.168.38.3                        
   0 110 110 i[] 
 []


Overfull \hbox (46.2481pt too wide) in paragraph at lines 897--897
[] \OT1/pcr/m/n/10.95 *   172.22.0.0       192.168.89.9                        
   0 110 110 ?[] 
 []


Overfull \hbox (46.2481pt too wide) in paragraph at lines 898--898
[] \OT1/pcr/m/n/10.95 *>                   192.168.38.3                        
   0 110 110 ?[] 
 []


Overfull \hbox (46.2481pt too wide) in paragraph at lines 899--899
[] \OT1/pcr/m/n/10.95 *   172.23.0.0       192.168.89.9                        
   0 110 110 ?[] 
 []

[18]
Overfull \hbox (46.2481pt too wide) in paragraph at lines 900--900
[] \OT1/pcr/m/n/10.95 *>                   192.168.38.3                        
   0 110 110 ?[] 
 []


Overfull \hbox (46.2481pt too wide) in paragraph at lines 918--918
[]  \OT1/pcr/m/n/10.95 2 192.168.15.1 [AS 110] [MPLS: Label 34 Exp 0] 13 msec 1
9 msec 66 msec[] 
 []


Overfull \hbox (46.2481pt too wide) in paragraph at lines 919--919
[]  \OT1/pcr/m/n/10.95 3 192.168.51.1 [AS 110] [MPLS: Label 21 Exp 0] 16 msec 2
0 msec 60 msec[] 
 []


Overfull \hbox (52.81808pt too wide) in paragraph at lines 920--920
[]  \OT1/pcr/m/n/10.95 4 192.168.104.4 [AS 110] [MPLS: Label 29 Exp 0] 18 msec 
25 msec 40 msec[] 
 []

<obr/mpls_l3vpn_topo.png, id=67, 691.08188pt x 415.5525pt>
File: obr/mpls_l3vpn_topo.png Graphic file (type png)

<use obr/mpls_l3vpn_topo.png>
Package pdftex.def Info: obr/mpls_l3vpn_topo.png used on input line 944.
(pdftex.def)             Requested size: 398.33858pt x 239.52419pt.
 [19]
Overfull \hbox (144.79797pt too wide) in paragraph at lines 1021--1021
[]\OT1/pcr/m/n/10.95 % Interface Ethernet2/1 IPv4 disabled and address(es) remo
ved due to enabling VRF GREEN[] 
 []

[20 <./obr/mpls_l3vpn_topo.png>]
Overfull \hbox (85.66805pt too wide) in paragraph at lines 1030--1030
[]\OT1/pcr/m/n/10.95 *May 16 10:10:08.158: %BGP-5-ADJCHANGE: neighbor 192.168.1
5.5 vpn vrf GREEN Up[] 
 []


Overfull \hbox (3.78796pt too wide) in paragraph at lines 1079--1080
\OT1/ppl/m/n/12 tok. V tro-j-u-holn[]^^Pku sta[]c[]^^P d[]avat[] pr[]^^Pkaz iba
 na sub-ro-z-hra-nia. Tento pr[]^^Pkaz vy-kon[]ame
 []

[21]
Overfull \hbox (92.23804pt too wide) in paragraph at lines 1187--1187
[]\OT1/pcr/m/n/10.95 Status codes: s suppressed, d damped, h history, * valid, 
> best, i - internal,[] 
 []


Overfull \hbox (85.66805pt too wide) in paragraph at lines 1188--1188
[]              \OT1/pcr/m/n/10.95 r RIB-failure, S Stale, m multipath, b backu
p-path, f RT-Filter,[] 
 []


Overfull \hbox (13.39813pt too wide) in paragraph at lines 1189--1189
[]              \OT1/pcr/m/n/10.95 x best-external, a additional-path, c RIB-co
mpressed,[] 
 []


Overfull \hbox (13.39813pt too wide) in paragraph at lines 1193--1193
[]     \OT1/pcr/m/n/10.95 Network          Next Hop            Metric LocPrf We
ight Path[] 
 []


Overfull \hbox (46.2481pt too wide) in paragraph at lines 1194--1194
[] \OT1/pcr/m/n/10.95 *   10.255.255.5/32  192.168.89.9                        
   0 110 110 i[] 
 []


Overfull \hbox (46.2481pt too wide) in paragraph at lines 1195--1195
[] \OT1/pcr/m/n/10.95 *>                   192.168.38.3                        
   0 110 110 i[] 
 []


Overfull \hbox (46.2481pt too wide) in paragraph at lines 1197--1197
[] \OT1/pcr/m/n/10.95 *   10.255.255.10/32 192.168.89.9                        
   0 110 110 ?[] 
 []


Overfull \hbox (46.2481pt too wide) in paragraph at lines 1198--1198
[] \OT1/pcr/m/n/10.95 *>                   192.168.38.3                        
   0 110 110 ?[] 
 []


Overfull \hbox (46.2481pt too wide) in paragraph at lines 1200--1200
[] \OT1/pcr/m/n/10.95 *   172.22.0.0       192.168.89.9                        
   0 110 110 i[] 
 []

[22]
Overfull \hbox (46.2481pt too wide) in paragraph at lines 1201--1201
[] \OT1/pcr/m/n/10.95 *>                   192.168.38.3                        
   0 110 110 i[] 
 []


Overfull \hbox (46.2481pt too wide) in paragraph at lines 1202--1202
[] \OT1/pcr/m/n/10.95 *   172.23.0.0       192.168.89.9                        
   0 110 110 i[] 
 []


Overfull \hbox (46.2481pt too wide) in paragraph at lines 1203--1203
[] \OT1/pcr/m/n/10.95 *>                   192.168.38.3                        
   0 110 110 i[] 
 []


Overfull \hbox (19.96812pt too wide) in paragraph at lines 1204--1204
[] \OT1/pcr/m/n/10.95 *   192.168.15.0     192.168.89.9                        
   0 110 ?[] 
 []


Overfull \hbox (19.96812pt too wide) in paragraph at lines 1205--1205
[] \OT1/pcr/m/n/10.95 *>                   192.168.38.3                        
   0 110 ?[] 
 []


Overfull \hbox (19.96812pt too wide) in paragraph at lines 1206--1206
[] \OT1/pcr/m/n/10.95 *   192.168.38.0     192.168.89.9                        
   0 110 ?[] 
 []


Overfull \hbox (19.96812pt too wide) in paragraph at lines 1207--1207
[] \OT1/pcr/m/n/10.95 *                    192.168.38.3             0          
   0 110 ?[] 
 []


Overfull \hbox (13.39813pt too wide) in paragraph at lines 1208--1208
[]     \OT1/pcr/m/n/10.95 Network          Next Hop            Metric LocPrf We
ight Path[] 
 []


Overfull \hbox (46.2481pt too wide) in paragraph at lines 1210--1210
[] \OT1/pcr/m/n/10.95 *   192.168.56.0     192.168.89.9                        
   0 110 110 ?[] 
 []


Overfull \hbox (46.2481pt too wide) in paragraph at lines 1211--1211
[] \OT1/pcr/m/n/10.95 *>                   192.168.38.3                        
   0 110 110 ?[] 
 []


Overfull \hbox (19.96812pt too wide) in paragraph at lines 1212--1212
[] \OT1/pcr/m/n/10.95 *   192.168.89.0     192.168.89.9             0          
   0 110 ?[] 
 []


Overfull \hbox (19.96812pt too wide) in paragraph at lines 1213--1213
[] \OT1/pcr/m/n/10.95 *                    192.168.38.3                        
   0 110 ?[] 
 []


Overfull \hbox (19.96812pt too wide) in paragraph at lines 1215--1215
[] \OT1/pcr/m/n/10.95 *   192.168.104.0    192.168.89.9                        
   0 110 ?[] 
 []


Overfull \hbox (19.96812pt too wide) in paragraph at lines 1216--1216
[] \OT1/pcr/m/n/10.95 *>                   192.168.38.3                        
   0 110 ?[] 
 []


Overfull \hbox (46.2481pt too wide) in paragraph at lines 1217--1217
[] \OT1/pcr/m/n/10.95 *   192.168.107.0    192.168.89.9                        
   0 110 110 ?[] 
 []


Overfull \hbox (46.2481pt too wide) in paragraph at lines 1218--1218
[] \OT1/pcr/m/n/10.95 *>                   192.168.38.3                        
   0 110 110 ?[] 
 []


Overfull \hbox (13.39813pt too wide) in paragraph at lines 1228--1228
[]\OT1/pcr/m/n/10.95 Sending 5, 100-byte ICMP Echos to 172.22.0.1, timeout is 2
 seconds:[] 
 []


Overfull \hbox (39.6781pt too wide) in paragraph at lines 1231--1231
[]\OT1/pcr/m/n/10.95 Success rate is 100 percent (5/5), round-trip min/avg/max 
= 52/56/60 ms[] 
 []


Overfull \hbox (13.39813pt too wide) in paragraph at lines 1239--1239
[]\OT1/pcr/m/n/10.95 Sending 5, 100-byte ICMP Echos to 172.23.0.1, timeout is 2
 seconds:[] 
 []


Overfull \hbox (39.6781pt too wide) in paragraph at lines 1241--1241
[]\OT1/pcr/m/n/10.95 Success rate is 100 percent (5/5), round-trip min/avg/max 
= 52/59/72 ms[] 
 []


Underfull \vbox (badness 10000) has occurred while \output is active []

 [23]
Overfull \hbox (217.06789pt too wide) in paragraph at lines 1260--1260
[]\OT1/pcr/m/n/10.95 *May 16 10:59:35.306: %LINEPROTO-5-UPDOWN: Line protocol o
n Interface Tunnel0, changed state to up[] 
 []


Overfull \hbox (217.06789pt too wide) in paragraph at lines 1261--1261
[]\OT1/pcr/m/n/10.95 *May 16 10:59:35.474: %LINEPROTO-5-UPDOWN: Line protocol o
n Interface Tunnel1, changed state to up[] 
 []


Overfull \hbox (26.53812pt too wide) in paragraph at lines 1273--1273
[]\OT1/pcr/m/n/10.95 Sending 2, 100-byte ICMP Echos to 239.10.10.10, timeout is
 2 seconds:[] 
 []


Overfull \hbox (0.53746pt too wide) in paragraph at lines 1286--1287
 [] \OT1/ppl/m/n/12 Po vy-ko-nan[]^^P pr[]^^Pkazu ``ip pim rp-address 10.255.25
5.1'' sa zo-bra-zili spr[]avy, ktor[]e
 []

[24] (./dokumentacia_mpls_isis_vachalik_sisila.aux) ) 
Here is how much of TeX's memory you used:
 5497 strings out of 493105
 72676 string characters out of 6137072
 150029 words of memory out of 5000000
 8848 multiletter control sequences out of 15000+600000
 15733 words of font info for 46 fonts, out of 8000000 for 9000
 1141 hyphenation exceptions out of 8191
 37i,9n,35p,835b,525s stack positions out of 5000i,500n,10000p,200000b,80000s
{/usr/share/texlive/texmf-
dist/fonts/enc/dvips/base/8r.enc}</usr/share/texlive/texmf-dist/fonts/type1/pub
lic/amsfonts/cm/cmsy10.pfb></usr/share/texlive/texmf-dist/fonts/type1/urw/couri
er/ucrb8a.pfb></usr/share/texlive/texmf-dist/fonts/type1/urw/courier/ucrr8a.pfb
></usr/share/texlive/texmf-dist/fonts/type1/urw/palatino/uplb8a.pfb></usr/share
/texlive/texmf-dist/fonts/type1/urw/palatino/uplr8a.pfb>
Output written on dokumentacia_mpls_isis_vachalik_sisila.pdf (24 pages, 358263 
bytes).
PDF statistics:
 106 PDF objects out of 1000 (max. 8388607)
 70 compressed objects within 1 object stream
 0 named destinations out of 1000 (max. 500000)
 21 words of extra memory for PDF output out of 10000 (max. 10000000)

