This is pdfTeX, Version 3.14159265-2.6-1.40.15 (TeX Live 2015/dev/Debian) (preloaded format=pdflatex 2017.2.18)  7 MAR 2017 18:18
entering extended mode
 restricted \write18 enabled.
 %&-line parsing enabled.
**dokumentacia_multiarea_ospf_vachalik_sisila.tex
(./dokumentacia_multiarea_ospf_vachalik_sisila.tex
LaTeX2e <2014/05/01>
Babel <3.9l> and hyphenation patterns for 79 languages loaded.
(/usr/share/texlive/texmf-dist/tex/latex/base/article.cls
Document Class: article 2014/09/29 v1.4h Standard LaTeX document class
(/usr/share/texlive/texmf-dist/tex/latex/base/size12.clo
File: size12.clo 2014/09/29 v1.4h Standard LaTeX file (size option)
)
\c@part=\count79
\c@section=\count80
\c@subsection=\count81
\c@subsubsection=\count82
\c@paragraph=\count83
\c@subparagraph=\count84
\c@figure=\count85
\c@table=\count86
\abovecaptionskip=\skip41
\belowcaptionskip=\skip42
\bibindent=\dimen102
)
(/usr/share/texlive/texmf-dist/tex/latex/geometry/geometry.sty
Package: geometry 2010/09/12 v5.6 Page Geometry

(/usr/share/texlive/texmf-dist/tex/latex/graphics/keyval.sty
Package: keyval 2014/05/08 v1.15 key=value parser (DPC)
\KV@toks@=\toks14
)
(/usr/share/texlive/texmf-dist/tex/generic/oberdiek/ifpdf.sty
Package: ifpdf 2011/01/30 v2.3 Provides the ifpdf switch (HO)
Package ifpdf Info: pdfTeX in PDF mode is detected.
)
(/usr/share/texlive/texmf-dist/tex/generic/oberdiek/ifvtex.sty
Package: ifvtex 2010/03/01 v1.5 Detect VTeX and its facilities (HO)
Package ifvtex Info: VTeX not detected.
)
(/usr/share/texlive/texmf-dist/tex/generic/ifxetex/ifxetex.sty
Package: ifxetex 2010/09/12 v0.6 Provides ifxetex conditional
)
\Gm@cnth=\count87
\Gm@cntv=\count88
\c@Gm@tempcnt=\count89
\Gm@bindingoffset=\dimen103
\Gm@wd@mp=\dimen104
\Gm@odd@mp=\dimen105
\Gm@even@mp=\dimen106
\Gm@layoutwidth=\dimen107
\Gm@layoutheight=\dimen108
\Gm@layouthoffset=\dimen109
\Gm@layoutvoffset=\dimen110
\Gm@dimlist=\toks15
)
(/usr/share/texlive/texmf-dist/tex/latex/base/inputenc.sty
Package: inputenc 2014/04/30 v1.2b Input encoding file
\inpenc@prehook=\toks16
\inpenc@posthook=\toks17

(/usr/share/texlive/texmf-dist/tex/latex/ucs/utf8x.def
File: utf8x.def 2004/10/17 UCS: Input encoding UTF-8
))
(/usr/share/texlive/texmf-dist/tex/latex/ucs/ucs.sty
Package: ucs 2013/05/11 v2.2 UCS: Unicode input support

(/usr/share/texlive/texmf-dist/tex/latex/ucs/data/uni-global.def
File: uni-global.def 2013/05/13 UCS: Unicode global data
)
\uc@secondtry=\count90
\uc@combtoks=\toks18
\uc@combtoksb=\toks19
\uc@temptokena=\toks20
)
(/usr/share/texlive/texmf-dist/tex/generic/babel/babel.sty
Package: babel 2014/09/25 3.9l The Babel package

(/usr/share/texlive/texmf-dist/tex/generic/babel-slovak/slovak.ldf
Language: slovak 2008/07/06 v3.1a Slovak support from the babel system

(/usr/share/texlive/texmf-dist/tex/generic/babel/babel.def
File: babel.def 2014/09/25 3.9l Babel common definitions
\babel@savecnt=\count91
\U@D=\dimen111
)
Package babel Info: Making ^ an active character on input line 123.
Package babel Info: Making " an active character on input line 126.
Package babel Info: Making ' an active character on input line 129.
\cs@wordlen=\count92
Package babel Info: Making - an active character on input line 294.
))
(/usr/share/texlive/texmf-dist/tex/latex/psnfss/palatino.sty
Package: palatino 2005/04/12 PSNFSS-v9.2a (SPQR) 
)
(/usr/share/texlive/texmf-dist/tex/latex/tools/verbatim.sty
Package: verbatim 2014/10/28 v1.5q LaTeX2e package for verbatim enhancements
\every@verbatim=\toks21
\verbatim@line=\toks22
\verbatim@in@stream=\read1
)
(/usr/share/texlive/texmf-dist/tex/latex/dirtytalk/dirtytalk.sty
Package: dirtytalk 2010/11/21 A package making "quoting" easier

(/usr/share/texlive/texmf-dist/tex/latex/oberdiek/kvoptions.sty
Package: kvoptions 2011/06/30 v3.11 Key value format for package options (HO)

(/usr/share/texlive/texmf-dist/tex/generic/oberdiek/ltxcmds.sty
Package: ltxcmds 2011/11/09 v1.22 LaTeX kernel commands for general use (HO)
)
(/usr/share/texlive/texmf-dist/tex/generic/oberdiek/kvsetkeys.sty
Package: kvsetkeys 2012/04/25 v1.16 Key value parser (HO)

(/usr/share/texlive/texmf-dist/tex/generic/oberdiek/infwarerr.sty
Package: infwarerr 2010/04/08 v1.3 Providing info/warning/error messages (HO)
)
(/usr/share/texlive/texmf-dist/tex/generic/oberdiek/etexcmds.sty
Package: etexcmds 2011/02/16 v1.5 Avoid name clashes with e-TeX commands (HO)

(/usr/share/texlive/texmf-dist/tex/generic/oberdiek/ifluatex.sty
Package: ifluatex 2010/03/01 v1.3 Provides the ifluatex switch (HO)
Package ifluatex Info: LuaTeX not detected.
)
Package etexcmds Info: Could not find \expanded.
(etexcmds)             That can mean that you are not using pdfTeX 1.50 or
(etexcmds)             that some package has redefined \expanded.
(etexcmds)             In the latter case, load this package earlier.
)))
(/usr/share/texlive/texmf-dist/tex/latex/base/ifthen.sty
Package: ifthen 2014/09/29 v1.1c Standard LaTeX ifthen package (DPC)
)
\c@dirtytalk@qdepth=\count93
)
(/usr/share/texlive/texmf-dist/tex/latex/graphics/graphicx.sty
Package: graphicx 2014/04/25 v1.0g Enhanced LaTeX Graphics (DPC,SPQR)

(/usr/share/texlive/texmf-dist/tex/latex/graphics/graphics.sty
Package: graphics 2009/02/05 v1.0o Standard LaTeX Graphics (DPC,SPQR)

(/usr/share/texlive/texmf-dist/tex/latex/graphics/trig.sty
Package: trig 1999/03/16 v1.09 sin cos tan (DPC)
)
(/usr/share/texlive/texmf-dist/tex/latex/latexconfig/graphics.cfg
File: graphics.cfg 2010/04/23 v1.9 graphics configuration of TeX Live
)
Package graphics Info: Driver file: pdftex.def on input line 91.

(/usr/share/texlive/texmf-dist/tex/latex/pdftex-def/pdftex.def
File: pdftex.def 2011/05/27 v0.06d Graphics/color for pdfTeX
\Gread@gobject=\count94
))
\Gin@req@height=\dimen112
\Gin@req@width=\dimen113
)
(/usr/share/texlive/texmf-dist/tex/latex/chngcntr/chngcntr.sty
Package: chngcntr 2009/09/02 v1.0a change counter resetting
)
(./dokumentacia_multiarea_ospf_vachalik_sisila.aux)
\openout1 = `dokumentacia_multiarea_ospf_vachalik_sisila.aux'.

LaTeX Font Info:    Checking defaults for OML/cmm/m/it on input line 26.
LaTeX Font Info:    ... okay on input line 26.
LaTeX Font Info:    Checking defaults for T1/cmr/m/n on input line 26.
LaTeX Font Info:    ... okay on input line 26.
LaTeX Font Info:    Checking defaults for OT1/cmr/m/n on input line 26.
LaTeX Font Info:    ... okay on input line 26.
LaTeX Font Info:    Checking defaults for OMS/cmsy/m/n on input line 26.
LaTeX Font Info:    ... okay on input line 26.
LaTeX Font Info:    Checking defaults for OMX/cmex/m/n on input line 26.
LaTeX Font Info:    ... okay on input line 26.
LaTeX Font Info:    Checking defaults for U/cmr/m/n on input line 26.
LaTeX Font Info:    ... okay on input line 26.
LaTeX Font Info:    Try loading font information for OT1+ppl on input line 26.

(/usr/share/texlive/texmf-dist/tex/latex/psnfss/ot1ppl.fd
File: ot1ppl.fd 2001/06/04 font definitions for OT1/ppl.
)
*geometry* driver: auto-detecting
*geometry* detected driver: pdftex
*geometry* verbose mode - [ preamble ] result:
* driver: pdftex
* paper: a4paper
* layout: <same size as paper>
* layoutoffset:(h,v)=(0.0pt,0.0pt)
* bindingoffset: 17.07164pt
* modes: twoside 
* h-part:(L,W,R)=(61.45795pt, 426.79134pt, 92.18695pt)
* v-part:(T,H,B)=(71.13188pt, 702.78308pt, 71.13188pt)
* \paperwidth=597.50787pt
* \paperheight=845.04684pt
* \textwidth=426.79134pt
* \textheight=702.78308pt
* \oddsidemargin=6.2596pt
* \evensidemargin=19.91696pt
* \topmargin=-38.1381pt
* \headheight=12.0pt
* \headsep=25.0pt
* \topskip=12.0pt
* \footskip=30.0pt
* \marginparwidth=85.0pt
* \marginparsep=10.0pt
* \columnsep=10.0pt
* \skip\footins=10.8pt plus 4.0pt minus 2.0pt
* \hoffset=0.0pt
* \voffset=0.0pt
* \mag=1000
* \@twocolumnfalse
* \@twosidetrue
* \@mparswitchtrue
* \@reversemarginfalse
* (1in=72.27pt=25.4mm, 1cm=28.453pt)

(/usr/share/texlive/texmf-dist/tex/latex/ucs/ucsencs.def
File: ucsencs.def 2011/01/21 Fixes to fontencodings LGR, T3
)
(/usr/share/texlive/texmf-dist/tex/context/base/supp-pdf.mkii
[Loading MPS to PDF converter (version 2006.09.02).]
\scratchcounter=\count95
\scratchdimen=\dimen114
\scratchbox=\box26
\nofMPsegments=\count96
\nofMParguments=\count97
\everyMPshowfont=\toks23
\MPscratchCnt=\count98
\MPscratchDim=\dimen115
\MPnumerator=\count99
\makeMPintoPDFobject=\count100
\everyMPtoPDFconversion=\toks24
) (/usr/share/texlive/texmf-dist/tex/generic/oberdiek/pdftexcmds.sty
Package: pdftexcmds 2011/11/29 v0.20 Utility functions of pdfTeX for LuaTeX (HO
)
Package pdftexcmds Info: LuaTeX not detected.
Package pdftexcmds Info: \pdf@primitive is available.
Package pdftexcmds Info: \pdf@ifprimitive is available.
Package pdftexcmds Info: \pdfdraftmode found.
)
(/usr/share/texlive/texmf-dist/tex/latex/oberdiek/epstopdf-base.sty
Package: epstopdf-base 2010/02/09 v2.5 Base part for package epstopdf

(/usr/share/texlive/texmf-dist/tex/latex/oberdiek/grfext.sty
Package: grfext 2010/08/19 v1.1 Manage graphics extensions (HO)

(/usr/share/texlive/texmf-dist/tex/generic/oberdiek/kvdefinekeys.sty
Package: kvdefinekeys 2011/04/07 v1.3 Define keys (HO)
))
Package grfext Info: Graphics extension search list:
(grfext)             [.png,.pdf,.jpg,.mps,.jpeg,.jbig2,.jb2,.PNG,.PDF,.JPG,.JPE
G,.JBIG2,.JB2,.eps]
(grfext)             \AppendGraphicsExtensions on input line 452.

(/usr/share/texlive/texmf-dist/tex/latex/latexconfig/epstopdf-sys.cfg
File: epstopdf-sys.cfg 2010/07/13 v1.3 Configuration of (r)epstopdf for TeX Liv
e
))
LaTeX Font Info:    Font shape `OT1/ppl/bx/n' in size <17.28> not available
(Font)              Font shape `OT1/ppl/b/n' tried instead on input line 29.
LaTeX Font Info:    Font shape `OT1/ppl/bx/n' in size <14.4> not available
(Font)              Font shape `OT1/ppl/b/n' tried instead on input line 30.

(/usr/share/texlive/texmf-dist/tex/latex/ucs/data/uni-0.def
File: uni-0.def 2013/05/13 UCS: Unicode data U+0000..U+00FF
)
LaTeX Font Info:    Font shape `OT1/ppl/bx/n' in size <12> not available
(Font)              Font shape `OT1/ppl/b/n' tried instead on input line 32.

(/usr/share/texlive/texmf-dist/tex/latex/ucs/data/uni-1.def
File: uni-1.def 2013/05/13 UCS: Unicode data U+0100..U+01FF
)
<obr/multiarea_ospf_topo.png, id=1, 834.11626pt x 621.32124pt>
File: obr/multiarea_ospf_topo.png Graphic file (type png)

<use obr/multiarea_ospf_topo.png>
Package pdftex.def Info: obr/multiarea_ospf_topo.png used on input line 36.
(pdftex.def)             Requested size: 341.43306pt x 254.32622pt.

Overfull \hbox (10.02554pt too wide) in paragraph at lines 45--46
 [] \OT1/ppl/m/n/12 Ako za z[]akladn[]u kon-fi-gur[]aciu pova[]zujeme na-sta-ve
-nie ad-res[]acie, vzdia-len[]eho
 []

LaTeX Font Info:    Try loading font information for OT1+qcr on input line 48.
(/usr/share/texmf/tex/latex/tex-gyre/ot1qcr.fd
File: ot1qcr.fd 2009/09/25 v1.2 font definition file for OT1/qcr
)
LaTeX Font Info:    Try loading font information for OT1+pcr on input line 50.

(/usr/share/texlive/texmf-dist/tex/latex/psnfss/ot1pcr.fd
File: ot1pcr.fd 2001/06/04 font definitions for OT1/pcr.
) [1

{/var/lib/texmf/fonts/map/pdftex/updmap/pdftex.map} <./obr/multiarea_ospf_topo.
png>]
Underfull \vbox (badness 10000) has occurred while \output is active []

 [2]
Underfull \vbox (badness 10000) has occurred while \output is active []

 [3]
Underfull \vbox (badness 10000) has occurred while \output is active []

 [4]
Underfull \vbox (badness 10000) has occurred while \output is active []

 [5]
Overfull \hbox (6.65324pt too wide) in paragraph at lines 279--280
 [] \OT1/ppl/m/n/12 Z[]akladn[]u kon-fi-gur[]aciu sme ove-rili pr[]^^Pkazmi ``s
how ip in-ter-face brief'', ``show
 []

[6]
Underfull \vbox (badness 10000) has occurred while \output is active []

 [7]
[8]
LaTeX Font Info:    Try loading font information for OML+ppl on input line 476.

 (/usr/share/texlive/texmf-dist/tex/latex/psnfss/omlppl.fd
File: omlppl.fd 
)
LaTeX Font Info:    Font shape `OML/ppl/m/n' in size <12> not available
(Font)              Font shape `OML/cmm/m/it' tried instead on input line 476.

Underfull \hbox (badness 10000) in paragraph at lines 476--478

 []


Overfull \hbox (79.09805pt too wide) in paragraph at lines 485--485
[]  \OT1/pcr/m/n/10.95 Process ID 1, Router ID 10.255.255.3, Network Type POINT
_TO_POINT, Cost: 10[] 
 []

[9]
Overfull \hbox (59.38808pt too wide) in paragraph at lines 540--540
[]\OT1/pcr/m/n/10.95 Interface    PID   Area            IP Address/Mask    Cost
  State Nbrs F/C[] 
 []


Overfull \hbox (26.53812pt too wide) in paragraph at lines 541--541
[]\OT1/pcr/m/n/10.95 Fa0/1        1     0               10.0.234.3/24      1   
  DR    2/2[] 
 []


Overfull \hbox (26.53812pt too wide) in paragraph at lines 542--542
[]\OT1/pcr/m/n/10.95 Lo1          1     1               10.255.255.3/32    1   
  LOOP  0/0[] 
 []


Overfull \hbox (26.53812pt too wide) in paragraph at lines 543--543
[]\OT1/pcr/m/n/10.95 Fa0/0        1     1               10.1.38.1/24       10  
  P2P   1/1[] 
 []


Overfull \hbox (26.53812pt too wide) in paragraph at lines 544--544
[]\OT1/pcr/m/n/10.95 Se1/0        1     2               10.2.39.1/30       64  
  P2P   1/1[] 
 []

(/usr/share/texlive/texmf-dist/tex/latex/ucs/data/uni-32.def
File: uni-32.def 2013/05/13 UCS: Unicode data U+2000..U+20FF
)
Overfull \hbox (39.6781pt too wide) in paragraph at lines 564--564
[]\OT1/pcr/m/n/10.95 !R3 - R3 je ABR, preto pou[]zijeme dodato[]cn[]y pr[]^^Pka
z "no-summary", aby sme[] 
 []

[10] [11] [12]
Overfull \hbox (59.38808pt too wide) in paragraph at lines 753--753
[]\OT1/pcr/m/n/10.95 Interface    PID   Area            IP Address/Mask    Cost
  State Nbrs F/C[] 
 []


Overfull \hbox (26.53812pt too wide) in paragraph at lines 754--754
[]\OT1/pcr/m/n/10.95 VL0          1     0               10.3.104.1/30      64  
  P2P   1/1[] 
 []


Overfull \hbox (26.53812pt too wide) in paragraph at lines 755--755
[]\OT1/pcr/m/n/10.95 Fa0/1        1     0               10.0.234.4/24      10  
  DROTH 2/2[] 
 []


Overfull \hbox (26.53812pt too wide) in paragraph at lines 756--756
[]\OT1/pcr/m/n/10.95 Fa0/0        1     2               10.2.49.1/24       6553
5 P2P   1/1[] 
 []


Overfull \hbox (26.53812pt too wide) in paragraph at lines 757--757
[]\OT1/pcr/m/n/10.95 Lo1          1     3               10.255.255.4/32    1   
  LOOP  0/0[] 
 []


Overfull \hbox (26.53812pt too wide) in paragraph at lines 758--758
[]\OT1/pcr/m/n/10.95 Se1/0        1     3               10.3.104.1/30      64  
  P2P   1/1[] 
 []


Overfull \hbox (59.38808pt too wide) in paragraph at lines 771--771
[]\OT1/pcr/m/n/10.95 Interface    PID   Area            IP Address/Mask    Cost
  State Nbrs F/C[] 
 []


Overfull \hbox (26.53812pt too wide) in paragraph at lines 772--772
[]\OT1/pcr/m/n/10.95 VL0          1     0               10.3.104.2/24      64  
  P2P   1/1[] 
 []


Overfull \hbox (26.53812pt too wide) in paragraph at lines 773--773
[]\OT1/pcr/m/n/10.95 Lo1          1     3               10.255.255.10/32   1   
  LOOP  0/0[] 
 []


Overfull \hbox (26.53812pt too wide) in paragraph at lines 774--774
[]\OT1/pcr/m/n/10.95 Se1/0        1     3               10.3.104.2/24      64  
  P2P   1/1[] 
 []


Overfull \hbox (26.53812pt too wide) in paragraph at lines 775--775
[]\OT1/pcr/m/n/10.95 Se1/1        1     4               10.4.107.2/24      64  
  P2P   1/1[] 
 []

[13]
Overfull \hbox (52.81808pt too wide) in paragraph at lines 841--841
[]\OT1/pcr/m/n/10.95 O E2    10.255.255.5/32 [110/20] via 10.0.12.1, 00:03:07, 
FastEthernet0/0[] 
 []


Overfull \hbox (65.95807pt too wide) in paragraph at lines 876--876
[]\OT1/pcr/m/n/10.95 Neighbor ID     Pri   State           Dead Time   Address 
        Interface[] 
 []


Overfull \hbox (39.6781pt too wide) in paragraph at lines 877--877
[]\OT1/pcr/m/n/10.95 10.255.255.3      1   FULL/BDR        00:00:01    10.0.234
.3      Fa0/1[] 
 []


Overfull \hbox (39.6781pt too wide) in paragraph at lines 878--878
[]\OT1/pcr/m/n/10.95 10.255.255.4    100   FULL/DR         00:00:01    10.0.234
.4      Fa0/1[] 
 []


Overfull \hbox (65.95807pt too wide) in paragraph at lines 881--881
[]\OT1/pcr/m/n/10.95 Neighbor ID     Pri   State           Dead Time   Address 
        Interface[] 
 []

[14]
Overfull \hbox (39.6781pt too wide) in paragraph at lines 882--882
[]\OT1/pcr/m/n/10.95 10.255.255.3      1   FULL/BDR        00:00:01    10.0.234
.3      Fa0/1[] 
 []


Overfull \hbox (39.6781pt too wide) in paragraph at lines 883--883
[]\OT1/pcr/m/n/10.95 10.255.255.4    100   FULL/DR         00:00:01    10.0.234
.4      Fa0/1[] 
 []

[15] [16]
Overfull \hbox (1.54239pt too wide) in paragraph at lines 1023--1024
 [] \OT1/ppl/m/n/12 T[]ym, []ze zn[]^^P[]zime ban-dwidth na tomto ro-z-hran[]^^
P, zv[]y[]sime jeho "Cost". Zmena
 []

[17]
LaTeX Font Info:    Try loading font information for OMS+ppl on input line 1112
.
 (/usr/share/texlive/texmf-dist/tex/latex/psnfss/omsppl.fd
File: omsppl.fd 
)
LaTeX Font Info:    Font shape `OMS/ppl/m/n' in size <12> not available
(Font)              Font shape `OMS/cmsy/m/n' tried instead on input line 1112.


Overfull \hbox (3.94234pt too wide) in paragraph at lines 1112--1113
[]\OT1/ppl/m/n/12 Oblast[] 1 strat[]^^P ko-nek-ti-vitu s chrb-ti-co-vou ob-last
[]ou, preto[]ze u[]z ne-bude priamo
 []

[18]
Overfull \hbox (79.09805pt too wide) in paragraph at lines 1127--1127
[]  \OT1/pcr/m/n/10.95 Process ID 1, Router ID 10.255.255.1, Network Type POINT
_TO_POINT, Cost: 10[] 
 []


Overfull \hbox (33.10811pt too wide) in paragraph at lines 1130--1130
[]  \OT1/pcr/m/n/10.95 Timer intervals configured, Hello 10, Dead 40, Wait 40, 
Retransmit 5[] 
 []

[19] (./dokumentacia_multiarea_ospf_vachalik_sisila.aux) ) 
Here is how much of TeX's memory you used:
 4458 strings out of 493105
 59788 string characters out of 6137072
 131109 words of memory out of 5000000
 7847 multiletter control sequences out of 15000+600000
 11066 words of font info for 32 fonts, out of 8000000 for 9000
 1141 hyphenation exceptions out of 8191
 37i,5n,23p,916b,535s stack positions out of 5000i,500n,10000p,200000b,80000s
{/usr/share/texlive/t
exmf-dist/fonts/enc/dvips/base/8r.enc}</usr/share/texlive/texmf-dist/fonts/type
1/public/amsfonts/cm/cmmi12.pfb></usr/share/texlive/texmf-dist/fonts/type1/publ
ic/amsfonts/cm/cmsy10.pfb></usr/share/texlive/texmf-dist/fonts/type1/urw/courie
r/ucrr8a.pfb></usr/share/texlive/texmf-dist/fonts/type1/urw/palatino/uplb8a.pfb
></usr/share/texlive/texmf-dist/fonts/type1/urw/palatino/uplr8a.pfb>
Output written on dokumentacia_multiarea_ospf_vachalik_sisila.pdf (19 pages, 16
2407 bytes).
PDF statistics:
 88 PDF objects out of 1000 (max. 8388607)
 60 compressed objects within 1 object stream
 0 named destinations out of 1000 (max. 500000)
 6 words of extra memory for PDF output out of 10000 (max. 10000000)

