This is pdfTeX, Version 3.14159265-2.6-1.40.15 (TeX Live 2015/dev/Debian) (preloaded format=pdflatex 2017.2.18)  12 MAR 2017 11:47
entering extended mode
 restricted \write18 enabled.
 %&-line parsing enabled.
**dokumentacia_multiarea_ospf_vachalik_sisila.tex
(./dokumentacia_multiarea_ospf_vachalik_sisila.tex
LaTeX2e <2014/05/01>
Babel <3.9l> and hyphenation patterns for 79 languages loaded.
(/usr/share/texlive/texmf-dist/tex/latex/base/article.cls
Document Class: article 2014/09/29 v1.4h Standard LaTeX document class
(/usr/share/texlive/texmf-dist/tex/latex/base/size12.clo
File: size12.clo 2014/09/29 v1.4h Standard LaTeX file (size option)
)
\c@part=\count79
\c@section=\count80
\c@subsection=\count81
\c@subsubsection=\count82
\c@paragraph=\count83
\c@subparagraph=\count84
\c@figure=\count85
\c@table=\count86
\abovecaptionskip=\skip41
\belowcaptionskip=\skip42
\bibindent=\dimen102
)
(/usr/share/texlive/texmf-dist/tex/latex/geometry/geometry.sty
Package: geometry 2010/09/12 v5.6 Page Geometry

(/usr/share/texlive/texmf-dist/tex/latex/graphics/keyval.sty
Package: keyval 2014/05/08 v1.15 key=value parser (DPC)
\KV@toks@=\toks14
)
(/usr/share/texlive/texmf-dist/tex/generic/oberdiek/ifpdf.sty
Package: ifpdf 2011/01/30 v2.3 Provides the ifpdf switch (HO)
Package ifpdf Info: pdfTeX in PDF mode is detected.
)
(/usr/share/texlive/texmf-dist/tex/generic/oberdiek/ifvtex.sty
Package: ifvtex 2010/03/01 v1.5 Detect VTeX and its facilities (HO)
Package ifvtex Info: VTeX not detected.
)
(/usr/share/texlive/texmf-dist/tex/generic/ifxetex/ifxetex.sty
Package: ifxetex 2010/09/12 v0.6 Provides ifxetex conditional
)
\Gm@cnth=\count87
\Gm@cntv=\count88
\c@Gm@tempcnt=\count89
\Gm@bindingoffset=\dimen103
\Gm@wd@mp=\dimen104
\Gm@odd@mp=\dimen105
\Gm@even@mp=\dimen106
\Gm@layoutwidth=\dimen107
\Gm@layoutheight=\dimen108
\Gm@layouthoffset=\dimen109
\Gm@layoutvoffset=\dimen110
\Gm@dimlist=\toks15
)
(/usr/share/texlive/texmf-dist/tex/latex/base/inputenc.sty
Package: inputenc 2014/04/30 v1.2b Input encoding file
\inpenc@prehook=\toks16
\inpenc@posthook=\toks17

(/usr/share/texlive/texmf-dist/tex/latex/ucs/utf8x.def
File: utf8x.def 2004/10/17 UCS: Input encoding UTF-8
))
(/usr/share/texlive/texmf-dist/tex/latex/ucs/ucs.sty
Package: ucs 2013/05/11 v2.2 UCS: Unicode input support

(/usr/share/texlive/texmf-dist/tex/latex/ucs/data/uni-global.def
File: uni-global.def 2013/05/13 UCS: Unicode global data
)
\uc@secondtry=\count90
\uc@combtoks=\toks18
\uc@combtoksb=\toks19
\uc@temptokena=\toks20
)
(/usr/share/texlive/texmf-dist/tex/generic/babel/babel.sty
Package: babel 2014/09/25 3.9l The Babel package

(/usr/share/texlive/texmf-dist/tex/generic/babel-slovak/slovak.ldf
Language: slovak 2008/07/06 v3.1a Slovak support from the babel system

(/usr/share/texlive/texmf-dist/tex/generic/babel/babel.def
File: babel.def 2014/09/25 3.9l Babel common definitions
\babel@savecnt=\count91
\U@D=\dimen111
)
Package babel Info: Making ^ an active character on input line 123.
Package babel Info: Making " an active character on input line 126.
Package babel Info: Making ' an active character on input line 129.
\cs@wordlen=\count92
Package babel Info: Making - an active character on input line 294.
))
(/usr/share/texlive/texmf-dist/tex/latex/psnfss/palatino.sty
Package: palatino 2005/04/12 PSNFSS-v9.2a (SPQR) 
)
(/usr/share/texlive/texmf-dist/tex/latex/tools/verbatim.sty
Package: verbatim 2014/10/28 v1.5q LaTeX2e package for verbatim enhancements
\every@verbatim=\toks21
\verbatim@line=\toks22
\verbatim@in@stream=\read1
)
(/usr/share/texlive/texmf-dist/tex/latex/dirtytalk/dirtytalk.sty
Package: dirtytalk 2010/11/21 A package making "quoting" easier

(/usr/share/texlive/texmf-dist/tex/latex/oberdiek/kvoptions.sty
Package: kvoptions 2011/06/30 v3.11 Key value format for package options (HO)

(/usr/share/texlive/texmf-dist/tex/generic/oberdiek/ltxcmds.sty
Package: ltxcmds 2011/11/09 v1.22 LaTeX kernel commands for general use (HO)
)
(/usr/share/texlive/texmf-dist/tex/generic/oberdiek/kvsetkeys.sty
Package: kvsetkeys 2012/04/25 v1.16 Key value parser (HO)

(/usr/share/texlive/texmf-dist/tex/generic/oberdiek/infwarerr.sty
Package: infwarerr 2010/04/08 v1.3 Providing info/warning/error messages (HO)
)
(/usr/share/texlive/texmf-dist/tex/generic/oberdiek/etexcmds.sty
Package: etexcmds 2011/02/16 v1.5 Avoid name clashes with e-TeX commands (HO)

(/usr/share/texlive/texmf-dist/tex/generic/oberdiek/ifluatex.sty
Package: ifluatex 2010/03/01 v1.3 Provides the ifluatex switch (HO)
Package ifluatex Info: LuaTeX not detected.
)
Package etexcmds Info: Could not find \expanded.
(etexcmds)             That can mean that you are not using pdfTeX 1.50 or
(etexcmds)             that some package has redefined \expanded.
(etexcmds)             In the latter case, load this package earlier.
)))
(/usr/share/texlive/texmf-dist/tex/latex/base/ifthen.sty
Package: ifthen 2014/09/29 v1.1c Standard LaTeX ifthen package (DPC)
)
\c@dirtytalk@qdepth=\count93
)
(/usr/share/texlive/texmf-dist/tex/latex/base/alltt.sty
Package: alltt 1997/06/16 v2.0g defines alltt environment
)
(/usr/share/texlive/texmf-dist/tex/latex/graphics/graphicx.sty
Package: graphicx 2014/04/25 v1.0g Enhanced LaTeX Graphics (DPC,SPQR)

(/usr/share/texlive/texmf-dist/tex/latex/graphics/graphics.sty
Package: graphics 2009/02/05 v1.0o Standard LaTeX Graphics (DPC,SPQR)

(/usr/share/texlive/texmf-dist/tex/latex/graphics/trig.sty
Package: trig 1999/03/16 v1.09 sin cos tan (DPC)
)
(/usr/share/texlive/texmf-dist/tex/latex/latexconfig/graphics.cfg
File: graphics.cfg 2010/04/23 v1.9 graphics configuration of TeX Live
)
Package graphics Info: Driver file: pdftex.def on input line 91.

(/usr/share/texlive/texmf-dist/tex/latex/pdftex-def/pdftex.def
File: pdftex.def 2011/05/27 v0.06d Graphics/color for pdfTeX
\Gread@gobject=\count94
))
\Gin@req@height=\dimen112
\Gin@req@width=\dimen113
)
(/usr/share/texlive/texmf-dist/tex/latex/chngcntr/chngcntr.sty
Package: chngcntr 2009/09/02 v1.0a change counter resetting
)
(/usr/share/texlive/texmf-dist/tex/latex/booktabs/booktabs.sty
Package: booktabs 2005/04/14 v1.61803 publication quality tables
\heavyrulewidth=\dimen114
\lightrulewidth=\dimen115
\cmidrulewidth=\dimen116
\belowrulesep=\dimen117
\belowbottomsep=\dimen118
\aboverulesep=\dimen119
\abovetopsep=\dimen120
\cmidrulesep=\dimen121
\cmidrulekern=\dimen122
\defaultaddspace=\dimen123
\@cmidla=\count95
\@cmidlb=\count96
\@aboverulesep=\dimen124
\@belowrulesep=\dimen125
\@thisruleclass=\count97
\@lastruleclass=\count98
\@thisrulewidth=\dimen126
)
(/usr/share/texlive/texmf-dist/tex/latex/multirow/multirow.sty
\bigstrutjot=\dimen127
)
(/usr/share/texlive/texmf-dist/tex/latex/etoolbox/etoolbox.sty
Package: etoolbox 2011/01/03 v2.1 e-TeX tools for LaTeX

(/usr/share/texlive/texmf-dist/tex/latex/etex-pkg/etex.sty
Package: etex 1998/03/26 v2.0 eTeX basic definition package (PEB)
\et@xins=\count99
)
\etb@tempcnta=\count100
)
(./dokumentacia_multiarea_ospf_vachalik_sisila.aux)
\openout1 = `dokumentacia_multiarea_ospf_vachalik_sisila.aux'.

LaTeX Font Info:    Checking defaults for OML/cmm/m/it on input line 37.
LaTeX Font Info:    ... okay on input line 37.
LaTeX Font Info:    Checking defaults for T1/cmr/m/n on input line 37.
LaTeX Font Info:    ... okay on input line 37.
LaTeX Font Info:    Checking defaults for OT1/cmr/m/n on input line 37.
LaTeX Font Info:    ... okay on input line 37.
LaTeX Font Info:    Checking defaults for OMS/cmsy/m/n on input line 37.
LaTeX Font Info:    ... okay on input line 37.
LaTeX Font Info:    Checking defaults for OMX/cmex/m/n on input line 37.
LaTeX Font Info:    ... okay on input line 37.
LaTeX Font Info:    Checking defaults for U/cmr/m/n on input line 37.
LaTeX Font Info:    ... okay on input line 37.
LaTeX Font Info:    Try loading font information for OT1+ppl on input line 37.

(/usr/share/texlive/texmf-dist/tex/latex/psnfss/ot1ppl.fd
File: ot1ppl.fd 2001/06/04 font definitions for OT1/ppl.
)
*geometry* driver: auto-detecting
*geometry* detected driver: pdftex
*geometry* verbose mode - [ preamble ] result:
* driver: pdftex
* paper: a4paper
* layout: <same size as paper>
* layoutoffset:(h,v)=(0.0pt,0.0pt)
* bindingoffset: 17.07164pt
* modes: twoside 
* h-part:(L,W,R)=(61.45795pt, 426.79134pt, 92.18695pt)
* v-part:(T,H,B)=(71.13188pt, 702.78308pt, 71.13188pt)
* \paperwidth=597.50787pt
* \paperheight=845.04684pt
* \textwidth=426.79134pt
* \textheight=702.78308pt
* \oddsidemargin=6.2596pt
* \evensidemargin=19.91696pt
* \topmargin=-38.1381pt
* \headheight=12.0pt
* \headsep=25.0pt
* \topskip=12.0pt
* \footskip=30.0pt
* \marginparwidth=85.0pt
* \marginparsep=10.0pt
* \columnsep=10.0pt
* \skip\footins=10.8pt plus 4.0pt minus 2.0pt
* \hoffset=0.0pt
* \voffset=0.0pt
* \mag=1000
* \@twocolumnfalse
* \@twosidetrue
* \@mparswitchtrue
* \@reversemarginfalse
* (1in=72.27pt=25.4mm, 1cm=28.453pt)

(/usr/share/texlive/texmf-dist/tex/latex/ucs/ucsencs.def
File: ucsencs.def 2011/01/21 Fixes to fontencodings LGR, T3
)
(/usr/share/texlive/texmf-dist/tex/context/base/supp-pdf.mkii
[Loading MPS to PDF converter (version 2006.09.02).]
\scratchcounter=\count101
\scratchdimen=\dimen128
\scratchbox=\box26
\nofMPsegments=\count102
\nofMParguments=\count103
\everyMPshowfont=\toks23
\MPscratchCnt=\count104
\MPscratchDim=\dimen129
\MPnumerator=\count105
\makeMPintoPDFobject=\count106
\everyMPtoPDFconversion=\toks24
) (/usr/share/texlive/texmf-dist/tex/generic/oberdiek/pdftexcmds.sty
Package: pdftexcmds 2011/11/29 v0.20 Utility functions of pdfTeX for LuaTeX (HO
)
Package pdftexcmds Info: LuaTeX not detected.
Package pdftexcmds Info: \pdf@primitive is available.
Package pdftexcmds Info: \pdf@ifprimitive is available.
Package pdftexcmds Info: \pdfdraftmode found.
)
(/usr/share/texlive/texmf-dist/tex/latex/oberdiek/epstopdf-base.sty
Package: epstopdf-base 2010/02/09 v2.5 Base part for package epstopdf

(/usr/share/texlive/texmf-dist/tex/latex/oberdiek/grfext.sty
Package: grfext 2010/08/19 v1.1 Manage graphics extensions (HO)

(/usr/share/texlive/texmf-dist/tex/generic/oberdiek/kvdefinekeys.sty
Package: kvdefinekeys 2011/04/07 v1.3 Define keys (HO)
))
Package grfext Info: Graphics extension search list:
(grfext)             [.png,.pdf,.jpg,.mps,.jpeg,.jbig2,.jb2,.PNG,.PDF,.JPG,.JPE
G,.JBIG2,.JB2,.eps]
(grfext)             \AppendGraphicsExtensions on input line 452.

(/usr/share/texlive/texmf-dist/tex/latex/latexconfig/epstopdf-sys.cfg
File: epstopdf-sys.cfg 2010/07/13 v1.3 Configuration of (r)epstopdf for TeX Liv
e
))
LaTeX Font Info:    Font shape `OT1/ppl/bx/n' in size <17.28> not available
(Font)              Font shape `OT1/ppl/b/n' tried instead on input line 40.
LaTeX Font Info:    Font shape `OT1/ppl/bx/n' in size <14.4> not available
(Font)              Font shape `OT1/ppl/b/n' tried instead on input line 41.

(/usr/share/texlive/texmf-dist/tex/latex/ucs/data/uni-0.def
File: uni-0.def 2013/05/13 UCS: Unicode data U+0000..U+00FF
)
LaTeX Font Info:    Font shape `OT1/ppl/bx/n' in size <12> not available
(Font)              Font shape `OT1/ppl/b/n' tried instead on input line 43.

(/usr/share/texlive/texmf-dist/tex/latex/ucs/data/uni-1.def
File: uni-1.def 2013/05/13 UCS: Unicode data U+0100..U+01FF
)
<obr/multiarea_ospf_topo.png, id=1, 484.05844pt x 357.58594pt>
File: obr/multiarea_ospf_topo.png Graphic file (type png)

<use obr/multiarea_ospf_topo.png>
Package pdftex.def Info: obr/multiarea_ospf_topo.png used on input line 47.
(pdftex.def)             Requested size: 341.43306pt x 252.23451pt.
LaTeX Font Info:    External font `cmex10' loaded for size
(Font)              <12> on input line 58.
LaTeX Font Info:    External font `cmex10' loaded for size
(Font)              <8> on input line 58.
LaTeX Font Info:    External font `cmex10' loaded for size
(Font)              <6> on input line 58.

Overfull \hbox (25.13855pt too wide) in paragraph at lines 58--91
 [][] 
 []

[1

{/var/lib/texmf/fonts/map/pdftex/updmap/pdftex.map} <./obr/multiarea_ospf_topo.
png>]
Overfull \hbox (10.02554pt too wide) in paragraph at lines 102--103
 [] \OT1/ppl/m/n/12 Ako za z[]akladn[]u kon-fi-gur[]aciu pova[]zujeme na-sta-ve
-nie ad-res[]acie, vzdia-len[]eho
 []

LaTeX Font Info:    Try loading font information for OT1+qcr on input line 106.

(/usr/share/texmf/tex/latex/tex-gyre/ot1qcr.fd
File: ot1qcr.fd 2009/09/25 v1.2 font definition file for OT1/qcr
)
LaTeX Font Info:    Try loading font information for OT1+pcr on input line 108.


(/usr/share/texlive/texmf-dist/tex/latex/psnfss/ot1pcr.fd
File: ot1pcr.fd 2001/06/04 font definitions for OT1/pcr.
) [2]
Underfull \vbox (badness 10000) has occurred while \output is active []

 [3]
Underfull \vbox (badness 10000) has occurred while \output is active []

 [4]
Underfull \vbox (badness 10000) has occurred while \output is active []

 [5]
Underfull \vbox (badness 10000) has occurred while \output is active []

 [6]
Overfull \hbox (6.65324pt too wide) in paragraph at lines 336--337
 [] \OT1/ppl/m/n/12 Z[]akladn[]u kon-fi-gur[]aciu sme ove-rili pr[]^^Pkazmi ``s
how ip in-ter-face brief'', ``show
 []


Overfull \hbox (39.6781pt too wide) in paragraph at lines 344--344
[]\OT1/pcr/m/n/10.95 Interface                  IP-Address      OK? Method Stat
us   Protocol[] 
 []


Overfull \hbox (0.25815pt too wide) in paragraph at lines 345--345
[]\OT1/pcr/m/n/10.95 FastEthernet0/0            10.1.38.1       YES TFTP   up  
     up[] 
 []


Overfull \hbox (0.25815pt too wide) in paragraph at lines 346--346
[]\OT1/pcr/m/n/10.95 FastEthernet0/1            10.0.234.3      YES TFTP   up  
     up[] 
 []


Overfull \hbox (0.25815pt too wide) in paragraph at lines 347--347
[]\OT1/pcr/m/n/10.95 Serial1/0                  10.2.39.1       YES TFTP   up  
     up[] 
 []


Overfull \hbox (13.39813pt too wide) in paragraph at lines 348--348
[]\OT1/pcr/m/n/10.95 Serial1/1                  unassigned      YES TFTP   up  
     down[] 
 []


Overfull \hbox (13.39813pt too wide) in paragraph at lines 349--349
[]\OT1/pcr/m/n/10.95 Serial1/2                  unassigned      YES TFTP   up  
     down[] 
 []


Overfull \hbox (13.39813pt too wide) in paragraph at lines 350--350
[]\OT1/pcr/m/n/10.95 Serial1/3                  unassigned      YES TFTP   up  
     down[] 
 []


Overfull \hbox (0.25815pt too wide) in paragraph at lines 351--351
[]\OT1/pcr/m/n/10.95 Loopback1                  10.255.255.3    YES TFTP   up  
     up[] 
 []


Overfull \hbox (39.6781pt too wide) in paragraph at lines 355--355
[]\OT1/pcr/m/n/10.95 Capability Codes: R - Router, T - Trans Bridge, B - Source
 Route Bridge[] 
 []


Overfull \hbox (65.95807pt too wide) in paragraph at lines 358--358
[]\OT1/pcr/m/n/10.95 Device ID        Local Intrfce     Holdtme    Capability  
Platform  Port ID[] 
 []


Overfull \hbox (65.95807pt too wide) in paragraph at lines 359--359
[]\OT1/pcr/m/n/10.95 R2               Fas 0/1            125         R S I     
2691      Fas 0/1[] 
 []


Overfull \hbox (65.95807pt too wide) in paragraph at lines 360--360
[]\OT1/pcr/m/n/10.95 R4               Fas 0/1            137         R S I     
2691      Fas 0/1[] 
 []


Overfull \hbox (65.95807pt too wide) in paragraph at lines 361--361
[]\OT1/pcr/m/n/10.95 R8               Fas 0/0            155         R S I     
2691      Fas 0/0[] 
 []


Overfull \hbox (65.95807pt too wide) in paragraph at lines 362--362
[]\OT1/pcr/m/n/10.95 R9               Ser 1/0            147         R S I     
2691      Ser 1/0[] 
 []

[7] [8]
Underfull \vbox (badness 10000) has occurred while \output is active []

 [9]
LaTeX Font Info:    Font shape `OT1/pcr/bx/n' in size <10.95> not available
(Font)              Font shape `OT1/pcr/b/n' tried instead on input line 500.

Overfull \hbox (59.38808pt too wide) in paragraph at lines 517--517
[]\OT1/pcr/m/n/10.95 Link ID         ADV Router      Age         Seq#       Che
cksum Link count[] 
 []


Overfull \hbox (0.25815pt too wide) in paragraph at lines 518--518
[]\OT1/pcr/m/n/10.95 10.255.255.1    10.255.255.1    748         0x800000A8 0x0
0D192 4[] 
 []


Overfull \hbox (0.25815pt too wide) in paragraph at lines 519--519
[]\OT1/pcr/m/n/10.95 10.255.255.2    10.255.255.2    835         0x800000A7 0x0
046AC 4[] 
 []


Overfull \hbox (0.25815pt too wide) in paragraph at lines 520--520
[]\OT1/pcr/m/n/10.95 10.255.255.3    10.255.255.3    707         0x800000A4 0x0
0D1B1 1[] 
 []


Overfull \hbox (0.25815pt too wide) in paragraph at lines 521--521
[]\OT1/pcr/m/n/10.95 10.255.255.4    10.255.255.4    811         0x800000A5 0x0
0CFCA 2[] 
 []


Overfull \hbox (0.25815pt too wide) in paragraph at lines 522--522
[]\OT1/pcr/m/n/10.95 10.255.255.10   10.255.255.10   3     (DNA) 0x80000002 0x0
06AD7 1[] 
 []

[10]
Overfull \hbox (59.38808pt too wide) in paragraph at lines 558--558
[]\OT1/pcr/m/n/10.95 Link ID         ADV Router      Age         Seq#       Che
cksum Link count[] 
 []


Overfull \hbox (0.25815pt too wide) in paragraph at lines 559--559
[]\OT1/pcr/m/n/10.95 10.255.255.1    10.255.255.1    245         0x800000A4 0x0
06F18 0[] 
 []


Overfull \hbox (13.39813pt too wide) in paragraph at lines 563--563
[]\OT1/pcr/m/n/10.95 Link ID         ADV Router      Age         Seq#       Che
cksum Tag[] 
 []


Overfull \hbox (0.25815pt too wide) in paragraph at lines 564--564
[]\OT1/pcr/m/n/10.95 10.255.255.5    10.255.255.1    1515        0x8000009E 0x0
09ACE 0[] 
 []

(/usr/share/texlive/texmf-dist/tex/latex/ucs/data/uni-32.def
File: uni-32.def 2013/05/13 UCS: Unicode data U+2000..U+20FF
)
Underfull \vbox (badness 2173) has occurred while \output is active []

 [11]
[12]
LaTeX Font Info:    Try loading font information for OML+ppl on input line 644.

 (/usr/share/texlive/texmf-dist/tex/latex/psnfss/omlppl.fd
File: omlppl.fd 
)
LaTeX Font Info:    Font shape `OML/ppl/m/n' in size <12> not available
(Font)              Font shape `OML/cmm/m/it' tried instead on input line 644.

Overfull \hbox (79.09805pt too wide) in paragraph at lines 652--652
[]  \OT1/pcr/m/n/10.95 Process ID 1, Router ID 10.255.255.3, \OT1/pcr/b/n/10.95
 Network Type POINT_TO_POINT\OT1/pcr/m/n/10.95 , Cost: 10[] 
 []


Overfull \hbox (59.38808pt too wide) in paragraph at lines 709--709
[]\OT1/pcr/m/n/10.95 Interface    PID   Area            IP Address/Mask    Cost
  State Nbrs F/C[] 
 []


Overfull \hbox (26.53812pt too wide) in paragraph at lines 710--710
[]\OT1/pcr/m/n/10.95 Fa0/1        1     0               10.0.234.3/24      1   
  DR    2/2[] 
 []


Overfull \hbox (26.53812pt too wide) in paragraph at lines 711--711
[]\OT1/pcr/b/n/10.95 Lo1          1     1               10.255.255.3/32    1   
  LOOP  0/0[] 
 []


Overfull \hbox (26.53812pt too wide) in paragraph at lines 712--712
[]\OT1/pcr/m/n/10.95 Fa0/0        1     1               10.1.38.1/24       10  
  P2P   1/1[] 
 []


Overfull \hbox (26.53812pt too wide) in paragraph at lines 713--713
[]\OT1/pcr/m/n/10.95 Se1/0        1     2               10.2.39.1/30       64  
  P2P   1/1[] 
 []


Overfull \hbox (1.75732pt too wide) in paragraph at lines 720--721
 [] \OT1/ppl/m/n/12 Z v[]ypisu vypl[]yva, []ze lo-op-back ro-z-hra-nie ``Lo1'' 
je v pas[]^^Pvnom m[]ode (LOOP)
 []

[13]
Overfull \hbox (39.6781pt too wide) in paragraph at lines 736--736
[]\OT1/pcr/m/n/10.95 !R3 - R3 je ABR, preto pou[]zijeme dodato[]cn[]y pr[]^^Pka
z "no-summary", aby sme[] 
 []


Overfull \hbox (59.38808pt too wide) in paragraph at lines 773--773
[]\OT1/pcr/m/n/10.95 Link ID         ADV Router      Age         Seq#       Che
cksum Link count[] 
 []


Overfull \hbox (0.25815pt too wide) in paragraph at lines 774--774
[]\OT1/pcr/m/n/10.95 10.255.255.3    10.255.255.3    23          0x80000088 0x0
08854 3[] 
 []


Overfull \hbox (0.25815pt too wide) in paragraph at lines 775--775
[]\OT1/pcr/m/n/10.95 10.255.255.8    10.255.255.8    24          0x80000081 0x0
021B8 3[] 
 []

[14] [15] [16]
Overfull \hbox (59.38808pt too wide) in paragraph at lines 939--939
[]\OT1/pcr/m/n/10.95 Interface    PID   Area            IP Address/Mask    Cost
  State Nbrs F/C[] 
 []


Overfull \hbox (26.53812pt too wide) in paragraph at lines 940--940
[]\OT1/pcr/b/n/10.95 VL0          1     0               10.3.104.1/30      64  
  P2P   1/1[] 
 []


Overfull \hbox (26.53812pt too wide) in paragraph at lines 941--941
[]\OT1/pcr/m/n/10.95 Fa0/1        1     0               10.0.234.4/24      10  
  DROTH 2/2[] 
 []


Overfull \hbox (26.53812pt too wide) in paragraph at lines 942--942
[]\OT1/pcr/m/n/10.95 Fa0/0        1     2               10.2.49.1/24       6553
5 P2P   1/1[] 
 []


Overfull \hbox (26.53812pt too wide) in paragraph at lines 943--943
[]\OT1/pcr/m/n/10.95 Lo1          1     3               10.255.255.4/32    1   
  LOOP  0/0[] 
 []


Overfull \hbox (26.53812pt too wide) in paragraph at lines 944--944
[]\OT1/pcr/m/n/10.95 Se1/0        1     3               10.3.104.1/30      64  
  P2P   1/1[] 
 []


Overfull \hbox (59.38808pt too wide) in paragraph at lines 948--948
[]\OT1/pcr/m/n/10.95 Interface    PID   Area            IP Address/Mask    Cost
  State Nbrs F/C[] 
 []


Overfull \hbox (26.53812pt too wide) in paragraph at lines 949--949
[]\OT1/pcr/b/n/10.95 VL0          1     0               10.3.104.2/24      64  
  P2P   1/1[] 
 []


Overfull \hbox (26.53812pt too wide) in paragraph at lines 950--950
[]\OT1/pcr/m/n/10.95 Lo1          1     3               10.255.255.10/32   1   
  LOOP  0/0[] 
 []


Overfull \hbox (26.53812pt too wide) in paragraph at lines 951--951
[]\OT1/pcr/m/n/10.95 Se1/0        1     3               10.3.104.2/24      64  
  P2P   1/1[] 
 []


Overfull \hbox (26.53812pt too wide) in paragraph at lines 952--952
[]\OT1/pcr/m/n/10.95 Se1/1        1     4               10.4.107.2/24      64  
  P2P   1/1[] 
 []


Overfull \hbox (13.15585pt too wide) in paragraph at lines 973--974
 [] \OT1/ppl/m/n/12 Z v[]ypisov od oboch sme-rova[]cov vypl[]yva, []ze virtu[]a
lne pri-po-je-nie bolo []uspe[]sne
 []

[17]
Overfull \hbox (52.81808pt too wide) in paragraph at lines 1028--1028
[]\OT1/pcr/m/n/10.95 O E2    10.255.255.5/32 [110/\OT1/pcr/b/n/10.95 20\OT1/pcr
/m/n/10.95 ] via 10.0.12.1, 00:03:07, FastEthernet0/0[] 
 []

[18]
Overfull \hbox (65.95807pt too wide) in paragraph at lines 1068--1068
[]\OT1/pcr/m/n/10.95 Neighbor ID     Pri   State           Dead Time   Address 
        Interface[] 
 []


Overfull \hbox (39.6781pt too wide) in paragraph at lines 1069--1069
[]\OT1/pcr/m/n/10.95 10.255.255.3      1   FULL/BDR        00:00:01    10.0.234
.3      Fa0/1[] 
 []


Overfull \hbox (39.6781pt too wide) in paragraph at lines 1070--1070
[]\OT1/pcr/m/n/10.95 10.255.255.4    100   FULL/DR         00:00:01    10.0.234
.4      Fa0/1[] 
 []


Overfull \hbox (65.95807pt too wide) in paragraph at lines 1073--1073
[]\OT1/pcr/m/n/10.95 Neighbor ID     Pri   State           Dead Time   Address 
        Interface[] 
 []


Overfull \hbox (39.6781pt too wide) in paragraph at lines 1074--1074
[]\OT1/pcr/m/n/10.95 10.255.255.3      1   FULL/BDR        00:00:01    10.0.234
.3      Fa0/1[] 
 []


Overfull \hbox (39.6781pt too wide) in paragraph at lines 1075--1075
[]\OT1/pcr/m/n/10.95 10.255.255.4    100   FULL/DR         00:00:01    10.0.234
.4      Fa0/1[] 
 []


Overfull \hbox (144.90753pt too wide) in paragraph at lines 1096--1096
[]\OT1/pcr/m/n/10.95 show ip ospf database -> vid[] kapitolu \say{Nakonfigurova
t[] OSPF s viacer[]ymi oblast[]ami}[] 
 []


Overfull \hbox (151.47752pt too wide) in paragraph at lines 1097--1097
[]\OT1/pcr/m/n/10.95 show ip ospf neighbors -> vid[] kapitolu \say{Nakonfigurov
at[] OSPF s viacer[]ymi oblast[]ami}[] 
 []


Overfull \hbox (190.89748pt too wide) in paragraph at lines 1098--1098
[]\OT1/pcr/m/n/10.95 show ip ospf interface brief -> vid[] kapitolu \say{Nakonf
igurovat[] OSPF s viacer[]ymi oblast[]ami}[] 
 []


Overfull \hbox (557.28394pt too wide) in paragraph at lines 1100--1100
[]\OT1/pcr/m/n/10.95 show ip route -> vid[] kapitolu \say{Statick[]a redistrib[
]ucia smerovac[]^^Pch z[]aznamov z R5}. Podrobn[]y v[]ypis smerovacej tabul[]ky
 uv[]adzame aj v tejto kapitole.[] 
 []

[19]
Overfull \hbox (26.53812pt too wide) in paragraph at lines 1162--1162
[]       \OT1/pcr/m/n/10.95 D - EIGRP, EX - EIGRP external, O - OSPF, IA - OSPF
 inter area[] 
 []


Overfull \hbox (26.53812pt too wide) in paragraph at lines 1163--1163
[]       \OT1/pcr/m/n/10.95 N1 - OSPF NSSA external type 1, N2 - OSPF NSSA exte
rnal type 2[] 
 []


Overfull \hbox (72.52806pt too wide) in paragraph at lines 1165--1165
[]       \OT1/pcr/m/n/10.95 i - IS-IS, su - IS-IS summary, L1 - IS-IS level-1, 
L2 - IS-IS level-2[] 
 []


Overfull \hbox (85.66805pt too wide) in paragraph at lines 1166--1166
[]       \OT1/pcr/m/n/10.95 ia - IS-IS inter area, * - candidate default, U - p
er-user static route[] 
 []


Overfull \hbox (26.53812pt too wide) in paragraph at lines 1172--1172
[]\OT1/pcr/m/n/10.95 O       10.255.255.10/32 [110/65] via 10.3.104.2, 03:31:18
, Serial1/0[] 
 []


Overfull \hbox (59.38808pt too wide) in paragraph at lines 1173--1173
[]\OT1/pcr/m/n/10.95 O IA    10.255.255.8/32 [110/21] via 10.0.234.3, 03:46:56,
 FastEthernet0/1[] 
 []


Overfull \hbox (72.52806pt too wide) in paragraph at lines 1174--1174
[]\OT1/pcr/m/n/10.95 O       10.255.255.9/32 [110/65536] via 10.2.49.2, 04:11:3
9, FastEthernet0/0[] 
 []


Overfull \hbox (39.6781pt too wide) in paragraph at lines 1175--1175
[]\OT1/pcr/m/n/10.95 O       10.0.12.0/24 [110/20] via 10.0.234.2, 03:46:56, Fa
stEthernet0/1[] 
 []


Overfull \hbox (59.38808pt too wide) in paragraph at lines 1176--1176
[]\OT1/pcr/m/n/10.95 O       10.255.255.2/32 [110/11] via 10.0.234.2, 03:46:56,
 FastEthernet0/1[] 
 []


Overfull \hbox (59.38808pt too wide) in paragraph at lines 1177--1177
[]\OT1/pcr/m/n/10.95 O IA    10.255.255.3/32 [110/11] via 10.0.234.3, 03:46:56,
 FastEthernet0/1[] 
 []

[20]
Overfull \hbox (59.38808pt too wide) in paragraph at lines 1178--1178
[]\OT1/pcr/m/n/10.95 O       10.255.255.1/32 [110/21] via 10.0.234.2, 03:46:57,
 FastEthernet0/1[] 
 []


Overfull \hbox (26.53812pt too wide) in paragraph at lines 1179--1179
[]\OT1/pcr/m/n/10.95 O IA    10.255.255.6/32 [110/139] via 10.3.104.2, 03:31:09
, Serial1/0[] 
 []


Overfull \hbox (26.53812pt too wide) in paragraph at lines 1180--1180
[]\OT1/pcr/m/n/10.95 O IA    10.255.255.7/32 [110/129] via 10.3.104.2, 03:31:09
, Serial1/0[] 
 []


Overfull \hbox (59.38808pt too wide) in paragraph at lines 1182--1182
[]\OT1/pcr/m/n/10.95 O E2    10.255.255.5/32 [110/20] via 10.0.234.2, 03:46:47,
 FastEthernet0/1[] 
 []


Overfull \hbox (39.6781pt too wide) in paragraph at lines 1183--1183
[]\OT1/pcr/m/n/10.95 O IA    10.1.38.0/24 [110/20] via 10.0.234.3, 03:46:57, Fa
stEthernet0/1[] 
 []


Overfull \hbox (52.81808pt too wide) in paragraph at lines 1184--1184
[]\OT1/pcr/m/n/10.95 O       10.2.39.0/30 [110/65663] via 10.2.49.2, 04:11:41, 
FastEthernet0/0[] 
 []


Overfull \hbox (52.81808pt too wide) in paragraph at lines 1185--1185
[]\OT1/pcr/m/n/10.95 O       10.2.39.0/24 [110/65599] via 10.2.49.2, 04:11:41, 
FastEthernet0/0[] 
 []


Overfull \hbox (6.82814pt too wide) in paragraph at lines 1187--1187
[]\OT1/pcr/m/n/10.95 O IA    10.4.67.0/24 [110/138] via 10.3.104.2, 03:31:10, S
erial1/0[] 
 []


Overfull \hbox (52.81808pt too wide) in paragraph at lines 1188--1188
[]\OT1/pcr/m/n/10.95 O       10.100.15.0/24 [110/30] via 10.0.234.2, 03:46:58, 
FastEthernet0/1[] 
 []


Overfull \hbox (13.39813pt too wide) in paragraph at lines 1190--1190
[]\OT1/pcr/m/n/10.95 O       10.3.104.0/24 [110/128] via 10.3.104.2, 03:31:20, 
Serial1/0[] 
 []


Overfull \hbox (13.39813pt too wide) in paragraph at lines 1191--1191
[]\OT1/pcr/m/n/10.95 O IA    10.4.107.0/24 [110/128] via 10.3.104.2, 03:31:10, 
Serial1/0[] 
 []

[21]
Overfull \hbox (2.76834pt too wide) in paragraph at lines 1265--1266
\OT1/ppl/m/n/12 stla[]c[]^^Pme En-ter). Otes-tuje sa ko-nek-ti-vita ku ka[]zd[]
emu sme-rova[]cu. V[]ystup poch[]adza
 []


Overfull \hbox (19.96812pt too wide) in paragraph at lines 1273--1273
[]\OT1/pcr/m/n/10.95 Sending 5, 100-byte ICMP Echos to 10.100.15.2, timeout is 
2 seconds:[] 
 []


Overfull \hbox (39.6781pt too wide) in paragraph at lines 1275--1275
[]\OT1/pcr/m/n/10.95 Success rate is 100 percent (5/5), round-trip min/avg/max 
= 56/74/80 ms[] 
 []


Overfull \hbox (6.82814pt too wide) in paragraph at lines 1277--1277
[]\OT1/pcr/m/n/10.95 Sending 5, 100-byte ICMP Echos to 10.0.12.1, timeout is 2 
seconds:[] 
 []


Overfull \hbox (407.59766pt too wide) in paragraph at lines 1279--1279
[]\OT1/pcr/m/n/10.95 Success rate is 100 percent (5/5), round-trip min/avg/max 
= 44/56/60 ms% Unrecognized host or address, or protocol not running.[] 
 []


Overfull \hbox (6.82814pt too wide) in paragraph at lines 1282--1282
[]\OT1/pcr/m/n/10.95 Sending 5, 100-byte ICMP Echos to 10.0.12.2, timeout is 2 
seconds:[] 
 []


Overfull \hbox (39.6781pt too wide) in paragraph at lines 1284--1284
[]\OT1/pcr/m/n/10.95 Success rate is 100 percent (5/5), round-trip min/avg/max 
= 24/35/40 ms[] 
 []


Overfull \hbox (13.39813pt too wide) in paragraph at lines 1286--1286
[]\OT1/pcr/m/n/10.95 Sending 5, 100-byte ICMP Echos to 10.0.234.2, timeout is 2
 seconds:[] 
 []


Overfull \hbox (407.59766pt too wide) in paragraph at lines 1288--1288
[]\OT1/pcr/m/n/10.95 Success rate is 100 percent (5/5), round-trip min/avg/max 
= 24/36/44 ms% Unrecognized host or address, or protocol not running.[] 
 []


Overfull \hbox (13.39813pt too wide) in paragraph at lines 1291--1291
[]\OT1/pcr/m/n/10.95 Sending 5, 100-byte ICMP Echos to 10.0.234.3, timeout is 2
 seconds:[] 
 []


Overfull \hbox (39.6781pt too wide) in paragraph at lines 1293--1293
[]\OT1/pcr/m/n/10.95 Success rate is 100 percent (5/5), round-trip min/avg/max 
= 24/35/40 ms[] 
 []

[22]
Overfull \hbox (6.82814pt too wide) in paragraph at lines 1295--1295
[]\OT1/pcr/m/n/10.95 Sending 5, 100-byte ICMP Echos to 10.1.38.1, timeout is 2 
seconds:[] 
 []


Overfull \hbox (39.6781pt too wide) in paragraph at lines 1297--1297
[]\OT1/pcr/m/n/10.95 Success rate is 100 percent (5/5), round-trip min/avg/max 
= 24/36/44 ms[] 
 []


Overfull \hbox (6.82814pt too wide) in paragraph at lines 1299--1299
[]\OT1/pcr/m/n/10.95 Sending 5, 100-byte ICMP Echos to 10.2.39.1, timeout is 2 
seconds:[] 
 []


Overfull \hbox (407.59766pt too wide) in paragraph at lines 1301--1301
[]\OT1/pcr/m/n/10.95 Success rate is 100 percent (5/5), round-trip min/avg/max 
= 40/48/60 ms% Unrecognized host or address, or protocol not running.[] 
 []


Overfull \hbox (13.39813pt too wide) in paragraph at lines 1304--1304
[]\OT1/pcr/m/n/10.95 Sending 5, 100-byte ICMP Echos to 10.0.234.4, timeout is 2
 seconds:[] 
 []


Overfull \hbox (39.6781pt too wide) in paragraph at lines 1306--1306
[]\OT1/pcr/m/n/10.95 Success rate is 100 percent (5/5), round-trip min/avg/max 
= 12/17/24 ms[] 
 []


Overfull \hbox (6.82814pt too wide) in paragraph at lines 1308--1308
[]\OT1/pcr/m/n/10.95 Sending 5, 100-byte ICMP Echos to 10.2.49.1, timeout is 2 
seconds:[] 
 []


Overfull \hbox (39.6781pt too wide) in paragraph at lines 1310--1310
[]\OT1/pcr/m/n/10.95 Success rate is 100 percent (5/5), round-trip min/avg/max 
= 16/18/20 ms[] 
 []


Overfull \hbox (13.39813pt too wide) in paragraph at lines 1312--1312
[]\OT1/pcr/m/n/10.95 Sending 5, 100-byte ICMP Echos to 10.3.104.1, timeout is 2
 seconds:[] 
 []


Overfull \hbox (407.59766pt too wide) in paragraph at lines 1314--1314
[]\OT1/pcr/m/n/10.95 Success rate is 100 percent (5/5), round-trip min/avg/max 
= 12/17/20 ms% Unrecognized host or address, or protocol not running.[] 
 []


Overfull \hbox (19.96812pt too wide) in paragraph at lines 1317--1317
[]\OT1/pcr/m/n/10.95 Sending 5, 100-byte ICMP Echos to 10.100.15.1, timeout is 
2 seconds:[] 
 []


Overfull \hbox (407.59766pt too wide) in paragraph at lines 1319--1319
[]\OT1/pcr/m/n/10.95 Success rate is 100 percent (5/5), round-trip min/avg/max 
= 52/58/64 ms% Unrecognized host or address, or protocol not running.[] 
 []


Overfull \hbox (6.82814pt too wide) in paragraph at lines 1322--1322
[]\OT1/pcr/m/n/10.95 Sending 5, 100-byte ICMP Echos to 10.4.67.1, timeout is 2 
seconds:[] 
 []


Overfull \hbox (407.59766pt too wide) in paragraph at lines 1324--1324
[]\OT1/pcr/m/n/10.95 Success rate is 100 percent (5/5), round-trip min/avg/max 
= 32/37/40 ms% Unrecognized host or address, or protocol not running.[] 
 []


Overfull \hbox (6.82814pt too wide) in paragraph at lines 1327--1327
[]\OT1/pcr/m/n/10.95 Sending 5, 100-byte ICMP Echos to 10.4.67.2, timeout is 2 
seconds:[] 
 []


Overfull \hbox (39.6781pt too wide) in paragraph at lines 1329--1329
[]\OT1/pcr/m/n/10.95 Success rate is 100 percent (5/5), round-trip min/avg/max 
= 16/20/28 ms[] 
 []


Overfull \hbox (13.39813pt too wide) in paragraph at lines 1331--1331
[]\OT1/pcr/m/n/10.95 Sending 5, 100-byte ICMP Echos to 10.4.107.1, timeout is 2
 seconds:[] 
 []


Overfull \hbox (407.59766pt too wide) in paragraph at lines 1333--1333
[]\OT1/pcr/m/n/10.95 Success rate is 100 percent (5/5), round-trip min/avg/max 
= 12/17/20 ms% Unrecognized host or address, or protocol not running.[] 
 []


Overfull \hbox (6.82814pt too wide) in paragraph at lines 1336--1336
[]\OT1/pcr/m/n/10.95 Sending 5, 100-byte ICMP Echos to 10.1.38.2, timeout is 2 
seconds:[] 
 []


Overfull \hbox (407.59766pt too wide) in paragraph at lines 1338--1338
[]\OT1/pcr/m/n/10.95 Success rate is 100 percent (5/5), round-trip min/avg/max 
= 44/56/60 ms% Unrecognized host or address, or protocol not running.[] 
 []


Overfull \hbox (6.82814pt too wide) in paragraph at lines 1341--1341
[]\OT1/pcr/m/n/10.95 Sending 5, 100-byte ICMP Echos to 10.2.39.2, timeout is 2 
seconds:[] 
 []


Overfull \hbox (39.6781pt too wide) in paragraph at lines 1343--1343
[]\OT1/pcr/m/n/10.95 Success rate is 100 percent (5/5), round-trip min/avg/max 
= 44/54/60 ms[] 
 []


Underfull \vbox (badness 10000) has occurred while \output is active []

 [23]
Overfull \hbox (6.82814pt too wide) in paragraph at lines 1345--1345
[]\OT1/pcr/m/n/10.95 Sending 5, 100-byte ICMP Echos to 10.2.49.2, timeout is 2 
seconds:[] 
 []


Overfull \hbox (407.59766pt too wide) in paragraph at lines 1347--1347
[]\OT1/pcr/m/n/10.95 Success rate is 100 percent (5/5), round-trip min/avg/max 
= 24/36/40 ms% Unrecognized host or address, or protocol not running.[] 
 []


Overfull \hbox (13.39813pt too wide) in paragraph at lines 1350--1350
[]\OT1/pcr/m/n/10.95 Sending 5, 100-byte ICMP Echos to 10.4.107.2, timeout is 2
 seconds:[] 
 []


Overfull \hbox (39.6781pt too wide) in paragraph at lines 1352--1352
[]\OT1/pcr/m/n/10.95 Success rate is 100 percent (5/5), round-trip min/avg/max 
= 32/36/40 ms[] 
 []


Overfull \hbox (13.39813pt too wide) in paragraph at lines 1354--1354
[]\OT1/pcr/m/n/10.95 Sending 5, 100-byte ICMP Echos to 10.3.104.2, timeout is 2
 seconds:[] 
 []


Overfull \hbox (39.6781pt too wide) in paragraph at lines 1356--1356
[]\OT1/pcr/m/n/10.95 Success rate is 100 percent (5/5), round-trip min/avg/max 
= 36/38/40 ms[] 
 []


Overfull \hbox (1.54239pt too wide) in paragraph at lines 1398--1399
 [] \OT1/ppl/m/n/12 T[]ym, []ze zn[]^^P[]zime ban-dwidth na tomto ro-z-hran[]^^
P, zv[]y[]sime jeho "Cost". Zmena
 []

[24] [25]
Overfull \hbox (39.6781pt too wide) in paragraph at lines 1525--1525
[]  \OT1/pcr/m/n/10.95 Process ID 1, Router ID 10.255.255.3, Network Type BROAD
CAST, Cost: 1[] 
 []


Overfull \hbox (13.39813pt too wide) in paragraph at lines 1530--1530
[]  \OT1/pcr/b/n/10.95 Timer intervals configured, Hello 1, Dead 2\OT1/pcr/m/n/
10.95 , Wait 2, Retransmit 5[] 
 []

[26]
Overfull \hbox (92.23804pt too wide) in paragraph at lines 1559--1559
[]\OT1/pcr/b/n/10.95 Success rate is 99 percent (11853/11870), round-trip min/a
vg/max = 52/79/148 ms[] 
 []


Overfull \hbox (26.53812pt too wide) in paragraph at lines 1591--1591
[]\OT1/pcr/m/n/10.95 Sending 5, 100-byte ICMP Echos to 10.255.255.8, timeout is
 2 seconds:[] 
 []

[27]
Overfull \hbox (33.10811pt too wide) in paragraph at lines 1622--1622
[]\OT1/pcr/m/n/10.95 Sending 5, 100-byte ICMP Echos to 10.255.255.10, timeout i
s 2 seconds:[] 
 []


Overfull \hbox (39.6781pt too wide) in paragraph at lines 1624--1624
[]\OT1/pcr/b/n/10.95 Success rate is 100 percent (5/5), round-trip min/avg/max 
= 56/72/84 ms[] 
 []


Overfull \hbox (26.53812pt too wide) in paragraph at lines 1642--1642
[]\OT1/pcr/m/n/10.95 Sending 5, 100-byte ICMP Echos to 10.255.255.6, timeout is
 2 seconds:[] 
 []

LaTeX Font Info:    Try loading font information for OMS+ppl on input line 1670
.
(/usr/share/texlive/texmf-dist/tex/latex/psnfss/omsppl.fd
File: omsppl.fd 
)
LaTeX Font Info:    Font shape `OMS/ppl/m/n' in size <12> not available
(Font)              Font shape `OMS/cmsy/m/n' tried instead on input line 1670.


Overfull \hbox (3.94234pt too wide) in paragraph at lines 1670--1671
[]\OT1/ppl/m/n/12 Oblast[] 1 strat[]^^P ko-nek-ti-vitu s chrb-ti-co-vou ob-last
[]ou, preto[]ze u[]z ne-bude priamo
 []

[28] [29] (./dokumentacia_multiarea_ospf_vachalik_sisila.aux) ) 
Here is how much of TeX's memory you used:
 4912 strings out of 493105
 65387 string characters out of 6137072
 147598 words of memory out of 5000000
 8274 multiletter control sequences out of 15000+600000
 13404 words of font info for 40 fonts, out of 8000000 for 9000
 1141 hyphenation exceptions out of 8191
 37i,10n,23p,1542b,535s stack positions out of 5000i,500n,10000p,200000b,80000s
{/usr/share/texl
ive/texmf-dist/fonts/enc/dvips/base/8r.enc}</usr/share/texlive/texmf-dist/fonts
/type1/public/amsfonts/cm/cmmi12.pfb></usr/share/texlive/texmf-dist/fonts/type1
/public/amsfonts/cm/cmsy10.pfb></usr/share/texlive/texmf-dist/fonts/type1/urw/c
ourier/ucrb8a.pfb></usr/share/texlive/texmf-dist/fonts/type1/urw/courier/ucrr8a
.pfb></usr/share/texlive/texmf-dist/fonts/type1/urw/palatino/uplb8a.pfb></usr/s
hare/texlive/texmf-dist/fonts/type1/urw/palatino/uplr8a.pfb>
Output written on dokumentacia_multiarea_ospf_vachalik_sisila.pdf (29 pages, 16
7349 bytes).
PDF statistics:
 123 PDF objects out of 1000 (max. 8388607)
 84 compressed objects within 1 object stream
 0 named destinations out of 1000 (max. 500000)
 6 words of extra memory for PDF output out of 10000 (max. 10000000)

