e:\dokumenty\fri\3.semester\inf3\cvika\7.cvicenie-textove_menu\textove_menu\textove_menu\debug\vc120.pdb
e:\dokumenty\fri\3.semester\inf3\cvika\7.cvicenie-textove_menu\textove_menu\textove_menu\debug\vc120.idb
e:\dokumenty\fri\3.semester\inf3\cvika\7.cvicenie-textove_menu\textove_menu\textove_menu\debug\hvystup.obj
e:\dokumenty\fri\3.semester\inf3\cvika\7.cvicenie-textove_menu\textove_menu\textove_menu\debug\vvystup.obj
e:\dokumenty\fri\3.semester\inf3\cvika\7.cvicenie-textove_menu\textove_menu\textove_menu\debug\ireceiver.obj
e:\dokumenty\fri\3.semester\inf3\cvika\7.cvicenie-textove_menu\textove_menu\textove_menu\debug\textcommand.obj
e:\dokumenty\fri\3.semester\inf3\cvika\7.cvicenie-textove_menu\textove_menu\textove_menu\debug\textmenu.obj
e:\dokumenty\fri\3.semester\inf3\cvika\7.cvicenie-textove_menu\textove_menu\textove_menu\debug\konieccommand.obj
e:\dokumenty\fri\3.semester\inf3\cvika\7.cvicenie-textove_menu\textove_menu\textove_menu\debug\main.obj
e:\dokumenty\fri\3.semester\inf3\cvika\7.cvicenie-textove_menu\textove_menu\debug\textove_menu.pdb
e:\dokumenty\fri\3.semester\inf3\cvika\7.cvicenie-textove_menu\textove_menu\textove_menu\debug\textove_menu.tlog\cl.read.1.tlog
e:\dokumenty\fri\3.semester\inf3\cvika\7.cvicenie-textove_menu\textove_menu\textove_menu\debug\textove_menu.tlog\cl.write.1.tlog
e:\dokumenty\fri\3.semester\inf3\cvika\7.cvicenie-textove_menu\textove_menu\textove_menu\debug\textove_menu.tlog\cl.command.1.tlog
e:\dokumenty\fri\3.semester\inf3\cvika\7.cvicenie-textove_menu\textove_menu\textove_menu\debug\textove_menu.tlog\link-rc.read.1.tlog
e:\dokumenty\fri\3.semester\inf3\cvika\7.cvicenie-textove_menu\textove_menu\textove_menu\debug\textove_menu.tlog\link-rc.write.1.tlog
e:\dokumenty\fri\3.semester\inf3\cvika\7.cvicenie-textove_menu\textove_menu\textove_menu\debug\textove_menu.tlog\link-cvtres.read.1.tlog
e:\dokumenty\fri\3.semester\inf3\cvika\7.cvicenie-textove_menu\textove_menu\textove_menu\debug\textove_menu.tlog\link-cvtres.write.1.tlog
e:\dokumenty\fri\3.semester\inf3\cvika\7.cvicenie-textove_menu\textove_menu\textove_menu\debug\textove_menu.tlog\link.read.1.tlog
e:\dokumenty\fri\3.semester\inf3\cvika\7.cvicenie-textove_menu\textove_menu\textove_menu\debug\textove_menu.tlog\link.write.1.tlog
e:\dokumenty\fri\3.semester\inf3\cvika\7.cvicenie-textove_menu\textove_menu\textove_menu\debug\textove_menu.tlog\link.command.1.tlog
