-0.1606636799927043
1.0337425760632901
160.459118     
512
3

-1.0284578028870617
0.3614638719357337
52858348310.5402069
1024
8

-1.7495738600330935
-0.0001095831709530
95744500.800000 
2048
13

0.3636746748019200
-0.0770936509878735
1956347819.068485
1024
6

-1.0284578100619959
0.3614639337444190
1914436079.013541
1024
6

-1.2639632011873858
0.3832794703861065
28308897713.248013
2048
8

-1.7691085451222750
0.0025888713451879
12236117.026051 
2048
13

-1.0284577557816257
0.3614638238686253
54586026039.603531
4096
3

-1.7473509252023314
0.0014934799278371
62060768376.469116
4096
9

-1.5953915694264731
0.0003480099608347
260581131142.734470
2048
10

-1.9536971204476328
-0.0000022556902895
473098413277.321840
2048
10

-1.9999991175872258
-0.0000000000002223
259510756295.869080
1024
10

-1.4086842889266780
-0.1360563145055729
319434873573.03229
4096
13

0.3600135700399300
0.6413973460325675
46057912763.819649
2048
6

-0.1670888241422032
1.0409715588090500
83765465.373214 
2048
6

-1.9855064774711122
0.0000354729582392
6904259927.727995
512
10

-1.0284754807977841
0.3614602776482120
57116609715.684082
4096
6

-1.0284755040827449
0.3614602766024276
885032897563.625490
4096
6

-0.0365116913433081
-0.6823297073866990
18789.198697    
2048
10

-1.0284577601201754
0.3614638389125556
24737930700886.645000
4096
6

-1.7494895555964858
0.0000000000490018
12174576.445305 
4096
9

-1.7494907596001721
-0.0000004102503331
1820944592.074279
4096
9

-1.9963747724924064
-0.0000000000000278
59813794806.595757
4096
9

-0.2720645344481120
0.8426848569853651
598006378477.800050
7680
6

0.2521079258364023
0.0001549076324581
30080509661.400002
8192
13

-0.1618510963900560
1.0354993600401041
3349711.600000 
3840
3

-0.7509155905803392
-0.0255960441693638
23728.300000   
7680
10

-0.0280942992864377
0.6943147009484546
89196349916.899994
3840
3

-1.4085280806850191
0.1360538228678612
625468155.900000
1920
6
