Real     -1.9416374426835910
Imag     0.0003492550465982
Mag      2300615864.047207
Iters    400
Palette  2

// Now with v1.05, random corruption won't get us out of sync, as long as the next 
// entry's real coordinate starts with "real".

// Good one for panning
Real     -0.1528654654285194
Imag     1.0391915722383200
Mag      2835.699366
Iters    512
Palette  4

-1.7495738600330935
-0.0001095831709530
95744500.800000
2048
9

-0.1606636799927043
1.0337425760632901
160.459118
512
3

-1.0284578028870617
0.3614638719357337
52858348310.5402069
1024
8

0.3636746748019200
-0.0770936509878735
1956347819.068485
1024
6

-1.0284578100619959
0.3614639337444190
1914436079.013541
1024
6

-1.2639632011873858
0.3832794703861065
28308897713.248013
2048
8

-1.7691085451222750
0.0025888713451879
12236117.026051
2048
13

-1.0284577557816257
0.3614638238686253
54586026039.603531
4096
3

-1.7473509252023314
0.0014934799278371
62060768376.469116
1024
9

-1.5953915694264731
0.0003480099608347
260581131142.734470
1024
10

-1.9536971204476328
-0.0000022556902895
473098413277.321840
2048
10

-1.9999991175872258
-0.0000000000002223
259510756295.869080
1024
10

-1.4086842889266780
-0.1360563145055729
319434873573.03229
2048
13

0.3600135700399300
0.6413973460325675
46057912763.819649
1500
6

-0.1670888241422032
1.0409715588090500
83765465.373214
2048
6

-1.9855064774711122
0.0000354729582392
6904259927.727995
512
10

-1.0284754807977841
0.3614602776482120
57116609715.684082
2048
6

-1.0284755040827449
0.3614602766024276
885032897563.625490
1024
6

-0.0365116913433081
-0.6823297073866990
18789.198697
1024
10

-1.0284577601201754
0.3614638389125556
24737930700886.645000
4096
6

-1.7494895555964858
0.0000000000490018
12174576.445305
1024
9

-1.7494907596001721
-0.0000004102503331
1820944592.074279
768
9

-1.9963747724924064
-0.0000000000000278
59813794806.595757
256
9

-0.2720645344481120
0.8426848569853651
598006378477.800050
7680
6

0.2521079258364023
0.0001549076324581
30080509661.400002
8192
9

-0.1618510963900560
1.0354993600401041
3349711.600000
2048
3

-0.7509155905803392
-0.0255960441693638
23728.300000
7680
10

-0.0280942992864377
0.6943147009484546
89196349916.899994
1600
3

-1.4085280806850191
0.1360538228678612
625468155.900000
1500
6

-0.1527961514200170
1.0398254545701777
125992182.660850
512
10

-1.0284572518628867
0.3614659934531314
100819.298383
1600
6

-0.8338574501516892
0.2310918197150869
67054693
3200
4

-1.7495738750122543
-0.0001095962553040
7668679168.938313
1920
13

-1.4745328298208897
0.0000309054194390
21805350411.299999
1800
6

0.2506215281716760
0.0000231063786314
18647900.800000
8192
10

0.2506215256381954
0.0000230624649680
100068312.500000
8192
10

-0.8394337240493038
-0.2258436188978872
238215.535714
1024
3

-0.1093648921937720
0.8929892464152412
189.417014
2048
5

-1.7495429707072365
-0.0001333340919568
77768080673.030670
3600
13

0.2506215418568086
0.0000230559391122
4617260375.916966
16384
6

-1.2508808218731404
-0.0134798886075590
23355.095175
1600
10

-1.6291124603608251
-0.0013110776642076
631275266.254695
700
6

// Ok to have leading items and random text
// (like this comment) to make file more readable

Real     -1.7495429706902852
Imag     -0.0001333340918289
Mag      4770646624818.124000
Iters    3800
Palette  9

Real     -1.7689416514967000
Imag     0.0028307884813364
Mag      28162748987.777008
Iters    1024
Palette  8

Real     -1.7686112291767606
Imag     0.0012668948163909
Mag      22739833.617526
Iters    1400
Palette  8

Real     -0.0782872425719247
Imag     0.8799067631987221
Mag      4436.197900
Iters    1024
Palette  5

Real     -0.8313824927743296
Imag     -0.2291847137205053
Mag      4286.636216
Iters    256
Palette  8

Real     0.2506172375015318
Imag     0.0000247085764772
Mag      130782753.941808
Iters    16384
Palette  10

Real     -1.7686108537191609
Imag     0.0012673789894927
Mag      1240963224385.471400
Iters    8192
Palette  10

Real     -1.6243904911101974
Imag     -0.0000000004812814
Mag      13697888522827.623000
Iters    16384
Palette  9

Real     -1.9408038911093599
Imag     0.0008325095678866
Mag      569629481578.083860
Iters    1024
Palette  7

Real     0.2619734145842164
Imag     0.6110674395895152
Mag      344365800841.869570
Iters    400
Palette  10

Real     -1.4079057628707639
Imag     0.1369411359113666
Mag      386336215.784151
Iters    512
Palette  8

Real     -1.7686108536878149
Imag     0.0012673789791037
Mag      5414380129.445224
Iters    2048
Palette  8

Real     -1.7477532585186486
Imag     0.0016284985488949
Mag      1842329.406222
Iters    1024
Palette  3

Real     -0.7508695450121131
Imag     -0.0255532948977220
Mag      3625598.623909
Iters    4600
Palette  10

Real     -0.5261641838603738
Imag     -0.6685552935587671
Mag      77649165177.384476
Iters    900
Palette  8

Real     -0.5741535486627960
Imag     -0.5440563690899422
Mag      15987.213157
Iters    200
Palette  1

Real     0.2502508750580866
Imag     -0.0000062901327874
Mag      300749506071.258540
Iters    32768
Palette  1

Real     -1.8099845350054506
Imag     -0.0000016808913202
Mag      3270854034.500000
Iters    800
Palette  9

Real     -0.1529149069623778
Imag     1.0396999326885998
Mag      20423.002281
Iters    768
Palette  4

Real     -1.7637459892853593
Imag     -0.0003685299076893
Mag      69.430344
Iters    256
Palette  12

Real     -1.7691084436679259
Imag     0.0025889714490291
Mag      29831791933.229939
Iters    800
Palette  8

Real     -1.7495740691413502
Imag     -0.0001093570171135
Mag      254070602.681564
Iters    1600
Palette  9

Real     -1.7495738842836956
Imag     -0.0001096072382757
Mag      272316906.689913
Iters    512
Palette  13

Real     -1.7496149165595447
Imag     0.0000013825496795
Mag      14871280.095479
Iters    600
Palette  9

Real     0.2506175195152225
Imag     0.0000251319673682
Mag      1097029378.347142
Iters    12000
Palette  10

Real     0.2506175029747909
Imag     0.0000251451530828
Mag      1097029378.347142
Iters    16384
Palette  6

Real     -1.7497654833002783
Imag     0.0000003201228296
Mag      14871280.095479
Iters    800
Palette  9

Real     -1.7497818718678475
Imag     0.0000000000481952
Mag      91627368515.630829
Iters    1024
Palette  9

Real     -1.7495733727405844
Imag     -0.0001095285856184
Mag      134419619.349754
Iters    1600
Palette  13

Real     -0.1093907042170393
Imag     0.8823145028466883
Mag      804609.936665
Iters    3600
Palette  5

Real     -1.7495736266143025
Imag     -0.0001097218734361
Mag      95744500.800000
Iters    2048
Palette  9

Real     -1.9417661703526850
Imag     -0.0000164341992672
Mag      758.705743
Iters    200
Palette  6

Real     -1.7690996062784050
Imag     0.0025949841825632
Mag      12236117.026051
Iters    4096
Palette  13

Real     0.3636746147541568
Imag     -0.0770936906907580
Mag      90774665966.937805
Iters    512
Palette  5

Real     -1.0284578033233187
Imag     0.3614638719389877
Mag      52858348310.540207
Iters    1400
Palette  8

Real     -1.0284578057872087
Imag     0.3614638744479510
Mag      1039517737.065833
Iters    900
Palette  12

Real     -1.7497652877326211
Imag     0.0000000979230737
Mag      164437515986.723180
Iters    1400
Palette  9

Real     -1.0284530542821138
Imag     0.3614558320653308
Mag      7200357.402329
Iters    2400
Palette  6

Real     -1.0284518498007886
Imag     0.3614550927859240
Mag      63365214.208714
Iters    7000
Palette  6

Real     -1.0284525561035858
Imag     0.3614563213778712
Mag      27779786.571921
Iters    2400
Palette  3

Real     0.3987320382135052
Imag     0.3501641620876058
Mag      1484.722364
Iters    512
Palette  "bw.pal"

Real     0.3648046636073343
Imag     0.3164027552381434
Mag      1484.722364
Iters    512
Palette  "bw.pal"

Real     -0.1537559267795793
Imag     1.0303828762797764
Mag      1527948888602.871100
Iters    480
Palette  2

Real     -1.9998895414650804
Imag     -0.0000000000000136
Mag      816210778122.576420
Iters    400
Palette  0

Real     -0.8739318681716495
Imag     -0.2553830331327441
Mag      644590.934356
Iters    200
Palette  1

Real     -0.1024289346879360
Imag     -0.6501152641994081
Mag      57409.727988
Iters    4000
Palette  9

Real     -0.7499688700473387
Imag     -0.0512155587720351
Mag      14238329575.033022
Iters    1700
Palette  13

Real     -0.7499688667254360
Imag     -0.0512155535843310
Mag      58719208623.133087
Iters    2700
Palette  13

Real     -1.0176426755510199
Imag     -0.2564878194647143
Mag      1410866.321887
Iters    512
Palette  8

Real     -1.7495735254932565
Imag     -0.0001094475670303
Mag      425531114.666667
Iters    2048
Palette  9


Real     -1.7495739381986999
Imag     -0.0001089932559345
Mag      137798792043.766200
Iters    2048
Palette  9

Real     -0.7509155905803392
Imag     -0.0255960441693638
Mag      23728.300000
Iters    7680
Palette  13

Real     -1.7495732475672598
Imag     -0.0001098153325122
Mag      75018321.672260
Iters    2048
Palette  9

Real     -0.0165993413538939
Imag     -1.0060115569250772
Mag      977959187.153139
Iters    600
Palette  6

Real     -0.1636969595458488
Imag     -1.0977667385446199
Mag      110145761843.458880
Iters    1200
Palette  10

Real     -1.2570384226811064
Imag     -0.3793768223122300
Mag      2805948247015.690900
Iters    2048
Palette  6

Real     -0.7965541370769451
Imag     -0.1836361644853333
Mag      425695550336.150150
Iters    350
Palette  1

Real     -1.7498484754195054
Imag     0.0000000978594010
Mag      605070658.890808
Iters    700
Palette  10

Real     -1.7498821331921341
Imag     0.0000000841291942
Mag      237780462530.514280
Iters    1300
Palette  10

Real     -1.7498822066792294
Imag     0.0000001437882038
Mag      1241278739890.013700
Iters    4096
Palette  10

// Dark blue for maxiters
maxiters_color 0x00, 0x00, 0x38

Real     -1.7498822066973900
Imag     0.0000001438081549
Mag      996387120180.637330
Iters    4096
Palette  10

// Maxiters_color resets to default unless changed again

Real     -1.7498524294122670
Imag     0.0000003261228964
Mag      157262993892.613190
Iters    1500
Palette  3

Real     -1.1876614759616484
Imag     -0.3043395696843481
Mag      22328.726504
Iters    260
Palette  8

Real     -1.1912181529502595
Imag     -0.3049151449504957
Mag      63290749.251431
Iters    520
Palette  4

Real     -1.7471272186208733
Imag     0.0028041180372460
Mag      223207.416961
Iters    360
Palette  "bw.pal"

Real     -1.7495761085674901
Imag     0.0001164937058076
Mag      58789177229.916756
Iters    2500
Palette  10

Real     -1.7499707635866917
Imag     -0.0000000142031101
Mag      69519989243.968323
Iters    6000
Palette  4

Real     -1.6743348777804028
Imag     0.0057341087169099
Mag      2100500073.760030
Iters    400
Palette  8

Real     -1.7472746037972169
Imag     -0.0000000000053799
Mag      1657092989.449156
Iters    700
Palette  6

Real     -0.1546126200843225
Imag     1.0309776707604279
Mag      755270175539.853270
Iters    1024
Palette  8

Real     -1.7495802007984673
Imag     0.0000002573144759
Mag      4617201710738.459000
Iters    4096
Palette  2

Real     0.2549878995574509
Imag     0.0005649201839484
Mag      514336948130.238160
Iters    4096
Palette  0

Real     -1.2639632011829078
Imag     0.3832794703610320
Mag      1413859880427.939900
Iters    2048
Palette  0

// You can either use the palette number, or put the palette name in quotes
Real     -1.0284298888839207
Imag     0.3614560000274479
Mag      495582876.412543
Iters    8192
Palette  "Loud"

Real     -1.7691085544152274
Imag     0.0025888666686072
Mag      15066792.626089
Iters    2048
Palette  0

Real     -1.0284452731813485
Imag     0.3614565633685650
Mag      18983812.491599
Iters    2800
Palette  5

maxiters_color 0x88, 0x20, 0x0
Real     -1.0284578034672307
Imag     0.3614638718015357
Mag      1595088459891.900400
Iters    4000
Palette  5

Real     -1.7496149101847391
Imag     0.0000013906842249
Mag      15988046.804174
Iters    600
Palette  11

Real     -1.7498524293936930
Imag     0.0000003261081808
Mag      5484457580892.282200
Iters    1500
Palette  11

Real     0.2848850236468279
Imag     0.0111216356853726
Mag      2564240739379.753400
Iters    800
Palette  5

Real     -1.7498524294122670
Imag     0.0000003261228964
Mag      157262993892.613190
Iters    1500
Palette  11

Real     -1.4085283763660157
Imag     0.1360552882783867
Mag      610808.745996
Iters    6000
Palette  11

// This one is inverted
pal_xor  0xFF, 0xFF, 0xFF
Real     0.2506175195297519
Imag     0.0000251319692838
Mag      1684086840.573766
Iters    7000
Palette  10

Real     -1.7495737306850749
Imag     -0.0001097566591809
Mag      75244356977.344421
Iters    4096
Palette  11

// Most XOR values other than simple inversion look pretty ugly...
// pal_xor 0x55, 0x55, 0x55
Real     -1.7496151741372088
Imag     0.0000014746948627
Mag      2069264112420.647500
Iters    900
Palette  11

Real     -1.7498524294116617
Imag     0.0000003261239122
Mag      3786922415472.140100
Iters    1600
Palette  2

Real     -1.7477532585186486
Imag     0.0016284985488949
Mag      1842329.406222  
Iters    1024
Palette  11

Real     -1.7497818718678475
Imag     0.0000000000481952
Mag      91627368515.630829
Iters    1024
Palette  11

pal_xor 0xFFFFFF
Real     -1.8605545900432396
Imag     -0.0000000114611176
Mag      154699136.147206
Iters    1600
Palette  11

Real     -1.6743348748070965
Imag     0.0057341067861657
Mag      1914019978.303853
Iters    380
Palette  5

Real     -1.6743362129779207
Imag     0.0057336924694707
Mag      85338011.101804 
Iters    380
Palette  5

pal_xor 0xFFFFFF
Real     -1.7477590195999664
Imag     0.0016300881513941
Mag      1842329.406222  
Iters    1024
Palette  11

// This one can look better elongated
// xsize 800
// ysize 300
pal_xor 0xFFFFFF
Real     -1.0284578035209706
Imag     0.3614638718050236
Mag      121760496043.180560
Iters    5000
Palette  5

pal_xor 0xFFFFFF
Real     -0.1546001473869594
Imag     1.0309283048269331
Mag      1926288058.213493
Iters    1540
Palette  11

pal_xor 0xFFFFFF
Real     -0.1642429447903717
Imag     1.0383481428322350
Mag      1003.920424     
Iters    2000
Palette  5

Real     -0.7965541370769841
Imag     -0.1836361644852773
Mag      317931967312.435180
Iters    350
Palette  7

pal_xor 0xFFFFFF
Real     -0.7499688700473312
Imag     -0.0512155587762949
Mag      13007244217.361950
Iters    1700
Palette  7

Real     -1.7498524156094606
Imag     0.0000003460240274
Mag      773519348.837019
Iters    1600
Palette  7

Real     -1.7689416514967000
Imag     0.0028307884813364
Mag      28162748987.777008
Iters    1024
Palette  7

Real     -1.7495802007989534
Imag     0.0000002573144909
Mag      4630431515067.222700
Iters    4096
Palette  7

Real     -1.7689416518588468
Imag     0.0028307878872386
Mag      28162748987.777008
Iters    1024
Palette  7

pal_xor 0xFFFFFF
Real     -1.7497750266718206
Imag     0.0000003383391170
Mag      1786726534634.312300
Iters    1200
Palette  7

pal_xor 0xFFFFFF
Real     -1.7498524667784188
Imag     0.0000003057450503
Mag      849805117132.179690
Iters    2000
Palette  9

pal_xor 0xFFFFFF
Real     -0.8739037395902422
Imag     -0.2553348076417715
Mag      20143.466699    
Iters    200
Palette  7

pal_xor 0xFFFFFF
Real     -1.9407381713599374
Imag     -0.0012274921885795
Mag      95674276.031141 
Iters    256
Palette  7

Real     -1.7498524112975824
Imag     0.0000003446043484
Mag      8773004267760.355500
Iters    1600
Palette  7

Real     -0.7965541370798711
Imag     -0.1836361644877035
Mag      19396509010.372398
Iters    350
Palette  7

Real     -1.7498484762859214
Imag     -0.0000000014304675
Mag      510300751.993241
Iters    700
Palette  1

Real     -0.7966119978214687
Imag     -0.1836627909591613
Mag      33437.532808    
Iters    600
Palette  11
