Build started 12.11.2014 10:24:26.
     1>Project "I:\Dokumenty\FRI\3.semester\inf3\cvika\8.cvicenie\Menu_ut_01\Menu_ut_01\Menu_ut_01.vcxproj" on node 2 (Build target(s)).
     1>ClCompile:
         C:\Program Files (x86)\Microsoft Visual Studio 12.0\VC\bin\CL.exe /c /ZI /nologo /W3 /WX- /Od /Oy- /D WIN32 /D _DEBUG /D _CONSOLE /D _LIB /D _UNICODE /D UNICODE /Gm /EHsc /RTC1 /MDd /GS /fp:precise /Zc:wchar_t /Zc:forScope /Fo"Debug\\" /Fd"Debug\vc120.pdb" /Gd /TP /analyze- /errorReport:prompt Aplikacia.cpp Main.cpp TextMenu.cpp
         Aplikacia.cpp
     1>i:\dokumenty\fri\3.semester\inf3\cvika\8.cvicenie\menu_ut_01\menu_ut_01\vstup.h(11): warning C4996: 'getch': The POSIX name for this item is deprecated. Instead, use the ISO C++ conformant name: _getch. See online help for details.
                 c:\program files (x86)\microsoft visual studio 12.0\vc\include\conio.h(131) : see declaration of 'getch'
         Generating Code...
         Compiling...
         TextMenu.cpp
     1>i:\dokumenty\fri\3.semester\inf3\cvika\8.cvicenie\menu_ut_01\menu_ut_01\textmenu.cpp(13): warning C4018: '<' : signed/unsigned mismatch
     1>i:\dokumenty\fri\3.semester\inf3\cvika\8.cvicenie\menu_ut_01\menu_ut_01\textmenu.cpp(18): warning C4018: '<' : signed/unsigned mismatch
     1>i:\dokumenty\fri\3.semester\inf3\cvika\8.cvicenie\menu_ut_01\menu_ut_01\textmenu.cpp(48): warning C4018: '<' : signed/unsigned mismatch
     1>i:\dokumenty\fri\3.semester\inf3\cvika\8.cvicenie\menu_ut_01\menu_ut_01\textmenu.cpp(63): warning C4018: '<' : signed/unsigned mismatch
     1>i:\dokumenty\fri\3.semester\inf3\cvika\8.cvicenie\menu_ut_01\menu_ut_01\textmenu.cpp(91): warning C4018: '<' : signed/unsigned mismatch
     1>i:\dokumenty\fri\3.semester\inf3\cvika\8.cvicenie\menu_ut_01\menu_ut_01\textmenu.cpp(100): warning C4018: '<' : signed/unsigned mismatch
         Main.cpp
         Generating Code...
       Link:
         C:\Program Files (x86)\Microsoft Visual Studio 12.0\VC\bin\link.exe /ERRORREPORT:PROMPT /OUT:"I:\Dokumenty\FRI\3.semester\inf3\cvika\8.cvicenie\Menu_ut_01\Debug\Menu_ut_01.exe" /INCREMENTAL /NOLOGO kernel32.lib user32.lib gdi32.lib winspool.lib comdlg32.lib advapi32.lib shell32.lib ole32.lib oleaut32.lib uuid.lib odbc32.lib odbccp32.lib /MANIFEST /MANIFESTUAC:"level='asInvoker' uiAccess='false'" /manifest:embed /DEBUG /PDB:"I:\Dokumenty\FRI\3.semester\inf3\cvika\8.cvicenie\Menu_ut_01\Debug\Menu_ut_01.pdb" /SUBSYSTEM:CONSOLE /TLBID:1 /DYNAMICBASE /NXCOMPAT /IMPLIB:"I:\Dokumenty\FRI\3.semester\inf3\cvika\8.cvicenie\Menu_ut_01\Debug\Menu_ut_01.lib" /MACHINE:X86 Debug\Aplikacia.obj
         Debug\HorizontalnyVystup.obj
         Debug\Main.obj
         Debug\TextCommand.obj
         Debug\TextMenu.obj
         Debug\VetikalnyVystup.obj
         Menu_ut_01.vcxproj -> I:\Dokumenty\FRI\3.semester\inf3\cvika\8.cvicenie\Menu_ut_01\Debug\Menu_ut_01.exe
     1>Done Building Project "I:\Dokumenty\FRI\3.semester\inf3\cvika\8.cvicenie\Menu_ut_01\Menu_ut_01\Menu_ut_01.vcxproj" (Build target(s)).

Build succeeded.

Time Elapsed 00:00:04.25
