This is pdfTeX, Version 3.14159265-2.6-1.40.15 (TeX Live 2015/dev/Debian) (preloaded format=pdflatex 2017.2.18)  11 APR 2017 15:20
entering extended mode
 restricted \write18 enabled.
 %&-line parsing enabled.
**dokumentacia_bgp_isis_vachalik_sisila.tex
(./dokumentacia_bgp_isis_vachalik_sisila.tex
LaTeX2e <2014/05/01>
Babel <3.9l> and hyphenation patterns for 79 languages loaded.
(/usr/share/texlive/texmf-dist/tex/latex/base/report.cls
Document Class: report 2014/09/29 v1.4h Standard LaTeX document class
(/usr/share/texlive/texmf-dist/tex/latex/base/size12.clo
File: size12.clo 2014/09/29 v1.4h Standard LaTeX file (size option)
)
\c@part=\count79
\c@chapter=\count80
\c@section=\count81
\c@subsection=\count82
\c@subsubsection=\count83
\c@paragraph=\count84
\c@subparagraph=\count85
\c@figure=\count86
\c@table=\count87
\abovecaptionskip=\skip41
\belowcaptionskip=\skip42
\bibindent=\dimen102
)
(/usr/share/texlive/texmf-dist/tex/latex/geometry/geometry.sty
Package: geometry 2010/09/12 v5.6 Page Geometry

(/usr/share/texlive/texmf-dist/tex/latex/graphics/keyval.sty
Package: keyval 2014/05/08 v1.15 key=value parser (DPC)
\KV@toks@=\toks14
)
(/usr/share/texlive/texmf-dist/tex/generic/oberdiek/ifpdf.sty
Package: ifpdf 2011/01/30 v2.3 Provides the ifpdf switch (HO)
Package ifpdf Info: pdfTeX in PDF mode is detected.
)
(/usr/share/texlive/texmf-dist/tex/generic/oberdiek/ifvtex.sty
Package: ifvtex 2010/03/01 v1.5 Detect VTeX and its facilities (HO)
Package ifvtex Info: VTeX not detected.
)
(/usr/share/texlive/texmf-dist/tex/generic/ifxetex/ifxetex.sty
Package: ifxetex 2010/09/12 v0.6 Provides ifxetex conditional
)
\Gm@cnth=\count88
\Gm@cntv=\count89
\c@Gm@tempcnt=\count90
\Gm@bindingoffset=\dimen103
\Gm@wd@mp=\dimen104
\Gm@odd@mp=\dimen105
\Gm@even@mp=\dimen106
\Gm@layoutwidth=\dimen107
\Gm@layoutheight=\dimen108
\Gm@layouthoffset=\dimen109
\Gm@layoutvoffset=\dimen110
\Gm@dimlist=\toks15
)
(/usr/share/texlive/texmf-dist/tex/latex/base/inputenc.sty
Package: inputenc 2014/04/30 v1.2b Input encoding file
\inpenc@prehook=\toks16
\inpenc@posthook=\toks17

(/usr/share/texlive/texmf-dist/tex/latex/ucs/utf8x.def
File: utf8x.def 2004/10/17 UCS: Input encoding UTF-8
))
(/usr/share/texlive/texmf-dist/tex/latex/ucs/ucs.sty
Package: ucs 2013/05/11 v2.2 UCS: Unicode input support

(/usr/share/texlive/texmf-dist/tex/latex/ucs/data/uni-global.def
File: uni-global.def 2013/05/13 UCS: Unicode global data
)
\uc@secondtry=\count91
\uc@combtoks=\toks18
\uc@combtoksb=\toks19
\uc@temptokena=\toks20
)
(/usr/share/texlive/texmf-dist/tex/generic/babel/babel.sty
Package: babel 2014/09/25 3.9l The Babel package

(/usr/share/texlive/texmf-dist/tex/generic/babel-slovak/slovak.ldf
Language: slovak 2008/07/06 v3.1a Slovak support from the babel system

(/usr/share/texlive/texmf-dist/tex/generic/babel/babel.def
File: babel.def 2014/09/25 3.9l Babel common definitions
\babel@savecnt=\count92
\U@D=\dimen111
)
Package babel Info: Making ^ an active character on input line 123.
Package babel Info: Making " an active character on input line 126.
Package babel Info: Making ' an active character on input line 129.
\cs@wordlen=\count93
Package babel Info: Making - an active character on input line 294.
))
(/usr/share/texlive/texmf-dist/tex/latex/psnfss/palatino.sty
Package: palatino 2005/04/12 PSNFSS-v9.2a (SPQR) 
)
(/usr/share/texlive/texmf-dist/tex/latex/tools/verbatim.sty
Package: verbatim 2014/10/28 v1.5q LaTeX2e package for verbatim enhancements
\every@verbatim=\toks21
\verbatim@line=\toks22
\verbatim@in@stream=\read1
)
(/usr/share/texlive/texmf-dist/tex/latex/dirtytalk/dirtytalk.sty
Package: dirtytalk 2010/11/21 A package making "quoting" easier

(/usr/share/texlive/texmf-dist/tex/latex/oberdiek/kvoptions.sty
Package: kvoptions 2011/06/30 v3.11 Key value format for package options (HO)

(/usr/share/texlive/texmf-dist/tex/generic/oberdiek/ltxcmds.sty
Package: ltxcmds 2011/11/09 v1.22 LaTeX kernel commands for general use (HO)
)
(/usr/share/texlive/texmf-dist/tex/generic/oberdiek/kvsetkeys.sty
Package: kvsetkeys 2012/04/25 v1.16 Key value parser (HO)

(/usr/share/texlive/texmf-dist/tex/generic/oberdiek/infwarerr.sty
Package: infwarerr 2010/04/08 v1.3 Providing info/warning/error messages (HO)
)
(/usr/share/texlive/texmf-dist/tex/generic/oberdiek/etexcmds.sty
Package: etexcmds 2011/02/16 v1.5 Avoid name clashes with e-TeX commands (HO)

(/usr/share/texlive/texmf-dist/tex/generic/oberdiek/ifluatex.sty
Package: ifluatex 2010/03/01 v1.3 Provides the ifluatex switch (HO)
Package ifluatex Info: LuaTeX not detected.
)
Package etexcmds Info: Could not find \expanded.
(etexcmds)             That can mean that you are not using pdfTeX 1.50 or
(etexcmds)             that some package has redefined \expanded.
(etexcmds)             In the latter case, load this package earlier.
)))
(/usr/share/texlive/texmf-dist/tex/latex/base/ifthen.sty
Package: ifthen 2014/09/29 v1.1c Standard LaTeX ifthen package (DPC)
)
\c@dirtytalk@qdepth=\count94
)
(/usr/share/texlive/texmf-dist/tex/latex/base/alltt.sty
Package: alltt 1997/06/16 v2.0g defines alltt environment
)
(/usr/share/texlive/texmf-dist/tex/latex/graphics/graphicx.sty
Package: graphicx 2014/04/25 v1.0g Enhanced LaTeX Graphics (DPC,SPQR)

(/usr/share/texlive/texmf-dist/tex/latex/graphics/graphics.sty
Package: graphics 2009/02/05 v1.0o Standard LaTeX Graphics (DPC,SPQR)

(/usr/share/texlive/texmf-dist/tex/latex/graphics/trig.sty
Package: trig 1999/03/16 v1.09 sin cos tan (DPC)
)
(/usr/share/texlive/texmf-dist/tex/latex/latexconfig/graphics.cfg
File: graphics.cfg 2010/04/23 v1.9 graphics configuration of TeX Live
)
Package graphics Info: Driver file: pdftex.def on input line 91.

(/usr/share/texlive/texmf-dist/tex/latex/pdftex-def/pdftex.def
File: pdftex.def 2011/05/27 v0.06d Graphics/color for pdfTeX
\Gread@gobject=\count95
))
\Gin@req@height=\dimen112
\Gin@req@width=\dimen113
)
(/usr/share/texlive/texmf-dist/tex/latex/chngcntr/chngcntr.sty
Package: chngcntr 2009/09/02 v1.0a change counter resetting
)
(/usr/share/texlive/texmf-dist/tex/latex/hyperref/nameref.sty
Package: nameref 2012/10/27 v2.43 Cross-referencing by name of section

(/usr/share/texlive/texmf-dist/tex/latex/oberdiek/refcount.sty
Package: refcount 2011/10/16 v3.4 Data extraction from label references (HO)
)
(/usr/share/texlive/texmf-dist/tex/generic/oberdiek/gettitlestring.sty
Package: gettitlestring 2010/12/03 v1.4 Cleanup title references (HO)
)
\c@section@level=\count96
LaTeX Info: Redefining \ref on input line 353.
LaTeX Info: Redefining \pageref on input line 353.
)
(/usr/share/texlive/texmf-dist/tex/latex/booktabs/booktabs.sty
Package: booktabs 2005/04/14 v1.61803 publication quality tables
\heavyrulewidth=\dimen114
\lightrulewidth=\dimen115
\cmidrulewidth=\dimen116
\belowrulesep=\dimen117
\belowbottomsep=\dimen118
\aboverulesep=\dimen119
\abovetopsep=\dimen120
\cmidrulesep=\dimen121
\cmidrulekern=\dimen122
\defaultaddspace=\dimen123
\@cmidla=\count97
\@cmidlb=\count98
\@aboverulesep=\dimen124
\@belowrulesep=\dimen125
\@thisruleclass=\count99
\@lastruleclass=\count100
\@thisrulewidth=\dimen126
)
(/usr/share/texlive/texmf-dist/tex/latex/multirow/multirow.sty
\bigstrutjot=\dimen127
)
(/usr/share/texlive/texmf-dist/tex/latex/etoolbox/etoolbox.sty
Package: etoolbox 2011/01/03 v2.1 e-TeX tools for LaTeX

(/usr/share/texlive/texmf-dist/tex/latex/etex-pkg/etex.sty
Package: etex 1998/03/26 v2.0 eTeX basic definition package (PEB)
\et@xins=\count101
)
\etb@tempcnta=\count102
)
(./dokumentacia_bgp_isis_vachalik_sisila.aux)
\openout1 = `dokumentacia_bgp_isis_vachalik_sisila.aux'.

LaTeX Font Info:    Checking defaults for OML/cmm/m/it on input line 41.
LaTeX Font Info:    ... okay on input line 41.
LaTeX Font Info:    Checking defaults for T1/cmr/m/n on input line 41.
LaTeX Font Info:    ... okay on input line 41.
LaTeX Font Info:    Checking defaults for OT1/cmr/m/n on input line 41.
LaTeX Font Info:    ... okay on input line 41.
LaTeX Font Info:    Checking defaults for OMS/cmsy/m/n on input line 41.
LaTeX Font Info:    ... okay on input line 41.
LaTeX Font Info:    Checking defaults for OMX/cmex/m/n on input line 41.
LaTeX Font Info:    ... okay on input line 41.
LaTeX Font Info:    Checking defaults for U/cmr/m/n on input line 41.
LaTeX Font Info:    ... okay on input line 41.
LaTeX Font Info:    Try loading font information for OT1+ppl on input line 41.

(/usr/share/texlive/texmf-dist/tex/latex/psnfss/ot1ppl.fd
File: ot1ppl.fd 2001/06/04 font definitions for OT1/ppl.
)
*geometry* driver: auto-detecting
*geometry* detected driver: pdftex
*geometry* verbose mode - [ preamble ] result:
* driver: pdftex
* paper: a4paper
* layout: <same size as paper>
* layoutoffset:(h,v)=(0.0pt,0.0pt)
* bindingoffset: 17.07164pt
* modes: twoside 
* h-part:(L,W,R)=(61.45795pt, 426.79134pt, 92.18695pt)
* v-part:(T,H,B)=(71.13188pt, 702.78308pt, 71.13188pt)
* \paperwidth=597.50787pt
* \paperheight=845.04684pt
* \textwidth=426.79134pt
* \textheight=702.78308pt
* \oddsidemargin=6.2596pt
* \evensidemargin=19.91696pt
* \topmargin=-38.1381pt
* \headheight=12.0pt
* \headsep=25.0pt
* \topskip=12.0pt
* \footskip=30.0pt
* \marginparwidth=85.0pt
* \marginparsep=10.0pt
* \columnsep=10.0pt
* \skip\footins=10.8pt plus 4.0pt minus 2.0pt
* \hoffset=0.0pt
* \voffset=0.0pt
* \mag=1000
* \@twocolumnfalse
* \@twosidetrue
* \@mparswitchtrue
* \@reversemarginfalse
* (1in=72.27pt=25.4mm, 1cm=28.453pt)

(/usr/share/texlive/texmf-dist/tex/latex/ucs/ucsencs.def
File: ucsencs.def 2011/01/21 Fixes to fontencodings LGR, T3
)
(/usr/share/texlive/texmf-dist/tex/context/base/supp-pdf.mkii
[Loading MPS to PDF converter (version 2006.09.02).]
\scratchcounter=\count103
\scratchdimen=\dimen128
\scratchbox=\box26
\nofMPsegments=\count104
\nofMParguments=\count105
\everyMPshowfont=\toks23
\MPscratchCnt=\count106
\MPscratchDim=\dimen129
\MPnumerator=\count107
\makeMPintoPDFobject=\count108
\everyMPtoPDFconversion=\toks24
) (/usr/share/texlive/texmf-dist/tex/generic/oberdiek/pdftexcmds.sty
Package: pdftexcmds 2011/11/29 v0.20 Utility functions of pdfTeX for LuaTeX (HO
)
Package pdftexcmds Info: LuaTeX not detected.
Package pdftexcmds Info: \pdf@primitive is available.
Package pdftexcmds Info: \pdf@ifprimitive is available.
Package pdftexcmds Info: \pdfdraftmode found.
)
(/usr/share/texlive/texmf-dist/tex/latex/oberdiek/epstopdf-base.sty
Package: epstopdf-base 2010/02/09 v2.5 Base part for package epstopdf

(/usr/share/texlive/texmf-dist/tex/latex/oberdiek/grfext.sty
Package: grfext 2010/08/19 v1.1 Manage graphics extensions (HO)

(/usr/share/texlive/texmf-dist/tex/generic/oberdiek/kvdefinekeys.sty
Package: kvdefinekeys 2011/04/07 v1.3 Define keys (HO)
))
Package grfext Info: Graphics extension search list:
(grfext)             [.png,.pdf,.jpg,.mps,.jpeg,.jbig2,.jb2,.PNG,.PDF,.JPG,.JPE
G,.JBIG2,.JB2,.eps]
(grfext)             \AppendGraphicsExtensions on input line 452.

(/usr/share/texlive/texmf-dist/tex/latex/latexconfig/epstopdf-sys.cfg
File: epstopdf-sys.cfg 2010/07/13 v1.3 Configuration of (r)epstopdf for TeX Liv
e
))
LaTeX Font Info:    Font shape `OT1/ppl/bx/n' in size <24.88> not available
(Font)              Font shape `OT1/ppl/b/n' tried instead on input line 45.
LaTeX Font Info:    Font shape `OT1/ppl/bx/n' in size <12> not available
(Font)              Font shape `OT1/ppl/b/n' tried instead on input line 47.

(/usr/share/texlive/texmf-dist/tex/latex/ucs/data/uni-1.def
File: uni-1.def 2013/05/13 UCS: Unicode data U+0100..U+01FF
)
(/usr/share/texlive/texmf-dist/tex/latex/ucs/data/uni-0.def
File: uni-0.def 2013/05/13 UCS: Unicode data U+0000..U+00FF
) [1


{/var/lib/texmf/fonts/map/pdftex/updmap/pdftex.map}]
(./dokumentacia_bgp_isis_vachalik_sisila.toc
LaTeX Font Info:    External font `cmex10' loaded for size
(Font)              <12> on input line 3.
LaTeX Font Info:    External font `cmex10' loaded for size
(Font)              <8> on input line 3.
LaTeX Font Info:    External font `cmex10' loaded for size
(Font)              <6> on input line 3.

Overfull \hbox (4.13707pt too wide) in paragraph at lines 8--8
 [][] []\OT1/ppl/m/n/12 Distrib[]ucia in-ter-ne-tov[]ych sta-tick[]ych sme-ro-v
ac[]^^Pch z[]aznamov 
 []


Overfull \hbox (1.95355pt too wide) in paragraph at lines 47--47
 [][] []\OT1/ppl/m/n/12 Distribuovat[] iba de-fault, AS5005 a pe-e-ring pre-fix
y do AS65001 []  
 []


Overfull \hbox (1.84485pt too wide) in paragraph at lines 68--68
 [][] []\OT1/ppl/m/n/12 Overit[] funk[]cnost[] na-sta-ve-nia po-li-tiky vhodn[]
ymi v[]ypadkami 
 []


Overfull \hbox (11.9603pt too wide) in paragraph at lines 75--75
 \OT1/ppl/m/n/12 (linka mus[]^^P byt[] plne funk[]cna a BGP spo-je-nie pro-pa-g
uje v[]setky 
 []

)
\tf@toc=\write3
\openout3 = `dokumentacia_bgp_isis_vachalik_sisila.toc'.

 [2

]
LaTeX Font Info:    Font shape `OT1/ppl/bx/n' in size <17.28> not available
(Font)              Font shape `OT1/ppl/b/n' tried instead on input line 52.
 <obr/bgp_isis_topo.png, id=12, 586.5915pt x 408.3255pt>
File: obr/bgp_isis_topo.png Graphic file (type png)

<use obr/bgp_isis_topo.png>
Package pdftex.def Info: obr/bgp_isis_topo.png used on input line 58.
(pdftex.def)             Requested size: 398.33858pt x 277.29005pt.


LaTeX Warning: Float too large for page by 33.56674pt on input line 121.

[3 <./obr/bgp_isis_topo.png>] [4]
LaTeX Font Info:    Font shape `OT1/ppl/bx/n' in size <14.4> not available
(Font)              Font shape `OT1/ppl/b/n' tried instead on input line 128.

(/usr/share/texlive/texmf-dist/tex/latex/ucs/data/uni-34.def
File: uni-34.def 2013/05/13 UCS: Unicode data U+2200..U+22FF
)
LaTeX Font Info:    External font `cmex10' loaded for size
(Font)              <14.4> on input line 128.
LaTeX Font Info:    External font `cmex10' loaded for size
(Font)              <7> on input line 128.

Overfull \hbox (7.27892pt too wide) in paragraph at lines 130--130
[]\OT1/ppl/b/n/14.4 Distrib^^Sucia in-ter-ne-tov[]ych sta-tick[]ych sme-ro-vac^
^S^^Pch z^^Saznamov
 []

(/usr/share/texlive/texmf-dist/tex/latex/ucs/data/uni-32.def
File: uni-32.def 2013/05/13 UCS: Unicode data U+2000..U+20FF
)
Overfull \hbox (25.68713pt too wide) in paragraph at lines 136--137
 [] \OT1/ppl/m/n/12 V ce-lej to-pol[]ogi[]^^P pou[]z[]^^Pvame sme-ro-vac[]^^P p
ro-to-kol BGP. Vn[]utri v[]setk[]ych au-ton[]omnych
 []


Overfull \hbox (3.42915pt too wide) in paragraph at lines 136--137
\OT1/ppl/m/n/12 syst[]emov navy[]se pou[]z[]^^Pvame sme-ro-vac[]^^P pro-to-kol 
IS-IS. Sub-ro-z-hra-nie \.13" (VLAN
 []

LaTeX Font Info:    Try loading font information for OT1+qcr on input line 142.

(/usr/share/texmf/tex/latex/tex-gyre/ot1qcr.fd
File: ot1qcr.fd 2009/09/25 v1.2 font definition file for OT1/qcr
)
LaTeX Font Info:    Try loading font information for OT1+pcr on input line 144.


(/usr/share/texlive/texmf-dist/tex/latex/psnfss/ot1pcr.fd
File: ot1pcr.fd 2001/06/04 font definitions for OT1/pcr.
) [5] [6]
Underfull \vbox (badness 10000) has occurred while \output is active []

 [7]
Underfull \vbox (badness 10000) has occurred while \output is active []

 [8]
Underfull \vbox (badness 10000) has occurred while \output is active []

 [9]
Underfull \vbox (badness 10000) has occurred while \output is active []

 [10]
Underfull \vbox (badness 10000) has occurred while \output is active []

 [11]
Underfull \vbox (badness 10000) has occurred while \output is active []

 [12]
Underfull \vbox (badness 10000) has occurred while \output is active []

 [13]
Underfull \vbox (badness 10000) has occurred while \output is active []

 [14]
Underfull \vbox (badness 10000) has occurred while \output is active []

 [15]
Underfull \vbox (badness 10000) has occurred while \output is active []

 [16]
Overfull \hbox (92.23804pt too wide) in paragraph at lines 719--719
[]\OT1/pcr/m/n/10.95 Status codes: s suppressed, d damped, h history, * valid, 
> best, i - internal,[] 
 []


Overfull \hbox (0.25815pt too wide) in paragraph at lines 723--723
[]   \OT1/pcr/m/n/10.95 Network          Next Hop            Metric LocPrf Weig
ht Path[] 
 []


Overfull \hbox (39.6781pt too wide) in paragraph at lines 725--725
[]\OT1/pcr/m/n/10.95 *  10.255.255.2/32  64.34.255.254                         
 0 4502 110 i[] 
 []


Overfull \hbox (6.82814pt too wide) in paragraph at lines 726--726
[]\OT1/pcr/m/n/10.95 *>                  200.110.255.250          0            
 0 110 i[] 
 []


Overfull \hbox (39.6781pt too wide) in paragraph at lines 727--727
[]\OT1/pcr/m/n/10.95 *  10.255.255.3/32  64.34.255.254                         
 0 4502 110 i[] 
 []


Overfull \hbox (6.82814pt too wide) in paragraph at lines 728--728
[]\OT1/pcr/m/n/10.95 *>                  200.110.255.250                       
 0 110 i[] 
 []


Overfull \hbox (39.6781pt too wide) in paragraph at lines 729--729
[]\OT1/pcr/m/n/10.95 *  10.255.255.4/32  64.34.255.254                         
 0 4502 110 i[] 
 []


Overfull \hbox (6.82814pt too wide) in paragraph at lines 730--730
[]\OT1/pcr/m/n/10.95 *>                  200.110.255.250                       
 0 110 i[] 
 []


Overfull \hbox (39.6781pt too wide) in paragraph at lines 731--731
[]\OT1/pcr/m/n/10.95 *  10.255.255.5/32  200.110.255.250                       
 0 110 4502 i[] 
 []


Overfull \hbox (39.6781pt too wide) in paragraph at lines 732--732
[]\OT1/pcr/m/n/10.95 *                   200.33.255.254                        
 0 330 4502 i[] 
 []


Overfull \hbox (13.39813pt too wide) in paragraph at lines 733--733
[]\OT1/pcr/m/n/10.95 *>                  64.34.255.254            0            
 0 4502 i[] 
 []


Overfull \hbox (65.95807pt too wide) in paragraph at lines 734--734
[]\OT1/pcr/m/n/10.95 *  10.255.255.6/32  200.110.255.250                       
 0 110 4502 330 i[] 
 []


Overfull \hbox (39.6781pt too wide) in paragraph at lines 735--735
[]\OT1/pcr/m/n/10.95 *                   64.34.255.254                         
 0 4502 330 i[] 
 []


Overfull \hbox (6.82814pt too wide) in paragraph at lines 736--736
[]\OT1/pcr/m/n/10.95 *>                  200.33.255.254           0            
 0 330 i[] 
 []


Overfull \hbox (65.95807pt too wide) in paragraph at lines 737--737
[]\OT1/pcr/m/n/10.95 *  10.255.255.7/32  200.110.255.250                       
 0 110 4502 330 i[] 
 []


Overfull \hbox (39.6781pt too wide) in paragraph at lines 738--738
[]\OT1/pcr/m/n/10.95 *                   64.34.255.254                         
 0 4502 330 i[] 
 []


Overfull \hbox (6.82814pt too wide) in paragraph at lines 739--739
[]\OT1/pcr/m/n/10.95 *>                  200.33.255.254                        
 0 330 i[] 
 []


Overfull \hbox (79.09805pt too wide) in paragraph at lines 740--740
[]\OT1/pcr/m/n/10.95 *  10.255.255.8/32  64.34.255.254                         
 0 4502 110 65001 i[] 
 []


Overfull \hbox (0.25815pt too wide) in paragraph at lines 741--741
[]   \OT1/pcr/m/n/10.95 Network          Next Hop            Metric LocPrf Weig
ht Path[] 
 []


Overfull \hbox (105.37802pt too wide) in paragraph at lines 742--742
[]\OT1/pcr/m/n/10.95 *                   200.33.255.254                        
 0 330 4502 110 65001 i[] 
 []


Overfull \hbox (46.2481pt too wide) in paragraph at lines 743--743
[]\OT1/pcr/m/n/10.95 *>                  200.110.255.250                       
 0 110 65001 i[] 
 []


Overfull \hbox (79.09805pt too wide) in paragraph at lines 744--744
[]\OT1/pcr/m/n/10.95 *  10.255.255.9/32  64.34.255.254                         
 0 4502 110 65001 i[] 
 []


Overfull \hbox (105.37802pt too wide) in paragraph at lines 745--745
[]\OT1/pcr/m/n/10.95 *                   200.33.255.254                        
 0 330 4502 110 65001 i[] 
 []


Overfull \hbox (46.2481pt too wide) in paragraph at lines 746--746
[]\OT1/pcr/m/n/10.95 *>                  200.110.255.250                       
 0 110 65001 i[] 
 []


Overfull \hbox (72.52806pt too wide) in paragraph at lines 747--747
[]\OT1/pcr/m/n/10.95 *  10.255.255.10/32 64.34.255.254                         
 0 4502 110 5005 i[] 
 []


Overfull \hbox (39.6781pt too wide) in paragraph at lines 748--748
[]\OT1/pcr/m/n/10.95 *                   200.110.255.250                       
 0 110 5005 i[] 
 []


Overfull \hbox (39.6781pt too wide) in paragraph at lines 749--749
[]\OT1/pcr/m/n/10.95 *>                  200.33.255.254                        
 0 330 5005 i[] 
 []


Overfull \hbox (39.6781pt too wide) in paragraph at lines 751--751
[]\OT1/pcr/m/n/10.95 *  128.45.5.0/25    200.110.255.250                       
 0 110 4502 i[] 
 []


Overfull \hbox (39.6781pt too wide) in paragraph at lines 752--752
[]\OT1/pcr/m/n/10.95 *                   200.33.255.254                        
 0 330 4502 i[] 
 []


Overfull \hbox (13.39813pt too wide) in paragraph at lines 753--753
[]\OT1/pcr/m/n/10.95 *>                  64.34.255.254            0            
 0 4502 i[] 
 []


Overfull \hbox (39.6781pt too wide) in paragraph at lines 754--754
[]\OT1/pcr/m/n/10.95 *  200.33.6.0/25    64.34.255.254                         
 0 4502 330 i[] 
 []


Overfull \hbox (6.82814pt too wide) in paragraph at lines 755--755
[]\OT1/pcr/m/n/10.95 *>                  200.33.255.254           0            
 0 330 i[] 
 []


Overfull \hbox (39.6781pt too wide) in paragraph at lines 756--756
[]\OT1/pcr/m/n/10.95 *  200.33.7.0/25    64.34.255.254                         
 0 4502 330 i[] 
 []


Overfull \hbox (6.82814pt too wide) in paragraph at lines 757--757
[]\OT1/pcr/m/n/10.95 *>                  200.33.255.254                        
 0 330 i[] 
 []


Overfull \hbox (65.95807pt too wide) in paragraph at lines 758--758
[]\OT1/pcr/m/n/10.95 *  200.110.0.0/25   200.33.255.254                        
 0 330 4502 110 i[] 
 []


Overfull \hbox (39.6781pt too wide) in paragraph at lines 759--759
[]\OT1/pcr/m/n/10.95 *                   64.34.255.254                         
 0 4502 110 i[] 
 []


Overfull \hbox (6.82814pt too wide) in paragraph at lines 760--760
[]\OT1/pcr/m/n/10.95 *>                  200.110.255.250          0            
 0 110 i[] 
 []


Overfull \hbox (79.09805pt too wide) in paragraph at lines 761--761
[]\OT1/pcr/m/n/10.95 *  200.110.0.128/25   200.33.255.254                      
   0 330 4502 110 i[] 
 []

[17]
Overfull \hbox (0.25815pt too wide) in paragraph at lines 762--762
[]   \OT1/pcr/m/n/10.95 Network          Next Hop            Metric LocPrf Weig
ht Path[] 
 []


Overfull \hbox (39.6781pt too wide) in paragraph at lines 763--763
[]\OT1/pcr/m/n/10.95 *                   64.34.255.254                         
 0 4502 110 i[] 
 []


Overfull \hbox (6.82814pt too wide) in paragraph at lines 764--764
[]\OT1/pcr/m/n/10.95 *>                  200.110.255.250                       
 0 110 i[] 
 []


Overfull \hbox (6.82814pt too wide) in paragraph at lines 765--765
[]\OT1/pcr/m/n/10.95 *> 200.110.1.0/25   200.110.255.250                       
 0 110 i[] 
 []


Overfull \hbox (39.6781pt too wide) in paragraph at lines 766--766
[]\OT1/pcr/m/n/10.95 *                   64.34.255.254                         
 0 4502 110 i[] 
 []


Overfull \hbox (65.95807pt too wide) in paragraph at lines 767--767
[]\OT1/pcr/m/n/10.95 *                   200.33.255.254                        
 0 330 4502 110 i[] 
 []


Overfull \hbox (105.37802pt too wide) in paragraph at lines 768--768
[]\OT1/pcr/m/n/10.95 *  200.110.12.0/25  200.33.255.254                        
 0 330 4502 110 65001 i[] 
 []


Overfull \hbox (79.09805pt too wide) in paragraph at lines 769--769
[]\OT1/pcr/m/n/10.95 *                   64.34.255.254                         
 0 4502 110 65001 i[] 
 []


Overfull \hbox (46.2481pt too wide) in paragraph at lines 770--770
[]\OT1/pcr/m/n/10.95 *>                  200.110.255.250                       
 0 110 65001 i[] 
 []


Overfull \hbox (105.37802pt too wide) in paragraph at lines 771--771
[]\OT1/pcr/m/n/10.95 *  200.110.13.0/25  200.33.255.254                        
 0 330 4502 110 65001 i[] 
 []


Overfull \hbox (79.09805pt too wide) in paragraph at lines 772--772
[]\OT1/pcr/m/n/10.95 *                   64.34.255.254                         
 0 4502 110 65001 i[] 
 []


Overfull \hbox (46.2481pt too wide) in paragraph at lines 773--773
[]\OT1/pcr/m/n/10.95 *>                  200.110.255.250                       
 0 110 65001 i[] 
 []


Overfull \hbox (72.52806pt too wide) in paragraph at lines 774--774
[]\OT1/pcr/m/n/10.95 *  223.255.255.0/25 64.34.255.254                         
 0 4502 330 5005 i[] 
 []


Overfull \hbox (39.6781pt too wide) in paragraph at lines 775--775
[]\OT1/pcr/m/n/10.95 *                   200.110.255.250                       
 0 110 5005 i[] 
 []


Overfull \hbox (39.6781pt too wide) in paragraph at lines 776--776
[]\OT1/pcr/m/n/10.95 *>                  200.33.255.254                        
 0 330 5005 i[] 
 []


Overfull \hbox (131.65799pt too wide) in paragraph at lines 779--779
[]\OT1/pcr/m/n/10.95 ----------------------------------------------------------
---------------------------[] 
 []


Overfull \hbox (26.53812pt too wide) in paragraph at lines 784--784
[]       \OT1/pcr/m/n/10.95 D - EIGRP, EX - EIGRP external, O - OSPF, IA - OSPF
 inter area[] 
 []


Overfull \hbox (26.53812pt too wide) in paragraph at lines 785--785
[]       \OT1/pcr/m/n/10.95 N1 - OSPF NSSA external type 1, N2 - OSPF NSSA exte
rnal type 2[] 
 []


Overfull \hbox (72.52806pt too wide) in paragraph at lines 787--787
[]       \OT1/pcr/m/n/10.95 i - IS-IS, su - IS-IS summary, L1 - IS-IS level-1, 
L2 - IS-IS level-2[] 
 []


Overfull \hbox (85.66805pt too wide) in paragraph at lines 788--788
[]       \OT1/pcr/m/n/10.95 ia - IS-IS inter area, * - candidate default, U - p
er-user static route[] 
 []


Underfull \vbox (badness 10000) has occurred while \output is active []

 [18]
Overfull \hbox (92.23804pt too wide) in paragraph at lines 842--842
[]\OT1/pcr/m/n/10.95 Status codes: s suppressed, d damped, h history, * valid, 
> best, i - internal,[] 
 []


Overfull \hbox (0.25815pt too wide) in paragraph at lines 846--846
[]   \OT1/pcr/m/n/10.95 Network          Next Hop            Metric LocPrf Weig
ht Path[] 
 []


Overfull \hbox (39.6781pt too wide) in paragraph at lines 848--848
[]\OT1/pcr/m/n/10.95 *  10.255.255.2/32  64.34.255.254                         
 0 4502 110 i[] 
 []


Overfull \hbox (6.82814pt too wide) in paragraph at lines 849--849
[]\OT1/pcr/m/n/10.95 *>                  200.110.255.250          0            
 0 110 i[] 
 []


Overfull \hbox (39.6781pt too wide) in paragraph at lines 850--850
[]\OT1/pcr/m/n/10.95 *  10.255.255.3/32  64.34.255.254                         
 0 4502 110 i[] 
 []


Overfull \hbox (6.82814pt too wide) in paragraph at lines 851--851
[]\OT1/pcr/m/n/10.95 *>                  200.110.255.250                       
 0 110 i[] 
 []


Overfull \hbox (39.6781pt too wide) in paragraph at lines 852--852
[]\OT1/pcr/m/n/10.95 *  10.255.255.4/32  64.34.255.254                         
 0 4502 110 i[] 
 []


Overfull \hbox (6.82814pt too wide) in paragraph at lines 853--853
[]\OT1/pcr/m/n/10.95 *>                  200.110.255.250                       
 0 110 i[] 
 []


Overfull \hbox (39.6781pt too wide) in paragraph at lines 854--854
[]\OT1/pcr/m/n/10.95 *  10.255.255.5/32  200.110.255.250                       
 0 110 4502 i[] 
 []


Overfull \hbox (39.6781pt too wide) in paragraph at lines 855--855
[]\OT1/pcr/m/n/10.95 *                   200.33.255.254                        
 0 330 4502 i[] 
 []


Overfull \hbox (13.39813pt too wide) in paragraph at lines 856--856
[]\OT1/pcr/m/n/10.95 *>                  64.34.255.254            0            
 0 4502 i[] 
 []


Overfull \hbox (65.95807pt too wide) in paragraph at lines 857--857
[]\OT1/pcr/m/n/10.95 *  10.255.255.6/32  200.110.255.250                       
 0 110 4502 330 i[] 
 []


Overfull \hbox (39.6781pt too wide) in paragraph at lines 858--858
[]\OT1/pcr/m/n/10.95 *                   64.34.255.254                         
 0 4502 330 i[] 
 []


Overfull \hbox (6.82814pt too wide) in paragraph at lines 859--859
[]\OT1/pcr/m/n/10.95 *>                  200.33.255.254           0            
 0 330 i[] 
 []


Overfull \hbox (65.95807pt too wide) in paragraph at lines 860--860
[]\OT1/pcr/m/n/10.95 *  10.255.255.7/32  200.110.255.250                       
 0 110 4502 330 i[] 
 []


Overfull \hbox (39.6781pt too wide) in paragraph at lines 861--861
[]\OT1/pcr/m/n/10.95 *                   64.34.255.254                         
 0 4502 330 i[] 
 []


Overfull \hbox (6.82814pt too wide) in paragraph at lines 862--862
[]\OT1/pcr/m/n/10.95 *>                  200.33.255.254                        
 0 330 i[] 
 []


Overfull \hbox (79.09805pt too wide) in paragraph at lines 863--863
[]\OT1/pcr/m/n/10.95 *  10.255.255.8/32  64.34.255.254                         
 0 4502 110 65001 i[] 
 []


Overfull \hbox (0.25815pt too wide) in paragraph at lines 864--864
[]   \OT1/pcr/m/n/10.95 Network          Next Hop            Metric LocPrf Weig
ht Path[] 
 []


Overfull \hbox (105.37802pt too wide) in paragraph at lines 865--865
[]\OT1/pcr/m/n/10.95 *                   200.33.255.254                        
 0 330 4502 110 65001 i[] 
 []


Overfull \hbox (46.2481pt too wide) in paragraph at lines 866--866
[]\OT1/pcr/m/n/10.95 *>                  200.110.255.250                       
 0 110 65001 i[] 
 []


Overfull \hbox (79.09805pt too wide) in paragraph at lines 867--867
[]\OT1/pcr/m/n/10.95 *  10.255.255.9/32  64.34.255.254                         
 0 4502 110 65001 i[] 
 []


Overfull \hbox (105.37802pt too wide) in paragraph at lines 868--868
[]\OT1/pcr/m/n/10.95 *                   200.33.255.254                        
 0 330 4502 110 65001 i[] 
 []


Overfull \hbox (46.2481pt too wide) in paragraph at lines 869--869
[]\OT1/pcr/m/n/10.95 *>                  200.110.255.250                       
 0 110 65001 i[] 
 []


Overfull \hbox (72.52806pt too wide) in paragraph at lines 870--870
[]\OT1/pcr/m/n/10.95 *  10.255.255.10/32 64.34.255.254                         
 0 4502 110 5005 i[] 
 []


Overfull \hbox (39.6781pt too wide) in paragraph at lines 871--871
[]\OT1/pcr/m/n/10.95 *                   200.110.255.250                       
 0 110 5005 i[] 
 []

[19]
Overfull \hbox (39.6781pt too wide) in paragraph at lines 872--872
[]\OT1/pcr/m/n/10.95 *>                  200.33.255.254                        
 0 330 5005 i[] 
 []


Overfull \hbox (39.6781pt too wide) in paragraph at lines 875--875
[]\OT1/pcr/m/n/10.95 *  128.45.0.0       200.110.255.250                       
 0 110 4502 i[] 
 []


Overfull \hbox (39.6781pt too wide) in paragraph at lines 876--876
[]\OT1/pcr/m/n/10.95 *                   200.33.255.254                        
 0 330 4502 i[] 
 []


Overfull \hbox (13.39813pt too wide) in paragraph at lines 877--877
[]\OT1/pcr/m/n/10.95 *>                  64.34.255.254            0            
 0 4502 i[] 
 []


Overfull \hbox (39.6781pt too wide) in paragraph at lines 878--878
[]\OT1/pcr/m/n/10.95 *  200.33.0.0/16    64.34.255.254                         
 0 4502 330 i[] 
 []


Overfull \hbox (6.82814pt too wide) in paragraph at lines 879--879
[]\OT1/pcr/m/n/10.95 *>                  200.33.255.254           0            
 0 330 i[] 
 []


Overfull \hbox (65.95807pt too wide) in paragraph at lines 880--880
[]\OT1/pcr/m/n/10.95 *  200.110.0.0/16   200.33.255.254                        
 0 330 4502 110 i[] 
 []


Overfull \hbox (39.6781pt too wide) in paragraph at lines 881--881
[]\OT1/pcr/m/n/10.95 *                   64.34.255.254                         
 0 4502 110 i[] 
 []


Overfull \hbox (6.82814pt too wide) in paragraph at lines 882--882
[]\OT1/pcr/m/n/10.95 *>                  200.110.255.250          0            
 0 110 i[] 
 []


Overfull \hbox (72.52806pt too wide) in paragraph at lines 883--883
[]\OT1/pcr/m/n/10.95 *  223.255.255.0    64.34.255.254                         
 0 4502 330 5005 i[] 
 []


Overfull \hbox (39.6781pt too wide) in paragraph at lines 884--884
[]\OT1/pcr/m/n/10.95 *                   200.110.255.250                       
 0 110 5005 i[] 
 []


Overfull \hbox (0.25815pt too wide) in paragraph at lines 885--885
[]   \OT1/pcr/m/n/10.95 Network          Next Hop            Metric LocPrf Weig
ht Path[] 
 []


Overfull \hbox (39.6781pt too wide) in paragraph at lines 886--886
[]\OT1/pcr/m/n/10.95 *>                  200.33.255.254                        
 0 330 5005 i[] 
 []


Overfull \hbox (131.65799pt too wide) in paragraph at lines 889--889
[]\OT1/pcr/m/n/10.95 ----------------------------------------------------------
---------------------------[] 
 []


Overfull \hbox (26.53812pt too wide) in paragraph at lines 894--894
[]       \OT1/pcr/m/n/10.95 D - EIGRP, EX - EIGRP external, O - OSPF, IA - OSPF
 inter area[] 
 []


Overfull \hbox (26.53812pt too wide) in paragraph at lines 895--895
[]       \OT1/pcr/m/n/10.95 N1 - OSPF NSSA external type 1, N2 - OSPF NSSA exte
rnal type 2[] 
 []


Overfull \hbox (72.52806pt too wide) in paragraph at lines 897--897
[]       \OT1/pcr/m/n/10.95 i - IS-IS, su - IS-IS summary, L1 - IS-IS level-1, 
L2 - IS-IS level-2[] 
 []


Overfull \hbox (85.66805pt too wide) in paragraph at lines 898--898
[]       \OT1/pcr/m/n/10.95 ia - IS-IS inter area, * - candidate default, U - p
er-user static route[] 
 []


Underfull \vbox (badness 10000) has occurred while \output is active []

 [20]
[21]
Underfull \vbox (badness 10000) has occurred while \output is active []

 [22]
[23]
Overfull \hbox (5.91841pt too wide) in paragraph at lines 1069--1070
 [] \OT1/ppl/m/n/12 De-fi-no-vat[] vlastn[]u po-li-tiku $\OMS/cmsy/m/n/12 ^^@$ 
\OT1/ppl/m/n/12 pou[]zit[] com-mu-nity, com-mu-nity al-ter LP, AS$\OMS/cmsy/m/n
/12 ^^@$\OT1/ppl/m/n/12 PATH
 []


Overfull \hbox (19.36147pt too wide) in paragraph at lines 1093--1093
[]\OT1/ppl/b/n/14.4 Distribuovat[] iba de-fault, AS5005 a pe-e-ring pre-fixy do
 AS65001 
 []

[24]
Overfull \hbox (13.03912pt too wide) in paragraph at lines 1141--1141
[]\OT1/ppl/b/n/14.4 Overit[] funk^^Tcnost[] na-sta-ve-nia po-li-tiky vhodn[]ymi
 v[]ypadkami
 []


Overfull \hbox (13.12337pt too wide) in paragraph at lines 1157--1157
\OT1/ppl/b/n/14.4 do-wns-tream) na linke R4$\OMS/cmsy/m/n/14.4 ^^@$\OT1/ppl/b/n
/14.4 R10 v pr^^S^^Ppade pl^^Sanovanej ^^Sudr[]zby
 []

[25] (./dokumentacia_bgp_isis_vachalik_sisila.aux) ) 
Here is how much of TeX's memory you used:
 5725 strings out of 493105
 74864 string characters out of 6137072
 154862 words of memory out of 5000000
 9078 multiletter control sequences out of 15000+600000
 15218 words of font info for 44 fonts, out of 8000000 for 9000
 1141 hyphenation exceptions out of 8191
 37i,9n,35p,942b,526s stack positions out of 5000i,500n,10000p,200000b,80000s
{/usr/share/texlive/texmf-d
ist/fonts/enc/dvips/base/8r.enc}</usr/share/texlive/texmf-dist/fonts/type1/publ
ic/amsfonts/cm/cmsy10.pfb></usr/share/texlive/texmf-dist/fonts/type1/urw/courie
r/ucrr8a.pfb></usr/share/texlive/texmf-dist/fonts/type1/urw/palatino/uplb8a.pfb
></usr/share/texlive/texmf-dist/fonts/type1/urw/palatino/uplr8a.pfb>
Output written on dokumentacia_bgp_isis_vachalik_sisila.pdf (25 pages, 157680 b
ytes).
PDF statistics:
 103 PDF objects out of 1000 (max. 8388607)
 70 compressed objects within 1 object stream
 0 named destinations out of 1000 (max. 500000)
 6 words of extra memory for PDF output out of 10000 (max. 10000000)

