This is pdfTeX, Version 3.14159265-2.6-1.40.15 (TeX Live 2015/dev/Debian) (preloaded format=pdflatex 2017.2.18)  8 MAY 2017 12:46
entering extended mode
 restricted \write18 enabled.
 %&-line parsing enabled.
**dokumentacia_multicast_isis_vachalik_sisila.tex
(./dokumentacia_multicast_isis_vachalik_sisila.tex
LaTeX2e <2014/05/01>
Babel <3.9l> and hyphenation patterns for 79 languages loaded.
(/usr/share/texlive/texmf-dist/tex/latex/base/report.cls
Document Class: report 2014/09/29 v1.4h Standard LaTeX document class
(/usr/share/texlive/texmf-dist/tex/latex/base/size12.clo
File: size12.clo 2014/09/29 v1.4h Standard LaTeX file (size option)
)
\c@part=\count79
\c@chapter=\count80
\c@section=\count81
\c@subsection=\count82
\c@subsubsection=\count83
\c@paragraph=\count84
\c@subparagraph=\count85
\c@figure=\count86
\c@table=\count87
\abovecaptionskip=\skip41
\belowcaptionskip=\skip42
\bibindent=\dimen102
)
(/usr/share/texlive/texmf-dist/tex/latex/geometry/geometry.sty
Package: geometry 2010/09/12 v5.6 Page Geometry

(/usr/share/texlive/texmf-dist/tex/latex/graphics/keyval.sty
Package: keyval 2014/05/08 v1.15 key=value parser (DPC)
\KV@toks@=\toks14
)
(/usr/share/texlive/texmf-dist/tex/generic/oberdiek/ifpdf.sty
Package: ifpdf 2011/01/30 v2.3 Provides the ifpdf switch (HO)
Package ifpdf Info: pdfTeX in PDF mode is detected.
)
(/usr/share/texlive/texmf-dist/tex/generic/oberdiek/ifvtex.sty
Package: ifvtex 2010/03/01 v1.5 Detect VTeX and its facilities (HO)
Package ifvtex Info: VTeX not detected.
)
(/usr/share/texlive/texmf-dist/tex/generic/ifxetex/ifxetex.sty
Package: ifxetex 2010/09/12 v0.6 Provides ifxetex conditional
)
\Gm@cnth=\count88
\Gm@cntv=\count89
\c@Gm@tempcnt=\count90
\Gm@bindingoffset=\dimen103
\Gm@wd@mp=\dimen104
\Gm@odd@mp=\dimen105
\Gm@even@mp=\dimen106
\Gm@layoutwidth=\dimen107
\Gm@layoutheight=\dimen108
\Gm@layouthoffset=\dimen109
\Gm@layoutvoffset=\dimen110
\Gm@dimlist=\toks15
)
(/usr/share/texlive/texmf-dist/tex/latex/base/inputenc.sty
Package: inputenc 2014/04/30 v1.2b Input encoding file
\inpenc@prehook=\toks16
\inpenc@posthook=\toks17

(/usr/share/texlive/texmf-dist/tex/latex/ucs/utf8x.def
File: utf8x.def 2004/10/17 UCS: Input encoding UTF-8
))
(/usr/share/texlive/texmf-dist/tex/latex/ucs/ucs.sty
Package: ucs 2013/05/11 v2.2 UCS: Unicode input support

(/usr/share/texlive/texmf-dist/tex/latex/ucs/data/uni-global.def
File: uni-global.def 2013/05/13 UCS: Unicode global data
)
\uc@secondtry=\count91
\uc@combtoks=\toks18
\uc@combtoksb=\toks19
\uc@temptokena=\toks20
)
(/usr/share/texlive/texmf-dist/tex/generic/babel/babel.sty
Package: babel 2014/09/25 3.9l The Babel package

(/usr/share/texlive/texmf-dist/tex/generic/babel-slovak/slovak.ldf
Language: slovak 2008/07/06 v3.1a Slovak support from the babel system

(/usr/share/texlive/texmf-dist/tex/generic/babel/babel.def
File: babel.def 2014/09/25 3.9l Babel common definitions
\babel@savecnt=\count92
\U@D=\dimen111
)
Package babel Info: Making ^ an active character on input line 123.
Package babel Info: Making " an active character on input line 126.
Package babel Info: Making ' an active character on input line 129.
\cs@wordlen=\count93
Package babel Info: Making - an active character on input line 294.
))
(/usr/share/texlive/texmf-dist/tex/latex/psnfss/palatino.sty
Package: palatino 2005/04/12 PSNFSS-v9.2a (SPQR) 
)
(/usr/share/texlive/texmf-dist/tex/latex/tools/verbatim.sty
Package: verbatim 2014/10/28 v1.5q LaTeX2e package for verbatim enhancements
\every@verbatim=\toks21
\verbatim@line=\toks22
\verbatim@in@stream=\read1
)
(/usr/share/texlive/texmf-dist/tex/latex/dirtytalk/dirtytalk.sty
Package: dirtytalk 2010/11/21 A package making "quoting" easier

(/usr/share/texlive/texmf-dist/tex/latex/oberdiek/kvoptions.sty
Package: kvoptions 2011/06/30 v3.11 Key value format for package options (HO)

(/usr/share/texlive/texmf-dist/tex/generic/oberdiek/ltxcmds.sty
Package: ltxcmds 2011/11/09 v1.22 LaTeX kernel commands for general use (HO)
)
(/usr/share/texlive/texmf-dist/tex/generic/oberdiek/kvsetkeys.sty
Package: kvsetkeys 2012/04/25 v1.16 Key value parser (HO)

(/usr/share/texlive/texmf-dist/tex/generic/oberdiek/infwarerr.sty
Package: infwarerr 2010/04/08 v1.3 Providing info/warning/error messages (HO)
)
(/usr/share/texlive/texmf-dist/tex/generic/oberdiek/etexcmds.sty
Package: etexcmds 2011/02/16 v1.5 Avoid name clashes with e-TeX commands (HO)

(/usr/share/texlive/texmf-dist/tex/generic/oberdiek/ifluatex.sty
Package: ifluatex 2010/03/01 v1.3 Provides the ifluatex switch (HO)
Package ifluatex Info: LuaTeX not detected.
)
Package etexcmds Info: Could not find \expanded.
(etexcmds)             That can mean that you are not using pdfTeX 1.50 or
(etexcmds)             that some package has redefined \expanded.
(etexcmds)             In the latter case, load this package earlier.
)))
(/usr/share/texlive/texmf-dist/tex/latex/base/ifthen.sty
Package: ifthen 2014/09/29 v1.1c Standard LaTeX ifthen package (DPC)
)
\c@dirtytalk@qdepth=\count94
)
(/usr/share/texlive/texmf-dist/tex/latex/base/alltt.sty
Package: alltt 1997/06/16 v2.0g defines alltt environment
)
(/usr/share/texlive/texmf-dist/tex/latex/graphics/graphicx.sty
Package: graphicx 2014/04/25 v1.0g Enhanced LaTeX Graphics (DPC,SPQR)

(/usr/share/texlive/texmf-dist/tex/latex/graphics/graphics.sty
Package: graphics 2009/02/05 v1.0o Standard LaTeX Graphics (DPC,SPQR)

(/usr/share/texlive/texmf-dist/tex/latex/graphics/trig.sty
Package: trig 1999/03/16 v1.09 sin cos tan (DPC)
)
(/usr/share/texlive/texmf-dist/tex/latex/latexconfig/graphics.cfg
File: graphics.cfg 2010/04/23 v1.9 graphics configuration of TeX Live
)
Package graphics Info: Driver file: pdftex.def on input line 91.

(/usr/share/texlive/texmf-dist/tex/latex/pdftex-def/pdftex.def
File: pdftex.def 2011/05/27 v0.06d Graphics/color for pdfTeX
\Gread@gobject=\count95
))
\Gin@req@height=\dimen112
\Gin@req@width=\dimen113
)
(/usr/share/texlive/texmf-dist/tex/latex/chngcntr/chngcntr.sty
Package: chngcntr 2009/09/02 v1.0a change counter resetting
)
(/usr/share/texlive/texmf-dist/tex/latex/hyperref/nameref.sty
Package: nameref 2012/10/27 v2.43 Cross-referencing by name of section

(/usr/share/texlive/texmf-dist/tex/latex/oberdiek/refcount.sty
Package: refcount 2011/10/16 v3.4 Data extraction from label references (HO)
)
(/usr/share/texlive/texmf-dist/tex/generic/oberdiek/gettitlestring.sty
Package: gettitlestring 2010/12/03 v1.4 Cleanup title references (HO)
)
\c@section@level=\count96
LaTeX Info: Redefining \ref on input line 353.
LaTeX Info: Redefining \pageref on input line 353.
)
(/usr/share/texlive/texmf-dist/tex/latex/booktabs/booktabs.sty
Package: booktabs 2005/04/14 v1.61803 publication quality tables
\heavyrulewidth=\dimen114
\lightrulewidth=\dimen115
\cmidrulewidth=\dimen116
\belowrulesep=\dimen117
\belowbottomsep=\dimen118
\aboverulesep=\dimen119
\abovetopsep=\dimen120
\cmidrulesep=\dimen121
\cmidrulekern=\dimen122
\defaultaddspace=\dimen123
\@cmidla=\count97
\@cmidlb=\count98
\@aboverulesep=\dimen124
\@belowrulesep=\dimen125
\@thisruleclass=\count99
\@lastruleclass=\count100
\@thisrulewidth=\dimen126
)
(/usr/share/texlive/texmf-dist/tex/latex/multirow/multirow.sty
\bigstrutjot=\dimen127
)
(/usr/share/texlive/texmf-dist/tex/latex/etoolbox/etoolbox.sty
Package: etoolbox 2011/01/03 v2.1 e-TeX tools for LaTeX

(/usr/share/texlive/texmf-dist/tex/latex/etex-pkg/etex.sty
Package: etex 1998/03/26 v2.0 eTeX basic definition package (PEB)
\et@xins=\count101
)
\etb@tempcnta=\count102
)
(./dokumentacia_multicast_isis_vachalik_sisila.aux)
\openout1 = `dokumentacia_multicast_isis_vachalik_sisila.aux'.

LaTeX Font Info:    Checking defaults for OML/cmm/m/it on input line 40.
LaTeX Font Info:    ... okay on input line 40.
LaTeX Font Info:    Checking defaults for T1/cmr/m/n on input line 40.
LaTeX Font Info:    ... okay on input line 40.
LaTeX Font Info:    Checking defaults for OT1/cmr/m/n on input line 40.
LaTeX Font Info:    ... okay on input line 40.
LaTeX Font Info:    Checking defaults for OMS/cmsy/m/n on input line 40.
LaTeX Font Info:    ... okay on input line 40.
LaTeX Font Info:    Checking defaults for OMX/cmex/m/n on input line 40.
LaTeX Font Info:    ... okay on input line 40.
LaTeX Font Info:    Checking defaults for U/cmr/m/n on input line 40.
LaTeX Font Info:    ... okay on input line 40.
LaTeX Font Info:    Try loading font information for OT1+ppl on input line 40.

(/usr/share/texlive/texmf-dist/tex/latex/psnfss/ot1ppl.fd
File: ot1ppl.fd 2001/06/04 font definitions for OT1/ppl.
)
*geometry* driver: auto-detecting
*geometry* detected driver: pdftex
*geometry* verbose mode - [ preamble ] result:
* driver: pdftex
* paper: a4paper
* layout: <same size as paper>
* layoutoffset:(h,v)=(0.0pt,0.0pt)
* bindingoffset: 17.07164pt
* modes: twoside 
* h-part:(L,W,R)=(61.45795pt, 426.79134pt, 92.18695pt)
* v-part:(T,H,B)=(71.13188pt, 702.78308pt, 71.13188pt)
* \paperwidth=597.50787pt
* \paperheight=845.04684pt
* \textwidth=426.79134pt
* \textheight=702.78308pt
* \oddsidemargin=6.2596pt
* \evensidemargin=19.91696pt
* \topmargin=-38.1381pt
* \headheight=12.0pt
* \headsep=25.0pt
* \topskip=12.0pt
* \footskip=30.0pt
* \marginparwidth=85.0pt
* \marginparsep=10.0pt
* \columnsep=10.0pt
* \skip\footins=10.8pt plus 4.0pt minus 2.0pt
* \hoffset=0.0pt
* \voffset=0.0pt
* \mag=1000
* \@twocolumnfalse
* \@twosidetrue
* \@mparswitchtrue
* \@reversemarginfalse
* (1in=72.27pt=25.4mm, 1cm=28.453pt)

(/usr/share/texlive/texmf-dist/tex/latex/ucs/ucsencs.def
File: ucsencs.def 2011/01/21 Fixes to fontencodings LGR, T3
)
(/usr/share/texlive/texmf-dist/tex/context/base/supp-pdf.mkii
[Loading MPS to PDF converter (version 2006.09.02).]
\scratchcounter=\count103
\scratchdimen=\dimen128
\scratchbox=\box26
\nofMPsegments=\count104
\nofMParguments=\count105
\everyMPshowfont=\toks23
\MPscratchCnt=\count106
\MPscratchDim=\dimen129
\MPnumerator=\count107
\makeMPintoPDFobject=\count108
\everyMPtoPDFconversion=\toks24
) (/usr/share/texlive/texmf-dist/tex/generic/oberdiek/pdftexcmds.sty
Package: pdftexcmds 2011/11/29 v0.20 Utility functions of pdfTeX for LuaTeX (HO
)
Package pdftexcmds Info: LuaTeX not detected.
Package pdftexcmds Info: \pdf@primitive is available.
Package pdftexcmds Info: \pdf@ifprimitive is available.
Package pdftexcmds Info: \pdfdraftmode found.
)
(/usr/share/texlive/texmf-dist/tex/latex/oberdiek/epstopdf-base.sty
Package: epstopdf-base 2010/02/09 v2.5 Base part for package epstopdf

(/usr/share/texlive/texmf-dist/tex/latex/oberdiek/grfext.sty
Package: grfext 2010/08/19 v1.1 Manage graphics extensions (HO)

(/usr/share/texlive/texmf-dist/tex/generic/oberdiek/kvdefinekeys.sty
Package: kvdefinekeys 2011/04/07 v1.3 Define keys (HO)
))
Package grfext Info: Graphics extension search list:
(grfext)             [.png,.pdf,.jpg,.mps,.jpeg,.jbig2,.jb2,.PNG,.PDF,.JPG,.JPE
G,.JBIG2,.JB2,.eps]
(grfext)             \AppendGraphicsExtensions on input line 452.

(/usr/share/texlive/texmf-dist/tex/latex/latexconfig/epstopdf-sys.cfg
File: epstopdf-sys.cfg 2010/07/13 v1.3 Configuration of (r)epstopdf for TeX Liv
e
))
LaTeX Font Info:    Font shape `OT1/ppl/bx/n' in size <24.88> not available
(Font)              Font shape `OT1/ppl/b/n' tried instead on input line 44.

(/usr/share/texlive/texmf-dist/tex/latex/ucs/data/uni-0.def
File: uni-0.def 2013/05/13 UCS: Unicode data U+0000..U+00FF
)
LaTeX Font Info:    Font shape `OT1/ppl/bx/n' in size <12> not available
(Font)              Font shape `OT1/ppl/b/n' tried instead on input line 46.

(/usr/share/texlive/texmf-dist/tex/latex/ucs/data/uni-1.def
File: uni-1.def 2013/05/13 UCS: Unicode data U+0100..U+01FF
) [1


{/var/lib/texmf/fonts/map/pdftex/updmap/pdftex.map}]
(./dokumentacia_multicast_isis_vachalik_sisila.toc
LaTeX Font Info:    External font `cmex10' loaded for size
(Font)              <12> on input line 3.
LaTeX Font Info:    External font `cmex10' loaded for size
(Font)              <8> on input line 3.
LaTeX Font Info:    External font `cmex10' loaded for size
(Font)              <6> on input line 3.
)
\tf@toc=\write3
\openout3 = `dokumentacia_multicast_isis_vachalik_sisila.toc'.

 [2

]
LaTeX Font Info:    Font shape `OT1/ppl/bx/n' in size <17.28> not available
(Font)              Font shape `OT1/ppl/b/n' tried instead on input line 51.

<obr/mcast_isis_topo.png, id=11, 566.71725pt x 448.074pt>
File: obr/mcast_isis_topo.png Graphic file (type png)

<use obr/mcast_isis_topo.png>
Package pdftex.def Info: obr/mcast_isis_topo.png used on input line 57.
(pdftex.def)             Requested size: 341.43306pt x 269.9609pt.

Overfull \hbox (25.13855pt too wide) in paragraph at lines 68--101
 [][] 
 []

[3 <./obr/mcast_isis_topo.png>]
LaTeX Font Info:    Font shape `OT1/ppl/bx/n' in size <14.4> not available
(Font)              Font shape `OT1/ppl/b/n' tried instead on input line 109.

(/usr/share/texlive/texmf-dist/tex/latex/ucs/data/uni-32.def
File: uni-32.def 2013/05/13 UCS: Unicode data U+2000..U+20FF
)
LaTeX Font Info:    Try loading font information for OT1+qcr on input line 120.


(/usr/share/texmf/tex/latex/tex-gyre/ot1qcr.fd
File: ot1qcr.fd 2009/09/25 v1.2 font definition file for OT1/qcr
)
Underfull \vbox (badness 1292) has occurred while \output is active []

 [4]
LaTeX Font Info:    Try loading font information for OT1+pcr on input line 122.


(/usr/share/texlive/texmf-dist/tex/latex/psnfss/ot1pcr.fd
File: ot1pcr.fd 2001/06/04 font definitions for OT1/pcr.
) [5]
Underfull \vbox (badness 10000) has occurred while \output is active []

 [6]
Underfull \vbox (badness 10000) has occurred while \output is active []

 [7]
Underfull \vbox (badness 10000) has occurred while \output is active []

 [8]
Underfull \vbox (badness 10000) has occurred while \output is active []

 [9]
Underfull \vbox (badness 10000) has occurred while \output is active []

 [10]
Underfull \vbox (badness 10000) has occurred while \output is active []

 [11]
Underfull \vbox (badness 10000) has occurred while \output is active []

 [12]
Underfull \vbox (badness 10000) has occurred while \output is active []

 [13]
Overfull \hbox (6.82814pt too wide) in paragraph at lines 609--609
[]\OT1/pcr/m/n/10.95 Sending 1, 100-byte ICMP Echos to 239.0.0.1, timeout is 2 
seconds:[] 
 []


Overfull \hbox (0.25815pt too wide) in paragraph at lines 620--620
[]\OT1/pcr/m/n/10.95 Address          Interface         Ver/   Nbr    Query  DR
     DR[] 
 []


Overfull \hbox (72.52806pt too wide) in paragraph at lines 622--622
[]\OT1/pcr/m/n/10.95 10.255.255.88    Loopback1         v2/D   0      30     1 
     10.255.255.88[] 
 []


Overfull \hbox (46.2481pt too wide) in paragraph at lines 623--623
[]\OT1/pcr/m/n/10.95 10.1.38.8        FastEthernet0/0   v2/D   1      30     1 
     10.1.38.8[] 
 []


Overfull \hbox (46.2481pt too wide) in paragraph at lines 624--624
[]\OT1/pcr/m/n/10.95 10.1.89.8        FastEthernet0/1   v2/D   1      30     1 
     10.1.89.9[] 
 []


Overfull \hbox (65.95807pt too wide) in paragraph at lines 625--625
[]\OT1/pcr/m/n/10.95 10.255.255.8     Loopback0         v2/D   0      30     1 
     10.255.255.8[] 
 []


Overfull \hbox (6.9081pt too wide) in paragraph at lines 636--637
\OT1/ppl/m/n/12 ``DENSE'' m[]odu, ne-zahl-cuje siet[] spr[]avami na od-po-je-ni
e od sku-piny (tzv. ``PRUNE''
 []


Underfull \vbox (badness 3884) has occurred while \output is active []

 [14]
[15]
Underfull \vbox (badness 10000) has occurred while \output is active []

 [16]
Overfull \hbox (6.82814pt too wide) in paragraph at lines 784--784
[]\OT1/pcr/m/n/10.95 Sending 1, 100-byte ICMP Echos to 239.0.0.1, timeout is 2 
seconds:[] 
 []

[17]
Overfull \hbox (19.96812pt too wide) in paragraph at lines 799--799
[]\OT1/pcr/m/n/10.95 Address          Interface            Ver/   Nbr    Query 
 DR     DR[] 
 []


Overfull \hbox (65.95807pt too wide) in paragraph at lines 801--801
[]\OT1/pcr/m/n/10.95 10.1.38.3        FastEthernet0/0      v2/S   1      30    
 1      10.1.38.8[] 
 []


Overfull \hbox (65.95807pt too wide) in paragraph at lines 802--802
[]\OT1/pcr/m/n/10.95 10.1.23.3        FastEthernet0/1.23   v2/S   1      30    
 1      10.1.23.3[] 
 []


Overfull \hbox (65.95807pt too wide) in paragraph at lines 803--803
[]\OT1/pcr/m/n/10.95 10.1.34.3        FastEthernet0/1.34   v2/S   1      30    
 1      10.1.34.4[] 
 []


Overfull \hbox (85.66805pt too wide) in paragraph at lines 804--804
[]\OT1/pcr/m/n/10.95 10.255.255.3     Loopback0            v2/S   0      30    
 1      10.255.255.3[] 
 []

LaTeX Font Info:    Font shape `OT1/pcr/bx/n' in size <10.95> not available
(Font)              Font shape `OT1/pcr/b/n' tried instead on input line 807.

Overfull \hbox (33.10811pt too wide) in paragraph at lines 807--807
[]\OT1/pcr/m/n/10.95 Group: 239.0.0.1, \OT1/pcr/b/n/10.95 RP: 10.255.255.3\OT1/
pcr/m/n/10.95 , v2, uptime 00:06:22, expires never[] 
 []


Overfull \hbox (39.6781pt too wide) in paragraph at lines 808--808
[]\OT1/pcr/m/n/10.95 Group: 224.0.1.40, \OT1/pcr/b/n/10.95 RP: 10.255.255.3\OT1
/pcr/m/n/10.95 , v2, uptime 00:07:07, expires never[] 
 []


Overfull \hbox (59.38808pt too wide) in paragraph at lines 813--813
[]\OT1/pcr/m/n/10.95 Group Address  Interface         Uptime    Expires   Last 
Reporter   Group[] 
 []


Overfull \hbox (85.66805pt too wide) in paragraph at lines 814--814
[]                                                                     \OT1/pcr
/m/n/10.95 Accounted[] 
 []


Overfull \hbox (8.93724pt too wide) in paragraph at lines 822--823
\OT1/ppl/m/n/12 piny prich[]adzali od-po-vede od kli-en-tov 10.1.38.8 (R8) a 10
.2.67.6 (R6). V[]ypis pr[]^^Pkazu
 []

[18]
Underfull \vbox (badness 10000) has occurred while \output is active []

 [19]
Underfull \vbox (badness 10000) has occurred while \output is active []

 [20]
Overfull \hbox (6.82814pt too wide) in paragraph at lines 977--977
[]\OT1/pcr/m/n/10.95 Sending 1, 100-byte ICMP Echos to 239.0.0.1, timeout is 2 
seconds:[] 
 []


Overfull \hbox (65.95807pt too wide) in paragraph at lines 983--983
[]\OT1/pcr/m/n/10.95 ----------------------------------------------------------
-----------------[] 
 []


Overfull \hbox (52.81808pt too wide) in paragraph at lines 987--987
[]\OT1/pcr/m/n/10.95 Group: 239.0.0.1, RP: 10.255.255.3, v2, uptime 00:04:27, e
xpires 00:02:19[] 
 []


Overfull \hbox (65.95807pt too wide) in paragraph at lines 990--990
[]\OT1/pcr/m/n/10.95 ----------------------------------------------------------
-----------------[] 
 []


Overfull \hbox (19.96812pt too wide) in paragraph at lines 995--995
[]\OT1/pcr/m/n/10.95 Address          Interface            Ver/   Nbr    Query 
 DR     DR[] 
 []


Overfull \hbox (65.95807pt too wide) in paragraph at lines 997--997
[]\OT1/pcr/m/n/10.95 10.1.49.4        FastEthernet0/0      v2/SD  1      30    
 1      10.1.49.9[] 
 []


Overfull \hbox (65.95807pt too wide) in paragraph at lines 998--998
[]\OT1/pcr/m/n/10.95 10.1.24.4        FastEthernet0/1.24   v2/SD  1      30    
 1      10.1.24.4[] 
 []


Overfull \hbox (65.95807pt too wide) in paragraph at lines 999--999
[]\OT1/pcr/m/n/10.95 10.1.34.4        FastEthernet0/1.34   v2/SD  1      30    
 1      10.1.34.4[] 
 []


Overfull \hbox (52.81808pt too wide) in paragraph at lines 1000--1000
[]\OT1/pcr/m/n/10.95 10.1.104.4       Serial1/0            v2/SD  1      30    
 1      0.0.0.0[] 
 []


Overfull \hbox (85.66805pt too wide) in paragraph at lines 1001--1001
[]\OT1/pcr/m/n/10.95 10.255.255.4     Loopback0            v2/SD  0      30    
 1      10.255.255.4[] 
 []

[21]
Overfull \hbox (65.95807pt too wide) in paragraph at lines 1004--1004
[]\OT1/pcr/m/n/10.95 ----------------------------------------------------------
-----------------[] 
 []


Overfull \hbox (52.81808pt too wide) in paragraph at lines 1009--1009
[]\OT1/pcr/m/n/10.95 Group Address  Interface        Uptime    Expires   Last R
eporter   Group[] 
 []


Overfull \hbox (79.09805pt too wide) in paragraph at lines 1010--1010
[]                                                                    \OT1/pcr/
m/n/10.95 Accounted[] 
 []


Overfull \hbox (65.95807pt too wide) in paragraph at lines 1015--1015
[]\OT1/pcr/m/n/10.95 ----------------------------------------------------------
-----------------[] 
 []


Overfull \hbox (65.95807pt too wide) in paragraph at lines 1034--1034
[]\OT1/pcr/m/n/10.95 ----------------------------------------------------------
-----------------[] 
 []


Overfull \hbox (59.38808pt too wide) in paragraph at lines 1046--1046
[]  \OT1/pcr/m/n/10.95 Source        Response Dest   Packet Statistics For     
Only For Traffic[] 
 []


Overfull \hbox (59.38808pt too wide) in paragraph at lines 1047--1047
[]\OT1/pcr/m/n/10.95 10.100.15.5     10.2.67.6       All Multicast Traffic     
From 10.100.15.5[] 
 []


Overfull \hbox (39.6781pt too wide) in paragraph at lines 1048--1048
[]     \OT1/pcr/m/n/10.95 |       __/  rtt 87   ms   Lost/Sent = Pct  Rate     
To 224.0.1.40[] 
 []


Overfull \hbox (85.66805pt too wide) in paragraph at lines 1049--1049
[]     \OT1/pcr/m/n/10.95 v      /     hop 87   ms   ---------------------     
--------------------[] 
 []


Overfull \hbox (52.81808pt too wide) in paragraph at lines 1053--1053
[]     \OT1/pcr/m/n/10.95 v     |      hop -8   s     0/0 = --%      0 pps    0
/0 = --%  0 pps[] 
 []


Overfull \hbox (52.81808pt too wide) in paragraph at lines 1057--1057
[]     \OT1/pcr/m/n/10.95 v     |      hop 2576 ms    0/0 = --%      0 pps    0
/0 = --%  0 pps[] 
 []


Overfull \hbox (52.81808pt too wide) in paragraph at lines 1061--1061
[]     \OT1/pcr/m/n/10.95 v     |      hop 15   s     0/0 = --%      0 pps    0
/0 = --%  0 pps[] 
 []

[22]
Overfull \hbox (52.81808pt too wide) in paragraph at lines 1065--1065
[]     \OT1/pcr/m/n/10.95 v     |      hop -8   s     0/0 = --%      0 pps    0
/0 = --%  0 pps[] 
 []


Overfull \hbox (52.81808pt too wide) in paragraph at lines 1069--1069
[]     \OT1/pcr/m/n/10.95 v     |      hop -1   s     0/0 = --%      0 pps    0
/0 = --%  0 pps[] 
 []


Overfull \hbox (46.2481pt too wide) in paragraph at lines 1072--1072
[]     \OT1/pcr/m/n/10.95 v           hop 0    ms        0         0 pps       
    0    0 pps[] 
 []


Overfull \hbox (6.5973pt too wide) in paragraph at lines 1091--1092
\OT1/ppl/m/n/12 Vypli sme linku ``Fa0/1.23'' me-dzi R2 a R3 zme-nou IP ad-resy 
na chybn[]u (z 10.1.23.3
 []


Overfull \hbox (46.2481pt too wide) in paragraph at lines 1103--1103
[]\OT1/pcr/m/n/10.95 *Mar  2 23:53:39.844: %PIM-5-DRCHG: DR change from neighbo
r 10.1.23.3 to 
 []

[23]
Overfull \hbox (72.52806pt too wide) in paragraph at lines 1126--1126
[]\OT1/pcr/m/n/10.95 Sending 10000000, 100-byte ICMP Echos to 10.255.255.8, tim
eout is 1 seconds:[] 
 []


Overfull \hbox (33.10811pt too wide) in paragraph at lines 1127--1127
[]\OT1/pcr/m/n/10.95 !!!!!!!!!!!!!!!!!!!!!!!!!!!!!!!!!!!!!!!!!!!!!!!!!!!!!!!!!!
!!!!!!!!!!!![] 
 []


Overfull \hbox (33.10811pt too wide) in paragraph at lines 1128--1128
[]\OT1/pcr/m/n/10.95 !!!!!!!!!!!!!!!..............!!!!!!!!!!!!!!!!!!!!!!!!!!!!!
!!!!!!!!!!!![] 
 []


Overfull \hbox (65.95807pt too wide) in paragraph at lines 1130--1130
[]\OT1/pcr/m/n/10.95 Success rate is 98 percent (770/785), round-trip min/avg/m
ax = 56/81/112 ms[] 
 []


Overfull \hbox (39.6781pt too wide) in paragraph at lines 1143--1143
[]\OT1/pcr/m/n/10.95 *Mar  5 23:05:28.230: %PIM-5-NBRCHG: neighbor 10.1.23.3 UP
 on interface 
 []


Overfull \hbox (33.10811pt too wide) in paragraph at lines 1144--1144
[]\OT1/pcr/m/n/10.95 *Mar  5 23:05:28.282: %PIM-5-DRCHG: DR change from neighbo
r 0.0.0.0 to 
 []


Overfull \hbox (59.38808pt too wide) in paragraph at lines 1159--1159
[]    \OT1/pcr/m/n/10.95 Info source: 10.255.255.9 (?), via bootstrap, priority
 0, holdtime 150[] 
 []

[24] (./dokumentacia_multicast_isis_vachalik_sisila.aux) ) 
Here is how much of TeX's memory you used:
 5081 strings out of 493105
 68028 string characters out of 6137072
 149864 words of memory out of 5000000
 8433 multiletter control sequences out of 15000+600000
 15885 words of font info for 45 fonts, out of 8000000 for 9000
 1141 hyphenation exceptions out of 8191
 37i,10n,24p,1055b,539s stack positions out of 5000i,500n,10000p,200000b,80000s
{/usr/share/texlive/t
exmf-dist/fonts/enc/dvips/base/8r.enc}</usr/share/texlive/texmf-dist/fonts/type
1/urw/courier/ucrb8a.pfb></usr/share/texlive/texmf-dist/fonts/type1/urw/courier
/ucrr8a.pfb></usr/share/texlive/texmf-dist/fonts/type1/urw/palatino/uplb8a.pfb>
</usr/share/texlive/texmf-dist/fonts/type1/urw/palatino/uplr8a.pfb></usr/share/
texlive/texmf-dist/fonts/type1/urw/palatino/uplri8a.pfb>
Output written on dokumentacia_multicast_isis_vachalik_sisila.pdf (24 pages, 15
2079 bytes).
PDF statistics:
 103 PDF objects out of 1000 (max. 8388607)
 70 compressed objects within 1 object stream
 0 named destinations out of 1000 (max. 500000)
 6 words of extra memory for PDF output out of 10000 (max. 10000000)

